--------------- Clean Started: 06/02/2017 14:28:04 Project: cfp_reader, Configuration: ARM GCC 4.9-2015-q1-update Debug ---------------
Deleting file ".\CortexM3\ARM_GCC_493\Debug\main.o"
Deleting file ".\CortexM3\ARM_GCC_493\Debug\cyfitter_cfg.o"
Deleting file ".\CortexM3\ARM_GCC_493\Debug\cymetadata.o"
Deleting file ".\CortexM3\ARM_GCC_493\Debug\MDIO_M.o"
Deleting file ".\CortexM3\ARM_GCC_493\Debug\MDC_M.o"
Deleting file ".\CortexM3\ARM_GCC_493\Debug\Cm3Start.o"
Deleting file ".\CortexM3\ARM_GCC_493\Debug\CyBootAsmGnu.o"
Deleting file ".\CortexM3\ARM_GCC_493\Debug\CyDmac.o"
Deleting file ".\CortexM3\ARM_GCC_493\Debug\CyFlash.o"
Deleting file ".\CortexM3\ARM_GCC_493\Debug\CyLib.o"
Deleting file ".\CortexM3\ARM_GCC_493\Debug\cyPm.o"
Deleting file ".\CortexM3\ARM_GCC_493\Debug\CySpc.o"
Deleting file ".\CortexM3\ARM_GCC_493\Debug\cyutils.o"
Deleting file ".\CortexM3\ARM_GCC_493\Debug\Clock_2.o"
Deleting file ".\CortexM3\ARM_GCC_493\Debug\PWM_1.o"
Deleting file ".\CortexM3\ARM_GCC_493\Debug\PWM_1_PM.o"
Deleting file ".\CortexM3\ARM_GCC_493\Debug\LED_1.o"
Deleting file ".\CortexM3\ARM_GCC_493\Debug\LED_2.o"
Deleting file ".\CortexM3\ARM_GCC_493\Debug\USBUART_1.o"
Deleting file ".\CortexM3\ARM_GCC_493\Debug\USBUART_1_audio.o"
Deleting file ".\CortexM3\ARM_GCC_493\Debug\USBUART_1_boot.o"
Deleting file ".\CortexM3\ARM_GCC_493\Debug\USBUART_1_cdc.o"
Deleting file ".\CortexM3\ARM_GCC_493\Debug\USBUART_1_cls.o"
Deleting file ".\CortexM3\ARM_GCC_493\Debug\USBUART_1_descr.o"
Deleting file ".\CortexM3\ARM_GCC_493\Debug\USBUART_1_drv.o"
Deleting file ".\CortexM3\ARM_GCC_493\Debug\USBUART_1_episr.o"
Deleting file ".\CortexM3\ARM_GCC_493\Debug\USBUART_1_hid.o"
Deleting file ".\CortexM3\ARM_GCC_493\Debug\USBUART_1_pm.o"
Deleting file ".\CortexM3\ARM_GCC_493\Debug\USBUART_1_std.o"
Deleting file ".\CortexM3\ARM_GCC_493\Debug\USBUART_1_vnd.o"
Deleting file ".\CortexM3\ARM_GCC_493\Debug\USBUART_1_midi.o"
Deleting file ".\CortexM3\ARM_GCC_493\Debug\USBUART_1_msc.o"
Deleting file ".\CortexM3\ARM_GCC_493\Debug\USBUART_1_Dm.o"
Deleting file ".\CortexM3\ARM_GCC_493\Debug\USBUART_1_Dp.o"
Deleting file ".\CortexM3\ARM_GCC_493\Debug\PWM_2.o"
Deleting file ".\CortexM3\ARM_GCC_493\Debug\PWM_2_PM.o"
Deleting file ".\CortexM3\ARM_GCC_493\Debug\MDIO_host_2_my.o"
Deleting file ".\CortexM3\ARM_GCC_493\Debug\ISR.o"
Deleting file ".\CortexM3\ARM_GCC_493\Debug\Clock_1.o"
Deleting file ".\CortexM3\ARM_GCC_493\Debug\LED_3.o"
Deleting file ".\CortexM3\ARM_GCC_493\Debug\SDA_1.o"
Deleting file ".\CortexM3\ARM_GCC_493\Debug\SCL_1.o"
Deleting file ".\CortexM3\ARM_GCC_493\Debug\LED_4.o"
Deleting file ".\CortexM3\ARM_GCC_493\Debug\MOD_ABS.o"
Deleting file ".\CortexM3\ARM_GCC_493\Debug\MOD_RST.o"
Deleting file ".\CortexM3\ARM_GCC_493\Debug\MOD_GALM.o"
Deleting file ".\CortexM3\ARM_GCC_493\Debug\MOD_RX_LOS.o"
Deleting file ".\CortexM3\ARM_GCC_493\Debug\I_PRG_CNTL.o"
Deleting file ".\CortexM3\ARM_GCC_493\Debug\O_ALM.o"
Deleting file ".\CortexM3\ARM_GCC_493\Debug\cfp_reader.hex"
Deleting file ".\CortexM3\ARM_GCC_493\Debug\cfp_reader.elf"
Deleting file ".\CortexM3\ARM_GCC_493\Debug\cfp_reader.map"
Deleting file ".\cfp_reader.cycdx"
Deleting file ".\cfp_reader.svd"
Deleting file ".\cfp_reader.rpt"
Deleting file ".\cfp_reader_timing.html"
Deleting file ".\CortexM3\ARM_GCC_493\Debug\.deps\SOURCE_C__ARM_GCC_GENERIC.P"
Deleting file ".\CortexM3\ARM_GCC_493\Debug\.deps\SOURCE_ASM__ARM_GCC_GENERIC.P"
--------------- Clean Succeeded: 06/02/2017 14:28:04 ---------------
