ARM GAS  C:\Users\kopusov.FT\AppData\Local\Temp\ccwNLcYB.s 			page 1


   1              		.syntax unified
   2              		.cpu cortex-m3
   3              		.fpu softvfp
   4              		.eabi_attribute 20, 1
   5              		.eabi_attribute 21, 1
   6              		.eabi_attribute 23, 3
   7              		.eabi_attribute 24, 1
   8              		.eabi_attribute 25, 1
   9              		.eabi_attribute 26, 1
  10              		.eabi_attribute 30, 1
  11              		.eabi_attribute 34, 1
  12              		.eabi_attribute 18, 4
  13              		.thumb
  14              		.file	"cymetadata.c"
  15              		.text
  16              	.Ltext0:
  17              		.cfi_sections	.debug_frame
  18              		.global	cy_metadata
  19              		.global	cy_meta_flashprotect
  20              		.global	cy_meta_wonvl
  21              		.global	cy_meta_custnvl
  22              		.global	cy_meta_configecc
  23              		.section	.cyconfigecc,"a",%progbits
  24              		.align	2
  25              		.type	cy_meta_configecc, %object
  26              		.size	cy_meta_configecc, 1064
  27              	cy_meta_configecc:
  28 0000 01       		.byte	1
  29 0001 45       		.byte	69
  30 0002 00       		.byte	0
  31 0003 40       		.byte	64
  32 0004 02       		.byte	2
  33 0005 4F       		.byte	79
  34 0006 00       		.byte	0
  35 0007 40       		.byte	64
  36 0008 06       		.byte	6
  37 0009 52       		.byte	82
  38 000a 00       		.byte	0
  39 000b 40       		.byte	64
  40 000c 01       		.byte	1
  41 000d 65       		.byte	101
  42 000e 00       		.byte	0
  43 000f 40       		.byte	64
  44 0010 01       		.byte	1
  45 0011 01       		.byte	1
  46 0012 01       		.byte	1
  47 0013 40       		.byte	64
  48 0014 03       		.byte	3
  49 0015 03       		.byte	3
  50 0016 01       		.byte	1
  51 0017 40       		.byte	64
  52 0018 03       		.byte	3
  53 0019 05       		.byte	5
  54 001a 01       		.byte	1
  55 001b 40       		.byte	64
  56 001c 6F       		.byte	111
  57 001d 06       		.byte	6
ARM GAS  C:\Users\kopusov.FT\AppData\Local\Temp\ccwNLcYB.s 			page 2


  58 001e 01       		.byte	1
  59 001f 40       		.byte	64
  60 0020 37       		.byte	55
  61 0021 07       		.byte	7
  62 0022 01       		.byte	1
  63 0023 40       		.byte	64
  64 0024 04       		.byte	4
  65 0025 08       		.byte	8
  66 0026 01       		.byte	1
  67 0027 40       		.byte	64
  68 0028 01       		.byte	1
  69 0029 09       		.byte	9
  70 002a 01       		.byte	1
  71 002b 40       		.byte	64
  72 002c 02       		.byte	2
  73 002d 0D       		.byte	13
  74 002e 01       		.byte	1
  75 002f 40       		.byte	64
  76 0030 08       		.byte	8
  77 0031 15       		.byte	21
  78 0032 01       		.byte	1
  79 0033 40       		.byte	64
  80 0034 67       		.byte	103
  81 0035 16       		.byte	22
  82 0036 01       		.byte	1
  83 0037 40       		.byte	64
  84 0038 4A       		.byte	74
  85 0039 17       		.byte	23
  86 003a 01       		.byte	1
  87 003b 40       		.byte	64
  88 003c 02       		.byte	2
  89 003d 19       		.byte	25
  90 003e 01       		.byte	1
  91 003f 40       		.byte	64
  92 0040 09       		.byte	9
  93 0041 40       		.byte	64
  94 0042 01       		.byte	1
  95 0043 40       		.byte	64
  96 0044 0C       		.byte	12
  97 0045 41       		.byte	65
  98 0046 01       		.byte	1
  99 0047 40       		.byte	64
 100 0048 05       		.byte	5
 101 0049 42       		.byte	66
 102 004a 01       		.byte	1
 103 004b 40       		.byte	64
 104 004c 03       		.byte	3
 105 004d 43       		.byte	67
 106 004e 01       		.byte	1
 107 004f 40       		.byte	64
 108 0050 03       		.byte	3
 109 0051 45       		.byte	69
 110 0052 01       		.byte	1
 111 0053 40       		.byte	64
 112 0054 03       		.byte	3
 113 0055 46       		.byte	70
 114 0056 01       		.byte	1
ARM GAS  C:\Users\kopusov.FT\AppData\Local\Temp\ccwNLcYB.s 			page 3


 115 0057 40       		.byte	64
 116 0058 07       		.byte	7
 117 0059 47       		.byte	71
 118 005a 01       		.byte	1
 119 005b 40       		.byte	64
 120 005c 04       		.byte	4
 121 005d 48       		.byte	72
 122 005e 01       		.byte	1
 123 005f 40       		.byte	64
 124 0060 0D       		.byte	13
 125 0061 49       		.byte	73
 126 0062 01       		.byte	1
 127 0063 40       		.byte	64
 128 0064 04       		.byte	4
 129 0065 4C       		.byte	76
 130 0066 01       		.byte	1
 131 0067 40       		.byte	64
 132 0068 04       		.byte	4
 133 0069 50       		.byte	80
 134 006a 01       		.byte	1
 135 006b 40       		.byte	64
 136 006c 02       		.byte	2
 137 006d 51       		.byte	81
 138 006e 01       		.byte	1
 139 006f 40       		.byte	64
 140 0070 7E       		.byte	126
 141 0071 02       		.byte	2
 142 0072 01       		.byte	1
 143 0073 10       		.byte	16
 144 0074 0A       		.byte	10
 145 0075 1B       		.byte	27
 146 0076 01       		.byte	1
 147 0077 10       		.byte	16
 148 0078 0C       		.byte	12
 149 0079 40       		.byte	64
 150 007a 1C       		.byte	28
 151 007b C0       		.byte	-64
 152 007c 60       		.byte	96
 153 007d 01       		.byte	1
 154 007e 64       		.byte	100
 155 007f 01       		.byte	1
 156 0080 7C       		.byte	124
 157 0081 40       		.byte	64
 158 0082 86       		.byte	-122
 159 0083 7F       		.byte	127
 160 0084 82       		.byte	-126
 161 0085 01       		.byte	1
 162 0086 A6       		.byte	-90
 163 0087 01       		.byte	1
 164 0088 E2       		.byte	-30
 165 0089 08       		.byte	8
 166 008a E6       		.byte	-26
 167 008b 0A       		.byte	10
 168 008c 8D       		.byte	-115
 169 008d 04       		.byte	4
 170 008e A6       		.byte	-90
 171 008f 01       		.byte	1
ARM GAS  C:\Users\kopusov.FT\AppData\Local\Temp\ccwNLcYB.s 			page 4


 172 0090 E6       		.byte	-26
 173 0091 40       		.byte	64
 174 0092 03       		.byte	3
 175 0093 01       		.byte	1
 176 0094 04       		.byte	4
 177 0095 02       		.byte	2
 178 0096 08       		.byte	8
 179 0097 50       		.byte	80
 180 0098 0C       		.byte	12
 181 0099 50       		.byte	80
 182 009a 0D       		.byte	13
 183 009b 08       		.byte	8
 184 009c 0F       		.byte	15
 185 009d 04       		.byte	4
 186 009e 10       		.byte	16
 187 009f 02       		.byte	2
 188 00a0 12       		.byte	18
 189 00a1 C8       		.byte	-56
 190 00a2 15       		.byte	21
 191 00a3 04       		.byte	4
 192 00a4 16       		.byte	22
 193 00a5 50       		.byte	80
 194 00a6 17       		.byte	23
 195 00a7 08       		.byte	8
 196 00a8 18       		.byte	24
 197 00a9 01       		.byte	1
 198 00aa 1A       		.byte	26
 199 00ab 04       		.byte	4
 200 00ac 1C       		.byte	28
 201 00ad A0       		.byte	-96
 202 00ae 20       		.byte	32
 203 00af 50       		.byte	80
 204 00b0 24       		.byte	36
 205 00b1 50       		.byte	80
 206 00b2 27       		.byte	39
 207 00b3 02       		.byte	2
 208 00b4 28       		.byte	40
 209 00b5 50       		.byte	80
 210 00b6 2C       		.byte	44
 211 00b7 03       		.byte	3
 212 00b8 2E       		.byte	46
 213 00b9 3C       		.byte	60
 214 00ba 2F       		.byte	47
 215 00bb 03       		.byte	3
 216 00bc 33       		.byte	51
 217 00bd 0C       		.byte	12
 218 00be 34       		.byte	52
 219 00bf FF       		.byte	-1
 220 00c0 35       		.byte	53
 221 00c1 02       		.byte	2
 222 00c2 37       		.byte	55
 223 00c3 01       		.byte	1
 224 00c4 38       		.byte	56
 225 00c5 20       		.byte	32
 226 00c6 3F       		.byte	63
 227 00c7 04       		.byte	4
 228 00c8 40       		.byte	64
ARM GAS  C:\Users\kopusov.FT\AppData\Local\Temp\ccwNLcYB.s 			page 5


 229 00c9 50       		.byte	80
 230 00ca 41       		.byte	65
 231 00cb 02       		.byte	2
 232 00cc 46       		.byte	70
 233 00cd 10       		.byte	16
 234 00ce 47       		.byte	71
 235 00cf 02       		.byte	2
 236 00d0 48       		.byte	72
 237 00d1 18       		.byte	24
 238 00d2 49       		.byte	73
 239 00d3 FF       		.byte	-1
 240 00d4 4A       		.byte	74
 241 00d5 FF       		.byte	-1
 242 00d6 4B       		.byte	75
 243 00d7 FF       		.byte	-1
 244 00d8 4D       		.byte	77
 245 00d9 A0       		.byte	-96
 246 00da 4F       		.byte	79
 247 00db 04       		.byte	4
 248 00dc 50       		.byte	80
 249 00dd 18       		.byte	24
 250 00de 58       		.byte	88
 251 00df 04       		.byte	4
 252 00e0 59       		.byte	89
 253 00e1 04       		.byte	4
 254 00e2 5A       		.byte	90
 255 00e3 04       		.byte	4
 256 00e4 5C       		.byte	92
 257 00e5 10       		.byte	16
 258 00e6 5D       		.byte	93
 259 00e7 01       		.byte	1
 260 00e8 5F       		.byte	95
 261 00e9 01       		.byte	1
 262 00ea 60       		.byte	96
 263 00eb 40       		.byte	64
 264 00ec 62       		.byte	98
 265 00ed C0       		.byte	-64
 266 00ee 64       		.byte	100
 267 00ef 40       		.byte	64
 268 00f0 65       		.byte	101
 269 00f1 40       		.byte	64
 270 00f2 66       		.byte	102
 271 00f3 C0       		.byte	-64
 272 00f4 68       		.byte	104
 273 00f5 C0       		.byte	-64
 274 00f6 6A       		.byte	106
 275 00f7 C0       		.byte	-64
 276 00f8 6C       		.byte	108
 277 00f9 C0       		.byte	-64
 278 00fa 6E       		.byte	110
 279 00fb C0       		.byte	-64
 280 00fc 80       		.byte	-128
 281 00fd 09       		.byte	9
 282 00fe 81       		.byte	-127
 283 00ff 0B       		.byte	11
 284 0100 82       		.byte	-126
 285 0101 12       		.byte	18
ARM GAS  C:\Users\kopusov.FT\AppData\Local\Temp\ccwNLcYB.s 			page 6


 286 0102 83       		.byte	-125
 287 0103 04       		.byte	4
 288 0104 84       		.byte	-124
 289 0105 0C       		.byte	12
 290 0106 85       		.byte	-123
 291 0107 09       		.byte	9
 292 0108 87       		.byte	-121
 293 0109 06       		.byte	6
 294 010a 88       		.byte	-120
 295 010b 0C       		.byte	12
 296 010c 89       		.byte	-119
 297 010d 01       		.byte	1
 298 010e 8C       		.byte	-116
 299 010f 04       		.byte	4
 300 0110 8D       		.byte	-115
 301 0111 0C       		.byte	12
 302 0112 90       		.byte	-112
 303 0113 0C       		.byte	12
 304 0114 93       		.byte	-109
 305 0115 0C       		.byte	12
 306 0116 94       		.byte	-108
 307 0117 11       		.byte	17
 308 0118 97       		.byte	-105
 309 0119 02       		.byte	2
 310 011a 98       		.byte	-104
 311 011b 09       		.byte	9
 312 011c 99       		.byte	-103
 313 011d 0C       		.byte	12
 314 011e 9A       		.byte	-102
 315 011f 16       		.byte	22
 316 0120 9C       		.byte	-100
 317 0121 0C       		.byte	12
 318 0122 9D       		.byte	-99
 319 0123 0C       		.byte	12
 320 0124 A0       		.byte	-96
 321 0125 0C       		.byte	12
 322 0126 A1       		.byte	-95
 323 0127 07       		.byte	7
 324 0128 A3       		.byte	-93
 325 0129 08       		.byte	8
 326 012a A4       		.byte	-92
 327 012b 08       		.byte	8
 328 012c A6       		.byte	-90
 329 012d 04       		.byte	4
 330 012e A7       		.byte	-89
 331 012f 0C       		.byte	12
 332 0130 A8       		.byte	-88
 333 0131 0C       		.byte	12
 334 0132 A9       		.byte	-87
 335 0133 0C       		.byte	12
 336 0134 AC       		.byte	-84
 337 0135 07       		.byte	7
 338 0136 AD       		.byte	-83
 339 0137 0C       		.byte	12
 340 0138 AE       		.byte	-82
 341 0139 08       		.byte	8
 342 013a B1       		.byte	-79
ARM GAS  C:\Users\kopusov.FT\AppData\Local\Temp\ccwNLcYB.s 			page 7


 343 013b 0F       		.byte	15
 344 013c B6       		.byte	-74
 345 013d 1F       		.byte	31
 346 013e C0       		.byte	-64
 347 013f 50       		.byte	80
 348 0140 C1       		.byte	-63
 349 0141 06       		.byte	6
 350 0142 C5       		.byte	-59
 351 0143 10       		.byte	16
 352 0144 C7       		.byte	-57
 353 0145 02       		.byte	2
 354 0146 C8       		.byte	-56
 355 0147 12       		.byte	18
 356 0148 C9       		.byte	-55
 357 0149 FF       		.byte	-1
 358 014a CA       		.byte	-54
 359 014b FF       		.byte	-1
 360 014c CB       		.byte	-53
 361 014d FF       		.byte	-1
 362 014e CD       		.byte	-51
 363 014f A0       		.byte	-96
 364 0150 CF       		.byte	-49
 365 0151 04       		.byte	4
 366 0152 D0       		.byte	-48
 367 0153 18       		.byte	24
 368 0154 D8       		.byte	-40
 369 0155 04       		.byte	4
 370 0156 D9       		.byte	-39
 371 0157 04       		.byte	4
 372 0158 DA       		.byte	-38
 373 0159 04       		.byte	4
 374 015a DD       		.byte	-35
 375 015b 01       		.byte	1
 376 015c DF       		.byte	-33
 377 015d 01       		.byte	1
 378 015e E0       		.byte	-32
 379 015f 40       		.byte	64
 380 0160 E2       		.byte	-30
 381 0161 C0       		.byte	-64
 382 0162 E4       		.byte	-28
 383 0163 40       		.byte	64
 384 0164 E5       		.byte	-27
 385 0165 40       		.byte	64
 386 0166 E6       		.byte	-26
 387 0167 C0       		.byte	-64
 388 0168 E8       		.byte	-24
 389 0169 C0       		.byte	-64
 390 016a EA       		.byte	-22
 391 016b C0       		.byte	-64
 392 016c EC       		.byte	-20
 393 016d C0       		.byte	-64
 394 016e EE       		.byte	-18
 395 016f C0       		.byte	-64
 396 0170 01       		.byte	1
 397 0171 50       		.byte	80
 398 0172 03       		.byte	3
 399 0173 94       		.byte	-108
ARM GAS  C:\Users\kopusov.FT\AppData\Local\Temp\ccwNLcYB.s 			page 8


 400 0174 04       		.byte	4
 401 0175 84       		.byte	-124
 402 0176 07       		.byte	7
 403 0177 04       		.byte	4
 404 0178 08       		.byte	8
 405 0179 40       		.byte	64
 406 017a 09       		.byte	9
 407 017b 01       		.byte	1
 408 017c 0A       		.byte	10
 409 017d 04       		.byte	4
 410 017e 0B       		.byte	11
 411 017f 24       		.byte	36
 412 0180 0C       		.byte	12
 413 0181 40       		.byte	64
 414 0182 0E       		.byte	14
 415 0183 04       		.byte	4
 416 0184 0F       		.byte	15
 417 0185 90       		.byte	-112
 418 0186 10       		.byte	16
 419 0187 80       		.byte	-128
 420 0188 12       		.byte	18
 421 0189 59       		.byte	89
 422 018a 13       		.byte	19
 423 018b 10       		.byte	16
 424 018c 16       		.byte	22
 425 018d 51       		.byte	81
 426 018e 17       		.byte	23
 427 018f 10       		.byte	16
 428 0190 18       		.byte	24
 429 0191 02       		.byte	2
 430 0192 1B       		.byte	27
 431 0193 C0       		.byte	-64
 432 0194 1C       		.byte	28
 433 0195 04       		.byte	4
 434 0196 1E       		.byte	30
 435 0197 08       		.byte	8
 436 0198 21       		.byte	33
 437 0199 01       		.byte	1
 438 019a 22       		.byte	34
 439 019b 02       		.byte	2
 440 019c 25       		.byte	37
 441 019d 44       		.byte	68
 442 019e 27       		.byte	39
 443 019f 08       		.byte	8
 444 01a0 2A       		.byte	42
 445 01a1 19       		.byte	25
 446 01a2 2B       		.byte	43
 447 01a3 01       		.byte	1
 448 01a4 2D       		.byte	45
 449 01a5 80       		.byte	-128
 450 01a6 2F       		.byte	47
 451 01a7 20       		.byte	32
 452 01a8 30       		.byte	48
 453 01a9 80       		.byte	-128
 454 01aa 31       		.byte	49
 455 01ab 08       		.byte	8
 456 01ac 32       		.byte	50
ARM GAS  C:\Users\kopusov.FT\AppData\Local\Temp\ccwNLcYB.s 			page 9


 457 01ad 01       		.byte	1
 458 01ae 33       		.byte	51
 459 01af 10       		.byte	16
 460 01b0 37       		.byte	55
 461 01b1 08       		.byte	8
 462 01b2 38       		.byte	56
 463 01b3 A2       		.byte	-94
 464 01b4 3B       		.byte	59
 465 01b5 24       		.byte	36
 466 01b6 3D       		.byte	61
 467 01b7 80       		.byte	-128
 468 01b8 3F       		.byte	63
 469 01b9 01       		.byte	1
 470 01ba 46       		.byte	70
 471 01bb 04       		.byte	4
 472 01bc 48       		.byte	72
 473 01bd 08       		.byte	8
 474 01be 4B       		.byte	75
 475 01bf 41       		.byte	65
 476 01c0 4D       		.byte	77
 477 01c1 80       		.byte	-128
 478 01c2 4F       		.byte	79
 479 01c3 40       		.byte	64
 480 01c4 50       		.byte	80
 481 01c5 08       		.byte	8
 482 01c6 56       		.byte	86
 483 01c7 04       		.byte	4
 484 01c8 57       		.byte	87
 485 01c9 20       		.byte	32
 486 01ca A5       		.byte	-91
 487 01cb 04       		.byte	4
 488 01cc A6       		.byte	-90
 489 01cd 01       		.byte	1
 490 01ce C0       		.byte	-64
 491 01cf EF       		.byte	-17
 492 01d0 C2       		.byte	-62
 493 01d1 FF       		.byte	-1
 494 01d2 C4       		.byte	-60
 495 01d3 FF       		.byte	-1
 496 01d4 CA       		.byte	-54
 497 01d5 5F       		.byte	95
 498 01d6 CC       		.byte	-52
 499 01d7 4F       		.byte	79
 500 01d8 CE       		.byte	-50
 501 01d9 9F       		.byte	-97
 502 01da D0       		.byte	-48
 503 01db 20       		.byte	32
 504 01dc D2       		.byte	-46
 505 01dd 1C       		.byte	28
 506 01de 38       		.byte	56
 507 01df 80       		.byte	-128
 508 01e0 3E       		.byte	62
 509 01e1 40       		.byte	64
 510 01e2 58       		.byte	88
 511 01e3 04       		.byte	4
 512 01e4 5F       		.byte	95
 513 01e5 01       		.byte	1
ARM GAS  C:\Users\kopusov.FT\AppData\Local\Temp\ccwNLcYB.s 			page 10


 514 01e6 1F       		.byte	31
 515 01e7 80       		.byte	-128
 516 01e8 E2       		.byte	-30
 517 01e9 08       		.byte	8
 518 01ea E6       		.byte	-26
 519 01eb 0A       		.byte	10
 520 01ec 87       		.byte	-121
 521 01ed 48       		.byte	72
 522 01ee 97       		.byte	-105
 523 01ef 80       		.byte	-128
 524 01f0 9F       		.byte	-97
 525 01f1 08       		.byte	8
 526 01f2 AB       		.byte	-85
 527 01f3 20       		.byte	32
 528 01f4 AC       		.byte	-84
 529 01f5 80       		.byte	-128
 530 01f6 AF       		.byte	-81
 531 01f7 10       		.byte	16
 532 01f8 B6       		.byte	-74
 533 01f9 40       		.byte	64
 534 01fa EE       		.byte	-18
 535 01fb 40       		.byte	64
 536 01fc 00       		.byte	0
 537 01fd 29       		.byte	41
 538 01fe 02       		.byte	2
 539 01ff 14       		.byte	20
 540 0200 05       		.byte	5
 541 0201 03       		.byte	3
 542 0202 06       		.byte	6
 543 0203 01       		.byte	1
 544 0204 09       		.byte	9
 545 0205 02       		.byte	2
 546 0206 0B       		.byte	11
 547 0207 01       		.byte	1
 548 0208 0C       		.byte	12
 549 0209 27       		.byte	39
 550 020a 0D       		.byte	13
 551 020b 01       		.byte	1
 552 020c 0E       		.byte	14
 553 020d 18       		.byte	24
 554 020e 0F       		.byte	15
 555 020f 02       		.byte	2
 556 0210 12       		.byte	18
 557 0211 0E       		.byte	14
 558 0212 14       		.byte	20
 559 0213 28       		.byte	40
 560 0214 16       		.byte	22
 561 0215 13       		.byte	19
 562 0216 1D       		.byte	29
 563 0217 02       		.byte	2
 564 0218 1F       		.byte	31
 565 0219 01       		.byte	1
 566 021a 30       		.byte	48
 567 021b 0E       		.byte	14
 568 021c 32       		.byte	50
 569 021d 20       		.byte	32
 570 021e 33       		.byte	51
ARM GAS  C:\Users\kopusov.FT\AppData\Local\Temp\ccwNLcYB.s 			page 11


 571 021f 03       		.byte	3
 572 0220 34       		.byte	52
 573 0221 01       		.byte	1
 574 0222 36       		.byte	54
 575 0223 10       		.byte	16
 576 0224 38       		.byte	56
 577 0225 02       		.byte	2
 578 0226 39       		.byte	57
 579 0227 08       		.byte	8
 580 0228 3E       		.byte	62
 581 0229 44       		.byte	68
 582 022a 40       		.byte	64
 583 022b 65       		.byte	101
 584 022c 41       		.byte	65
 585 022d 04       		.byte	4
 586 022e 44       		.byte	68
 587 022f 03       		.byte	3
 588 0230 49       		.byte	73
 589 0231 FF       		.byte	-1
 590 0232 4A       		.byte	74
 591 0233 FF       		.byte	-1
 592 0234 4B       		.byte	75
 593 0235 FF       		.byte	-1
 594 0236 4C       		.byte	76
 595 0237 02       		.byte	2
 596 0238 4D       		.byte	77
 597 0239 20       		.byte	32
 598 023a 4E       		.byte	78
 599 023b 70       		.byte	112
 600 023c 50       		.byte	80
 601 023d 0C       		.byte	12
 602 023e 56       		.byte	86
 603 023f 02       		.byte	2
 604 0240 57       		.byte	87
 605 0241 11       		.byte	17
 606 0242 58       		.byte	88
 607 0243 04       		.byte	4
 608 0244 59       		.byte	89
 609 0245 04       		.byte	4
 610 0246 5A       		.byte	90
 611 0247 04       		.byte	4
 612 0248 5B       		.byte	91
 613 0249 04       		.byte	4
 614 024a 5F       		.byte	95
 615 024b 01       		.byte	1
 616 024c 61       		.byte	97
 617 024d 08       		.byte	8
 618 024e 62       		.byte	98
 619 024f C0       		.byte	-64
 620 0250 63       		.byte	99
 621 0251 08       		.byte	8
 622 0252 64       		.byte	100
 623 0253 40       		.byte	64
 624 0254 65       		.byte	101
 625 0255 09       		.byte	9
 626 0256 67       		.byte	103
 627 0257 09       		.byte	9
ARM GAS  C:\Users\kopusov.FT\AppData\Local\Temp\ccwNLcYB.s 			page 12


 628 0258 69       		.byte	105
 629 0259 08       		.byte	8
 630 025a 6B       		.byte	107
 631 025b 08       		.byte	8
 632 025c 6D       		.byte	109
 633 025d 08       		.byte	8
 634 025e 6F       		.byte	111
 635 025f 08       		.byte	8
 636 0260 80       		.byte	-128
 637 0261 5C       		.byte	92
 638 0262 82       		.byte	-126
 639 0263 A1       		.byte	-95
 640 0264 84       		.byte	-124
 641 0265 A4       		.byte	-92
 642 0266 86       		.byte	-122
 643 0267 18       		.byte	24
 644 0268 88       		.byte	-120
 645 0269 BC       		.byte	-68
 646 026a 8C       		.byte	-116
 647 026b 3C       		.byte	60
 648 026c 8E       		.byte	-114
 649 026d 80       		.byte	-128
 650 026e 90       		.byte	-112
 651 026f 3C       		.byte	60
 652 0270 92       		.byte	-110
 653 0271 80       		.byte	-128
 654 0272 94       		.byte	-108
 655 0273 3C       		.byte	60
 656 0274 96       		.byte	-106
 657 0275 80       		.byte	-128
 658 0276 98       		.byte	-104
 659 0277 41       		.byte	65
 660 0278 9A       		.byte	-102
 661 0279 BA       		.byte	-70
 662 027a 9C       		.byte	-100
 663 027b 3C       		.byte	60
 664 027c 9E       		.byte	-98
 665 027d 80       		.byte	-128
 666 027e A0       		.byte	-96
 667 027f B1       		.byte	-79
 668 0280 A2       		.byte	-94
 669 0281 46       		.byte	70
 670 0282 A8       		.byte	-88
 671 0283 3C       		.byte	60
 672 0284 AA       		.byte	-86
 673 0285 80       		.byte	-128
 674 0286 AE       		.byte	-82
 675 0287 18       		.byte	24
 676 0288 B0       		.byte	-80
 677 0289 70       		.byte	112
 678 028a B2       		.byte	-78
 679 028b 80       		.byte	-128
 680 028c B4       		.byte	-76
 681 028d 0F       		.byte	15
 682 028e B9       		.byte	-71
 683 028f 02       		.byte	2
 684 0290 BA       		.byte	-70
ARM GAS  C:\Users\kopusov.FT\AppData\Local\Temp\ccwNLcYB.s 			page 13


 685 0291 20       		.byte	32
 686 0292 BE       		.byte	-66
 687 0293 04       		.byte	4
 688 0294 C0       		.byte	-64
 689 0295 64       		.byte	100
 690 0296 C1       		.byte	-63
 691 0297 02       		.byte	2
 692 0298 C4       		.byte	-60
 693 0299 05       		.byte	5
 694 029a C5       		.byte	-59
 695 029b FB       		.byte	-5
 696 029c C6       		.byte	-58
 697 029d CE       		.byte	-50
 698 029e C8       		.byte	-56
 699 029f 0F       		.byte	15
 700 02a0 C9       		.byte	-55
 701 02a1 FF       		.byte	-1
 702 02a2 CA       		.byte	-54
 703 02a3 FF       		.byte	-1
 704 02a4 CB       		.byte	-53
 705 02a5 FF       		.byte	-1
 706 02a6 CC       		.byte	-52
 707 02a7 03       		.byte	3
 708 02a8 CD       		.byte	-51
 709 02a9 20       		.byte	32
 710 02aa CE       		.byte	-50
 711 02ab 70       		.byte	112
 712 02ac D0       		.byte	-48
 713 02ad 0C       		.byte	12
 714 02ae D2       		.byte	-46
 715 02af 01       		.byte	1
 716 02b0 D4       		.byte	-44
 717 02b1 0F       		.byte	15
 718 02b2 D8       		.byte	-40
 719 02b3 04       		.byte	4
 720 02b4 D9       		.byte	-39
 721 02b5 04       		.byte	4
 722 02b6 DA       		.byte	-38
 723 02b7 04       		.byte	4
 724 02b8 DB       		.byte	-37
 725 02b9 04       		.byte	4
 726 02ba DC       		.byte	-36
 727 02bb 10       		.byte	16
 728 02bc DF       		.byte	-33
 729 02bd 01       		.byte	1
 730 02be E1       		.byte	-31
 731 02bf 08       		.byte	8
 732 02c0 E2       		.byte	-30
 733 02c1 C0       		.byte	-64
 734 02c2 E3       		.byte	-29
 735 02c3 08       		.byte	8
 736 02c4 E4       		.byte	-28
 737 02c5 40       		.byte	64
 738 02c6 E5       		.byte	-27
 739 02c7 09       		.byte	9
 740 02c8 E7       		.byte	-25
 741 02c9 09       		.byte	9
ARM GAS  C:\Users\kopusov.FT\AppData\Local\Temp\ccwNLcYB.s 			page 14


 742 02ca 00       		.byte	0
 743 02cb 80       		.byte	-128
 744 02cc 02       		.byte	2
 745 02cd 54       		.byte	84
 746 02ce 04       		.byte	4
 747 02cf 46       		.byte	70
 748 02d0 06       		.byte	6
 749 02d1 41       		.byte	65
 750 02d2 07       		.byte	7
 751 02d3 42       		.byte	66
 752 02d4 08       		.byte	8
 753 02d5 40       		.byte	64
 754 02d6 09       		.byte	9
 755 02d7 45       		.byte	69
 756 02d8 0A       		.byte	10
 757 02d9 06       		.byte	6
 758 02da 0E       		.byte	14
 759 02db 40       		.byte	64
 760 02dc 0F       		.byte	15
 761 02dd 20       		.byte	32
 762 02de 11       		.byte	17
 763 02df 50       		.byte	80
 764 02e0 13       		.byte	19
 765 02e1 02       		.byte	2
 766 02e2 18       		.byte	24
 767 02e3 40       		.byte	64
 768 02e4 19       		.byte	25
 769 02e5 04       		.byte	4
 770 02e6 1A       		.byte	26
 771 02e7 04       		.byte	4
 772 02e8 1B       		.byte	27
 773 02e9 10       		.byte	16
 774 02ea 1C       		.byte	28
 775 02eb 04       		.byte	4
 776 02ec 1E       		.byte	30
 777 02ed 72       		.byte	114
 778 02ee 1F       		.byte	31
 779 02ef 10       		.byte	16
 780 02f0 23       		.byte	35
 781 02f1 40       		.byte	64
 782 02f2 27       		.byte	39
 783 02f3 20       		.byte	32
 784 02f4 32       		.byte	50
 785 02f5 C0       		.byte	-64
 786 02f6 37       		.byte	55
 787 02f7 40       		.byte	64
 788 02f8 3C       		.byte	60
 789 02f9 40       		.byte	64
 790 02fa 3F       		.byte	63
 791 02fb 24       		.byte	36
 792 02fc 40       		.byte	64
 793 02fd 04       		.byte	4
 794 02fe 41       		.byte	65
 795 02ff 01       		.byte	1
 796 0300 44       		.byte	68
 797 0301 80       		.byte	-128
 798 0302 47       		.byte	71
ARM GAS  C:\Users\kopusov.FT\AppData\Local\Temp\ccwNLcYB.s 			page 15


 799 0303 08       		.byte	8
 800 0304 49       		.byte	73
 801 0305 01       		.byte	1
 802 0306 4A       		.byte	74
 803 0307 04       		.byte	4
 804 0308 4B       		.byte	75
 805 0309 94       		.byte	-108
 806 030a 4E       		.byte	78
 807 030b 02       		.byte	2
 808 030c 4F       		.byte	79
 809 030d 10       		.byte	16
 810 030e 50       		.byte	80
 811 030f 10       		.byte	16
 812 0310 52       		.byte	82
 813 0311 80       		.byte	-128
 814 0312 59       		.byte	89
 815 0313 05       		.byte	5
 816 0314 5A       		.byte	90
 817 0315 90       		.byte	-112
 818 0316 5E       		.byte	94
 819 0317 20       		.byte	32
 820 0318 62       		.byte	98
 821 0319 0C       		.byte	12
 822 031a 69       		.byte	105
 823 031b 40       		.byte	64
 824 031c 6C       		.byte	108
 825 031d 40       		.byte	64
 826 031e 6D       		.byte	109
 827 031f 9A       		.byte	-102
 828 0320 6F       		.byte	111
 829 0321 10       		.byte	16
 830 0322 74       		.byte	116
 831 0323 C0       		.byte	-64
 832 0324 76       		.byte	118
 833 0325 1C       		.byte	28
 834 0326 85       		.byte	-123
 835 0327 10       		.byte	16
 836 0328 87       		.byte	-121
 837 0329 01       		.byte	1
 838 032a 90       		.byte	-112
 839 032b 02       		.byte	2
 840 032c 91       		.byte	-111
 841 032d 02       		.byte	2
 842 032e 94       		.byte	-108
 843 032f A0       		.byte	-96
 844 0330 95       		.byte	-107
 845 0331 50       		.byte	80
 846 0332 96       		.byte	-106
 847 0333 06       		.byte	6
 848 0334 97       		.byte	-105
 849 0335 40       		.byte	64
 850 0336 9C       		.byte	-100
 851 0337 40       		.byte	64
 852 0338 9E       		.byte	-98
 853 0339 19       		.byte	25
 854 033a 9F       		.byte	-97
 855 033b 10       		.byte	16
ARM GAS  C:\Users\kopusov.FT\AppData\Local\Temp\ccwNLcYB.s 			page 16


 856 033c A2       		.byte	-94
 857 033d 06       		.byte	6
 858 033e A4       		.byte	-92
 859 033f 80       		.byte	-128
 860 0340 A5       		.byte	-91
 861 0341 01       		.byte	1
 862 0342 A6       		.byte	-90
 863 0343 09       		.byte	9
 864 0344 A7       		.byte	-89
 865 0345 01       		.byte	1
 866 0346 A9       		.byte	-87
 867 0347 08       		.byte	8
 868 0348 AA       		.byte	-86
 869 0349 02       		.byte	2
 870 034a C0       		.byte	-64
 871 034b BF       		.byte	-65
 872 034c C2       		.byte	-62
 873 034d 3F       		.byte	63
 874 034e C4       		.byte	-60
 875 034f 0B       		.byte	11
 876 0350 CC       		.byte	-52
 877 0351 10       		.byte	16
 878 0352 CE       		.byte	-50
 879 0353 70       		.byte	112
 880 0354 D0       		.byte	-48
 881 0355 C5       		.byte	-59
 882 0356 D2       		.byte	-46
 883 0357 3C       		.byte	60
 884 0358 D6       		.byte	-42
 885 0359 2F       		.byte	47
 886 035a EA       		.byte	-22
 887 035b 02       		.byte	2
 888 035c EE       		.byte	-18
 889 035d 04       		.byte	4
 890 035e AB       		.byte	-85
 891 035f 80       		.byte	-128
 892 0360 EA       		.byte	-22
 893 0361 02       		.byte	2
 894 0362 32       		.byte	50
 895 0363 40       		.byte	64
 896 0364 33       		.byte	51
 897 0365 01       		.byte	1
 898 0366 34       		.byte	52
 899 0367 02       		.byte	2
 900 0368 36       		.byte	54
 901 0369 80       		.byte	-128
 902 036a 3B       		.byte	59
 903 036b 10       		.byte	16
 904 036c 82       		.byte	-126
 905 036d 40       		.byte	64
 906 036e CC       		.byte	-52
 907 036f F0       		.byte	-16
 908 0370 CE       		.byte	-50
 909 0371 10       		.byte	16
 910 0372 E6       		.byte	-26
 911 0373 80       		.byte	-128
 912 0374 62       		.byte	98
ARM GAS  C:\Users\kopusov.FT\AppData\Local\Temp\ccwNLcYB.s 			page 17


 913 0375 08       		.byte	8
 914 0376 63       		.byte	99
 915 0377 02       		.byte	2
 916 0378 84       		.byte	-124
 917 0379 02       		.byte	2
 918 037a 87       		.byte	-121
 919 037b 11       		.byte	17
 920 037c 97       		.byte	-105
 921 037d 10       		.byte	16
 922 037e 9C       		.byte	-100
 923 037f 02       		.byte	2
 924 0380 9F       		.byte	-97
 925 0381 01       		.byte	1
 926 0382 A6       		.byte	-90
 927 0383 80       		.byte	-128
 928 0384 D6       		.byte	-42
 929 0385 40       		.byte	64
 930 0386 D8       		.byte	-40
 931 0387 40       		.byte	64
 932 0388 E2       		.byte	-30
 933 0389 10       		.byte	16
 934 038a E6       		.byte	-26
 935 038b 50       		.byte	80
 936 038c 12       		.byte	18
 937 038d 80       		.byte	-128
 938 038e 8E       		.byte	-114
 939 038f 08       		.byte	8
 940 0390 9F       		.byte	-97
 941 0391 01       		.byte	1
 942 0392 A6       		.byte	-90
 943 0393 88       		.byte	-120
 944 0394 C4       		.byte	-60
 945 0395 10       		.byte	16
 946 0396 63       		.byte	99
 947 0397 08       		.byte	8
 948 0398 9F       		.byte	-97
 949 0399 01       		.byte	1
 950 039a D8       		.byte	-40
 951 039b 40       		.byte	64
 952 039c 85       		.byte	-123
 953 039d 01       		.byte	1
 954 039e 86       		.byte	-122
 955 039f 01       		.byte	1
 956 03a0 87       		.byte	-121
 957 03a1 04       		.byte	4
 958 03a2 95       		.byte	-107
 959 03a3 02       		.byte	2
 960 03a4 96       		.byte	-106
 961 03a5 01       		.byte	1
 962 03a6 97       		.byte	-105
 963 03a7 08       		.byte	8
 964 03a8 09       		.byte	9
 965 03a9 08       		.byte	8
 966 03aa 0A       		.byte	10
 967 03ab 01       		.byte	1
 968 03ac 0D       		.byte	13
 969 03ad 01       		.byte	1
ARM GAS  C:\Users\kopusov.FT\AppData\Local\Temp\ccwNLcYB.s 			page 18


 970 03ae 95       		.byte	-107
 971 03af 02       		.byte	2
 972 03b0 96       		.byte	-106
 973 03b1 01       		.byte	1
 974 03b2 97       		.byte	-105
 975 03b3 08       		.byte	8
 976 03b4 C2       		.byte	-62
 977 03b5 0E       		.byte	14
 978 03b6 AB       		.byte	-85
 979 03b7 04       		.byte	4
 980 03b8 AF       		.byte	-81
 981 03b9 01       		.byte	1
 982 03ba EA       		.byte	-22
 983 03bb 40       		.byte	64
 984 03bc EE       		.byte	-18
 985 03bd 20       		.byte	32
 986 03be 16       		.byte	22
 987 03bf 40       		.byte	64
 988 03c0 73       		.byte	115
 989 03c1 80       		.byte	-128
 990 03c2 76       		.byte	118
 991 03c3 20       		.byte	32
 992 03c4 86       		.byte	-122
 993 03c5 40       		.byte	64
 994 03c6 9A       		.byte	-102
 995 03c7 20       		.byte	32
 996 03c8 9B       		.byte	-101
 997 03c9 80       		.byte	-128
 998 03ca AB       		.byte	-85
 999 03cb 80       		.byte	-128
 1000 03cc B6       		.byte	-74
 1001 03cd 20       		.byte	32
 1002 03ce C4       		.byte	-60
 1003 03cf 20       		.byte	32
 1004 03d0 DC       		.byte	-36
 1005 03d1 80       		.byte	-128
 1006 03d2 DE       		.byte	-34
 1007 03d3 20       		.byte	32
 1008 03d4 E0       		.byte	-32
 1009 03d5 10       		.byte	16
 1010 03d6 EA       		.byte	-22
 1011 03d7 80       		.byte	-128
 1012 03d8 0B       		.byte	11
 1013 03d9 08       		.byte	8
 1014 03da 97       		.byte	-105
 1015 03db 08       		.byte	8
 1016 03dc AD       		.byte	-83
 1017 03dd 08       		.byte	8
 1018 03de C2       		.byte	-62
 1019 03df 02       		.byte	2
 1020 03e0 00       		.byte	0
 1021 03e1 03       		.byte	3
 1022 03e2 0A       		.byte	10
 1023 03e3 03       		.byte	3
 1024 03e4 10       		.byte	16
 1025 03e5 03       		.byte	3
 1026 03e6 1A       		.byte	26
ARM GAS  C:\Users\kopusov.FT\AppData\Local\Temp\ccwNLcYB.s 			page 19


 1027 03e7 03       		.byte	3
 1028 03e8 00       		.byte	0
 1029 03e9 AF       		.byte	-81
 1030 03ea 01       		.byte	1
 1031 03eb 02       		.byte	2
 1032 03ec 00       		.byte	0
 1033 03ed 00       		.byte	0
 1034 03ee F0       		.byte	-16
 1035 03ef 00       		.byte	0
 1036 03f0 90       		.byte	-112
 1037 03f1 00       		.byte	0
 1038 03f2 00       		.byte	0
 1039 03f3 00       		.byte	0
 1040 03f4 03       		.byte	3
 1041 03f5 00       		.byte	0
 1042 03f6 00       		.byte	0
 1043 03f7 01       		.byte	1
 1044 03f8 03       		.byte	3
 1045 03f9 00       		.byte	0
 1046 03fa 03       		.byte	3
 1047 03fb 00       		.byte	0
 1048 03fc 00       		.byte	0
 1049 03fd 01       		.byte	1
 1050 03fe 00       		.byte	0
 1051 03ff 00       		.byte	0
 1052 0400 00       		.byte	0
 1053 0401 02       		.byte	2
 1054 0402 00       		.byte	0
 1055 0403 03       		.byte	3
 1056 0404 02       		.byte	2
 1057 0405 00       		.byte	0
 1058 0406 00       		.byte	0
 1059 0407 00       		.byte	0
 1060 0408 40       		.byte	64
 1061 0409 00       		.byte	0
 1062 040a 00       		.byte	0
 1063 040b 00       		.byte	0
 1064 040c 00       		.byte	0
 1065 040d 00       		.byte	0
 1066 040e 00       		.byte	0
 1067 040f 00       		.byte	0
 1068 0410 C0       		.byte	-64
 1069 0411 00       		.byte	0
 1070 0412 00       		.byte	0
 1071 0413 00       		.byte	0
 1072 0414 80       		.byte	-128
 1073 0415 00       		.byte	0
 1074 0416 40       		.byte	64
 1075 0417 8B       		.byte	-117
 1076 0418 0B       		.byte	11
 1077 0419 00       		.byte	0
 1078 041a 00       		.byte	0
 1079 041b 00       		.byte	0
 1080 041c 00       		.byte	0
 1081 041d 00       		.byte	0
 1082 041e 00       		.byte	0
 1083 041f 00       		.byte	0
ARM GAS  C:\Users\kopusov.FT\AppData\Local\Temp\ccwNLcYB.s 			page 20


 1084 0420 F8       		.byte	-8
 1085 0421 3F       		.byte	63
 1086 0422 07       		.byte	7
 1087 0423 00       		.byte	0
 1088 0424 00       		.byte	0
 1089 0425 00       		.byte	0
 1090 0426 00       		.byte	0
 1091 0427 00       		.byte	0
 1092              		.section	.cywolatch,"a",%progbits
 1093              		.align	2
 1094              		.type	cy_meta_wonvl, %object
 1095              		.size	cy_meta_wonvl, 4
 1096              	cy_meta_wonvl:
 1097 0000 BC       		.byte	-68
 1098 0001 90       		.byte	-112
 1099 0002 AC       		.byte	-84
 1100 0003 AF       		.byte	-81
 1101              		.section	.cycustnvl,"a",%progbits
 1102              		.align	2
 1103              		.type	cy_meta_custnvl, %object
 1104              		.size	cy_meta_custnvl, 4
 1105              	cy_meta_custnvl:
 1106 0000 00       		.byte	0
 1107 0001 00       		.byte	0
 1108 0002 40       		.byte	64
 1109 0003 05       		.byte	5
 1110              		.section	.cymeta,"a",%progbits
 1111              		.align	2
 1112              		.type	cy_metadata, %object
 1113              		.size	cy_metadata, 12
 1114              	cy_metadata:
 1115 0000 00       		.byte	0
 1116 0001 01       		.byte	1
 1117 0002 2E       		.byte	46
 1118 0003 11       		.byte	17
 1119 0004 A0       		.byte	-96
 1120 0005 69       		.byte	105
 1121 0006 00       		.byte	0
 1122 0007 01       		.byte	1
 1123 0008 00       		.byte	0
 1124 0009 00       		.byte	0
 1125 000a 00       		.byte	0
 1126 000b 00       		.byte	0
 1127              		.section	.cyflashprotect,"a",%progbits
 1128              		.align	2
 1129              		.type	cy_meta_flashprotect, %object
 1130              		.size	cy_meta_flashprotect, 256
 1131              	cy_meta_flashprotect:
 1132 0000 00000000 		.space	256
 1132      00000000 
 1132      00000000 
 1132      00000000 
 1132      00000000 
 1133              		.text
 1134              	.Letext0:
 1135              		.file 1 "Generated_Source\\PSoC5\\cymetadata.c"
 1136              		.file 2 "Generated_Source\\PSoC5\\cytypes.h"
ARM GAS  C:\Users\kopusov.FT\AppData\Local\Temp\ccwNLcYB.s 			page 21


 1137              		.section	.debug_info,"",%progbits
 1138              	.Ldebug_info0:
 1139 0000 37010000 		.4byte	0x137
 1140 0004 0400     		.2byte	0x4
 1141 0006 00000000 		.4byte	.Ldebug_abbrev0
 1142 000a 04       		.byte	0x4
 1143 000b 01       		.uleb128 0x1
 1144 000c BF000000 		.4byte	.LASF18
 1145 0010 01       		.byte	0x1
 1146 0011 D5010000 		.4byte	.LASF19
 1147 0015 0C000000 		.4byte	.LASF20
 1148 0019 00000000 		.4byte	.Ldebug_line0
 1149 001d 02       		.uleb128 0x2
 1150 001e 01       		.byte	0x1
 1151 001f 06       		.byte	0x6
 1152 0020 C9010000 		.4byte	.LASF0
 1153 0024 02       		.uleb128 0x2
 1154 0025 01       		.byte	0x1
 1155 0026 08       		.byte	0x8
 1156 0027 63000000 		.4byte	.LASF1
 1157 002b 02       		.uleb128 0x2
 1158 002c 02       		.byte	0x2
 1159 002d 05       		.byte	0x5
 1160 002e B0010000 		.4byte	.LASF2
 1161 0032 02       		.uleb128 0x2
 1162 0033 02       		.byte	0x2
 1163 0034 07       		.byte	0x7
 1164 0035 83000000 		.4byte	.LASF3
 1165 0039 02       		.uleb128 0x2
 1166 003a 04       		.byte	0x4
 1167 003b 05       		.byte	0x5
 1168 003c C0010000 		.4byte	.LASF4
 1169 0040 02       		.uleb128 0x2
 1170 0041 04       		.byte	0x4
 1171 0042 07       		.byte	0x7
 1172 0043 71000000 		.4byte	.LASF5
 1173 0047 02       		.uleb128 0x2
 1174 0048 08       		.byte	0x8
 1175 0049 05       		.byte	0x5
 1176 004a 9D010000 		.4byte	.LASF6
 1177 004e 02       		.uleb128 0x2
 1178 004f 08       		.byte	0x8
 1179 0050 07       		.byte	0x7
 1180 0051 5A010000 		.4byte	.LASF7
 1181 0055 03       		.uleb128 0x3
 1182 0056 04       		.byte	0x4
 1183 0057 05       		.byte	0x5
 1184 0058 696E7400 		.ascii	"int\000"
 1185 005c 02       		.uleb128 0x2
 1186 005d 04       		.byte	0x4
 1187 005e 07       		.byte	0x7
 1188 005f 4D010000 		.4byte	.LASF8
 1189 0063 04       		.uleb128 0x4
 1190 0064 BA010000 		.4byte	.LASF21
 1191 0068 02       		.byte	0x2
 1192 0069 9201     		.2byte	0x192
 1193 006b 24000000 		.4byte	0x24
ARM GAS  C:\Users\kopusov.FT\AppData\Local\Temp\ccwNLcYB.s 			page 22


 1194 006f 02       		.uleb128 0x2
 1195 0070 04       		.byte	0x4
 1196 0071 04       		.byte	0x4
 1197 0072 5D000000 		.4byte	.LASF9
 1198 0076 02       		.uleb128 0x2
 1199 0077 08       		.byte	0x8
 1200 0078 04       		.byte	0x4
 1201 0079 96000000 		.4byte	.LASF10
 1202 007d 02       		.uleb128 0x2
 1203 007e 01       		.byte	0x1
 1204 007f 08       		.byte	0x8
 1205 0080 AB010000 		.4byte	.LASF11
 1206 0084 05       		.uleb128 0x5
 1207 0085 63000000 		.4byte	0x63
 1208 0089 95000000 		.4byte	0x95
 1209 008d 06       		.uleb128 0x6
 1210 008e 95000000 		.4byte	0x95
 1211 0092 2704     		.2byte	0x427
 1212 0094 00       		.byte	0
 1213 0095 02       		.uleb128 0x2
 1214 0096 04       		.byte	0x4
 1215 0097 07       		.byte	0x7
 1216 0098 94010000 		.4byte	.LASF12
 1217 009c 07       		.uleb128 0x7
 1218 009d AD000000 		.4byte	.LASF13
 1219 00a1 01       		.byte	0x1
 1220 00a2 1F       		.byte	0x1f
 1221 00a3 AD000000 		.4byte	0xad
 1222 00a7 05       		.uleb128 0x5
 1223 00a8 03       		.byte	0x3
 1224 00a9 00000000 		.4byte	cy_meta_configecc
 1225 00ad 08       		.uleb128 0x8
 1226 00ae 84000000 		.4byte	0x84
 1227 00b2 05       		.uleb128 0x5
 1228 00b3 63000000 		.4byte	0x63
 1229 00b7 C2000000 		.4byte	0xc2
 1230 00bb 09       		.uleb128 0x9
 1231 00bc 95000000 		.4byte	0x95
 1232 00c0 03       		.byte	0x3
 1233 00c1 00       		.byte	0
 1234 00c2 07       		.uleb128 0x7
 1235 00c3 9D000000 		.4byte	.LASF14
 1236 00c7 01       		.byte	0x1
 1237 00c8 B1       		.byte	0xb1
 1238 00c9 D3000000 		.4byte	0xd3
 1239 00cd 05       		.uleb128 0x5
 1240 00ce 03       		.byte	0x3
 1241 00cf 00000000 		.4byte	cy_meta_custnvl
 1242 00d3 08       		.uleb128 0x8
 1243 00d4 B2000000 		.4byte	0xb2
 1244 00d8 07       		.uleb128 0x7
 1245 00d9 86010000 		.4byte	.LASF15
 1246 00dd 01       		.byte	0x1
 1247 00de BF       		.byte	0xbf
 1248 00df E9000000 		.4byte	0xe9
 1249 00e3 05       		.uleb128 0x5
 1250 00e4 03       		.byte	0x3
ARM GAS  C:\Users\kopusov.FT\AppData\Local\Temp\ccwNLcYB.s 			page 23


 1251 00e5 00000000 		.4byte	cy_meta_wonvl
 1252 00e9 08       		.uleb128 0x8
 1253 00ea B2000000 		.4byte	0xb2
 1254 00ee 05       		.uleb128 0x5
 1255 00ef 63000000 		.4byte	0x63
 1256 00f3 FE000000 		.4byte	0xfe
 1257 00f7 09       		.uleb128 0x9
 1258 00f8 95000000 		.4byte	0x95
 1259 00fc FF       		.byte	0xff
 1260 00fd 00       		.byte	0
 1261 00fe 07       		.uleb128 0x7
 1262 00ff 71010000 		.4byte	.LASF16
 1263 0103 01       		.byte	0x1
 1264 0104 CD       		.byte	0xcd
 1265 0105 0F010000 		.4byte	0x10f
 1266 0109 05       		.uleb128 0x5
 1267 010a 03       		.byte	0x3
 1268 010b 00000000 		.4byte	cy_meta_flashprotect
 1269 010f 08       		.uleb128 0x8
 1270 0110 EE000000 		.4byte	0xee
 1271 0114 05       		.uleb128 0x5
 1272 0115 63000000 		.4byte	0x63
 1273 0119 24010000 		.4byte	0x124
 1274 011d 09       		.uleb128 0x9
 1275 011e 95000000 		.4byte	0x95
 1276 0122 0B       		.byte	0xb
 1277 0123 00       		.byte	0
 1278 0124 07       		.uleb128 0x7
 1279 0125 00000000 		.4byte	.LASF17
 1280 0129 01       		.byte	0x1
 1281 012a FA       		.byte	0xfa
 1282 012b 35010000 		.4byte	0x135
 1283 012f 05       		.uleb128 0x5
 1284 0130 03       		.byte	0x3
 1285 0131 00000000 		.4byte	cy_metadata
 1286 0135 08       		.uleb128 0x8
 1287 0136 14010000 		.4byte	0x114
 1288 013a 00       		.byte	0
 1289              		.section	.debug_abbrev,"",%progbits
 1290              	.Ldebug_abbrev0:
 1291 0000 01       		.uleb128 0x1
 1292 0001 11       		.uleb128 0x11
 1293 0002 01       		.byte	0x1
 1294 0003 25       		.uleb128 0x25
 1295 0004 0E       		.uleb128 0xe
 1296 0005 13       		.uleb128 0x13
 1297 0006 0B       		.uleb128 0xb
 1298 0007 03       		.uleb128 0x3
 1299 0008 0E       		.uleb128 0xe
 1300 0009 1B       		.uleb128 0x1b
 1301 000a 0E       		.uleb128 0xe
 1302 000b 10       		.uleb128 0x10
 1303 000c 17       		.uleb128 0x17
 1304 000d 00       		.byte	0
 1305 000e 00       		.byte	0
 1306 000f 02       		.uleb128 0x2
 1307 0010 24       		.uleb128 0x24
ARM GAS  C:\Users\kopusov.FT\AppData\Local\Temp\ccwNLcYB.s 			page 24


 1308 0011 00       		.byte	0
 1309 0012 0B       		.uleb128 0xb
 1310 0013 0B       		.uleb128 0xb
 1311 0014 3E       		.uleb128 0x3e
 1312 0015 0B       		.uleb128 0xb
 1313 0016 03       		.uleb128 0x3
 1314 0017 0E       		.uleb128 0xe
 1315 0018 00       		.byte	0
 1316 0019 00       		.byte	0
 1317 001a 03       		.uleb128 0x3
 1318 001b 24       		.uleb128 0x24
 1319 001c 00       		.byte	0
 1320 001d 0B       		.uleb128 0xb
 1321 001e 0B       		.uleb128 0xb
 1322 001f 3E       		.uleb128 0x3e
 1323 0020 0B       		.uleb128 0xb
 1324 0021 03       		.uleb128 0x3
 1325 0022 08       		.uleb128 0x8
 1326 0023 00       		.byte	0
 1327 0024 00       		.byte	0
 1328 0025 04       		.uleb128 0x4
 1329 0026 16       		.uleb128 0x16
 1330 0027 00       		.byte	0
 1331 0028 03       		.uleb128 0x3
 1332 0029 0E       		.uleb128 0xe
 1333 002a 3A       		.uleb128 0x3a
 1334 002b 0B       		.uleb128 0xb
 1335 002c 3B       		.uleb128 0x3b
 1336 002d 05       		.uleb128 0x5
 1337 002e 49       		.uleb128 0x49
 1338 002f 13       		.uleb128 0x13
 1339 0030 00       		.byte	0
 1340 0031 00       		.byte	0
 1341 0032 05       		.uleb128 0x5
 1342 0033 01       		.uleb128 0x1
 1343 0034 01       		.byte	0x1
 1344 0035 49       		.uleb128 0x49
 1345 0036 13       		.uleb128 0x13
 1346 0037 01       		.uleb128 0x1
 1347 0038 13       		.uleb128 0x13
 1348 0039 00       		.byte	0
 1349 003a 00       		.byte	0
 1350 003b 06       		.uleb128 0x6
 1351 003c 21       		.uleb128 0x21
 1352 003d 00       		.byte	0
 1353 003e 49       		.uleb128 0x49
 1354 003f 13       		.uleb128 0x13
 1355 0040 2F       		.uleb128 0x2f
 1356 0041 05       		.uleb128 0x5
 1357 0042 00       		.byte	0
 1358 0043 00       		.byte	0
 1359 0044 07       		.uleb128 0x7
 1360 0045 34       		.uleb128 0x34
 1361 0046 00       		.byte	0
 1362 0047 03       		.uleb128 0x3
 1363 0048 0E       		.uleb128 0xe
 1364 0049 3A       		.uleb128 0x3a
ARM GAS  C:\Users\kopusov.FT\AppData\Local\Temp\ccwNLcYB.s 			page 25


 1365 004a 0B       		.uleb128 0xb
 1366 004b 3B       		.uleb128 0x3b
 1367 004c 0B       		.uleb128 0xb
 1368 004d 49       		.uleb128 0x49
 1369 004e 13       		.uleb128 0x13
 1370 004f 3F       		.uleb128 0x3f
 1371 0050 19       		.uleb128 0x19
 1372 0051 02       		.uleb128 0x2
 1373 0052 18       		.uleb128 0x18
 1374 0053 00       		.byte	0
 1375 0054 00       		.byte	0
 1376 0055 08       		.uleb128 0x8
 1377 0056 26       		.uleb128 0x26
 1378 0057 00       		.byte	0
 1379 0058 49       		.uleb128 0x49
 1380 0059 13       		.uleb128 0x13
 1381 005a 00       		.byte	0
 1382 005b 00       		.byte	0
 1383 005c 09       		.uleb128 0x9
 1384 005d 21       		.uleb128 0x21
 1385 005e 00       		.byte	0
 1386 005f 49       		.uleb128 0x49
 1387 0060 13       		.uleb128 0x13
 1388 0061 2F       		.uleb128 0x2f
 1389 0062 0B       		.uleb128 0xb
 1390 0063 00       		.byte	0
 1391 0064 00       		.byte	0
 1392 0065 00       		.byte	0
 1393              		.section	.debug_aranges,"",%progbits
 1394 0000 14000000 		.4byte	0x14
 1395 0004 0200     		.2byte	0x2
 1396 0006 00000000 		.4byte	.Ldebug_info0
 1397 000a 04       		.byte	0x4
 1398 000b 00       		.byte	0
 1399 000c 0000     		.2byte	0
 1400 000e 0000     		.2byte	0
 1401 0010 00000000 		.4byte	0
 1402 0014 00000000 		.4byte	0
 1403              		.section	.debug_line,"",%progbits
 1404              	.Ldebug_line0:
 1405 0000 4D000000 		.section	.debug_str,"MS",%progbits,1
 1405      02004700 
 1405      00000201 
 1405      FB0E0D00 
 1405      01010101 
 1406              	.LASF17:
 1407 0000 63795F6D 		.ascii	"cy_metadata\000"
 1407      65746164 
 1407      61746100 
 1408              	.LASF20:
 1409 000c 443A5C50 		.ascii	"D:\\PROJECT\\pgm\\Adaptor_CFP_CFP2_Cypress\\cfp_rea"
 1409      524F4A45 
 1409      43545C70 
 1409      676D5C41 
 1409      64617074 
 1410 003b 6465725C 		.ascii	"der\\W_cfp_reader\\cfp_reader.cydsn\000"
 1410      575F6366 
ARM GAS  C:\Users\kopusov.FT\AppData\Local\Temp\ccwNLcYB.s 			page 26


 1410      705F7265 
 1410      61646572 
 1410      5C636670 
 1411              	.LASF9:
 1412 005d 666C6F61 		.ascii	"float\000"
 1412      7400
 1413              	.LASF1:
 1414 0063 756E7369 		.ascii	"unsigned char\000"
 1414      676E6564 
 1414      20636861 
 1414      7200
 1415              	.LASF5:
 1416 0071 6C6F6E67 		.ascii	"long unsigned int\000"
 1416      20756E73 
 1416      69676E65 
 1416      6420696E 
 1416      7400
 1417              	.LASF3:
 1418 0083 73686F72 		.ascii	"short unsigned int\000"
 1418      7420756E 
 1418      7369676E 
 1418      65642069 
 1418      6E7400
 1419              	.LASF10:
 1420 0096 646F7562 		.ascii	"double\000"
 1420      6C6500
 1421              	.LASF14:
 1422 009d 63795F6D 		.ascii	"cy_meta_custnvl\000"
 1422      6574615F 
 1422      63757374 
 1422      6E766C00 
 1423              	.LASF13:
 1424 00ad 63795F6D 		.ascii	"cy_meta_configecc\000"
 1424      6574615F 
 1424      636F6E66 
 1424      69676563 
 1424      6300
 1425              	.LASF18:
 1426 00bf 474E5520 		.ascii	"GNU C 4.9.3 20150303 (release) [ARM/embedded-4_9-br"
 1426      4320342E 
 1426      392E3320 
 1426      32303135 
 1426      30333033 
 1427 00f2 616E6368 		.ascii	"anch revision 221220] -mcpu=cortex-m3 -mthumb -g -O"
 1427      20726576 
 1427      6973696F 
 1427      6E203232 
 1427      31323230 
 1428 0125 67202D66 		.ascii	"g -ffunction-sections -ffat-lto-objects\000"
 1428      66756E63 
 1428      74696F6E 
 1428      2D736563 
 1428      74696F6E 
 1429              	.LASF8:
 1430 014d 756E7369 		.ascii	"unsigned int\000"
 1430      676E6564 
 1430      20696E74 
ARM GAS  C:\Users\kopusov.FT\AppData\Local\Temp\ccwNLcYB.s 			page 27


 1430      00
 1431              	.LASF7:
 1432 015a 6C6F6E67 		.ascii	"long long unsigned int\000"
 1432      206C6F6E 
 1432      6720756E 
 1432      7369676E 
 1432      65642069 
 1433              	.LASF16:
 1434 0171 63795F6D 		.ascii	"cy_meta_flashprotect\000"
 1434      6574615F 
 1434      666C6173 
 1434      6870726F 
 1434      74656374 
 1435              	.LASF15:
 1436 0186 63795F6D 		.ascii	"cy_meta_wonvl\000"
 1436      6574615F 
 1436      776F6E76 
 1436      6C00
 1437              	.LASF12:
 1438 0194 73697A65 		.ascii	"sizetype\000"
 1438      74797065 
 1438      00
 1439              	.LASF6:
 1440 019d 6C6F6E67 		.ascii	"long long int\000"
 1440      206C6F6E 
 1440      6720696E 
 1440      7400
 1441              	.LASF11:
 1442 01ab 63686172 		.ascii	"char\000"
 1442      00
 1443              	.LASF2:
 1444 01b0 73686F72 		.ascii	"short int\000"
 1444      7420696E 
 1444      7400
 1445              	.LASF21:
 1446 01ba 75696E74 		.ascii	"uint8\000"
 1446      3800
 1447              	.LASF4:
 1448 01c0 6C6F6E67 		.ascii	"long int\000"
 1448      20696E74 
 1448      00
 1449              	.LASF0:
 1450 01c9 7369676E 		.ascii	"signed char\000"
 1450      65642063 
 1450      68617200 
 1451              	.LASF19:
 1452 01d5 47656E65 		.ascii	"Generated_Source\\PSoC5\\cymetadata.c\000"
 1452      72617465 
 1452      645F536F 
 1452      75726365 
 1452      5C50536F 
 1453              		.ident	"GCC: (GNU Tools for ARM Embedded Processors) 4.9.3 20150303 (release) [ARM/embedded-4_9-br
