ARM GAS  C:\Users\kopusov.FT\AppData\Local\Temp\ccECnSKO.s 			page 1


   1              		.syntax unified
   2              		.cpu cortex-m3
   3              		.fpu softvfp
   4              		.eabi_attribute 20, 1
   5              		.eabi_attribute 21, 1
   6              		.eabi_attribute 23, 3
   7              		.eabi_attribute 24, 1
   8              		.eabi_attribute 25, 1
   9              		.eabi_attribute 26, 1
  10              		.eabi_attribute 30, 1
  11              		.eabi_attribute 34, 1
  12              		.eabi_attribute 18, 4
  13              		.thumb
  14              		.file	"I_PRG_CNTL.c"
  15              		.text
  16              	.Ltext0:
  17              		.cfi_sections	.debug_frame
  18              		.section	.text.I_PRG_CNTL_Write,"ax",%progbits
  19              		.align	2
  20              		.global	I_PRG_CNTL_Write
  21              		.thumb
  22              		.thumb_func
  23              		.type	I_PRG_CNTL_Write, %function
  24              	I_PRG_CNTL_Write:
  25              	.LFB0:
  26              		.file 1 "Generated_Source\\PSoC5\\I_PRG_CNTL.c"
   1:Generated_Source\PSoC5/I_PRG_CNTL.c **** /*******************************************************************************
   2:Generated_Source\PSoC5/I_PRG_CNTL.c **** * File Name: I_PRG_CNTL.c  
   3:Generated_Source\PSoC5/I_PRG_CNTL.c **** * Version 2.20
   4:Generated_Source\PSoC5/I_PRG_CNTL.c **** *
   5:Generated_Source\PSoC5/I_PRG_CNTL.c **** * Description:
   6:Generated_Source\PSoC5/I_PRG_CNTL.c **** *  This file contains API to enable firmware control of a Pins component.
   7:Generated_Source\PSoC5/I_PRG_CNTL.c **** *
   8:Generated_Source\PSoC5/I_PRG_CNTL.c **** * Note:
   9:Generated_Source\PSoC5/I_PRG_CNTL.c **** *
  10:Generated_Source\PSoC5/I_PRG_CNTL.c **** ********************************************************************************
  11:Generated_Source\PSoC5/I_PRG_CNTL.c **** * Copyright 2008-2015, Cypress Semiconductor Corporation.  All rights reserved.
  12:Generated_Source\PSoC5/I_PRG_CNTL.c **** * You may use this file only in accordance with the license, terms, conditions, 
  13:Generated_Source\PSoC5/I_PRG_CNTL.c **** * disclaimers, and limitations in the end user license agreement accompanying 
  14:Generated_Source\PSoC5/I_PRG_CNTL.c **** * the software package with which this file was provided.
  15:Generated_Source\PSoC5/I_PRG_CNTL.c **** *******************************************************************************/
  16:Generated_Source\PSoC5/I_PRG_CNTL.c **** 
  17:Generated_Source\PSoC5/I_PRG_CNTL.c **** #include "cytypes.h"
  18:Generated_Source\PSoC5/I_PRG_CNTL.c **** #include "I_PRG_CNTL.h"
  19:Generated_Source\PSoC5/I_PRG_CNTL.c **** 
  20:Generated_Source\PSoC5/I_PRG_CNTL.c **** /* APIs are not generated for P15[7:6] on PSoC 5 */
  21:Generated_Source\PSoC5/I_PRG_CNTL.c **** #if !(CY_PSOC5A &&\
  22:Generated_Source\PSoC5/I_PRG_CNTL.c **** 	 I_PRG_CNTL__PORT == 15 && ((I_PRG_CNTL__MASK & 0xC0) != 0))
  23:Generated_Source\PSoC5/I_PRG_CNTL.c **** 
  24:Generated_Source\PSoC5/I_PRG_CNTL.c **** 
  25:Generated_Source\PSoC5/I_PRG_CNTL.c **** /*******************************************************************************
  26:Generated_Source\PSoC5/I_PRG_CNTL.c **** * Function Name: I_PRG_CNTL_Write
  27:Generated_Source\PSoC5/I_PRG_CNTL.c **** ****************************************************************************//**
  28:Generated_Source\PSoC5/I_PRG_CNTL.c **** *
  29:Generated_Source\PSoC5/I_PRG_CNTL.c **** * \brief Writes the value to the physical port (data output register), masking
  30:Generated_Source\PSoC5/I_PRG_CNTL.c **** *  and shifting the bits appropriately. 
  31:Generated_Source\PSoC5/I_PRG_CNTL.c **** *
ARM GAS  C:\Users\kopusov.FT\AppData\Local\Temp\ccECnSKO.s 			page 2


  32:Generated_Source\PSoC5/I_PRG_CNTL.c **** * The data output register controls the signal applied to the physical pin in 
  33:Generated_Source\PSoC5/I_PRG_CNTL.c **** * conjunction with the drive mode parameter. This function avoids changing 
  34:Generated_Source\PSoC5/I_PRG_CNTL.c **** * other bits in the port by using the appropriate method (read-modify-write or
  35:Generated_Source\PSoC5/I_PRG_CNTL.c **** * bit banding).
  36:Generated_Source\PSoC5/I_PRG_CNTL.c **** *
  37:Generated_Source\PSoC5/I_PRG_CNTL.c **** * <b>Note</b> This function should not be used on a hardware digital output pin 
  38:Generated_Source\PSoC5/I_PRG_CNTL.c **** * as it is driven by the hardware signal attached to it.
  39:Generated_Source\PSoC5/I_PRG_CNTL.c **** *
  40:Generated_Source\PSoC5/I_PRG_CNTL.c **** * \param value
  41:Generated_Source\PSoC5/I_PRG_CNTL.c **** *  Value to write to the component instance.
  42:Generated_Source\PSoC5/I_PRG_CNTL.c **** *
  43:Generated_Source\PSoC5/I_PRG_CNTL.c **** * \return 
  44:Generated_Source\PSoC5/I_PRG_CNTL.c **** *  None 
  45:Generated_Source\PSoC5/I_PRG_CNTL.c **** *
  46:Generated_Source\PSoC5/I_PRG_CNTL.c **** * \sideeffect
  47:Generated_Source\PSoC5/I_PRG_CNTL.c **** *  If you use read-modify-write operations that are not atomic; the Interrupt 
  48:Generated_Source\PSoC5/I_PRG_CNTL.c **** *  Service Routines (ISR) can cause corruption of this function. An ISR that 
  49:Generated_Source\PSoC5/I_PRG_CNTL.c **** *  interrupts this function and performs writes to the Pins component data 
  50:Generated_Source\PSoC5/I_PRG_CNTL.c **** *  register can cause corrupted port data. To avoid this issue, you should 
  51:Generated_Source\PSoC5/I_PRG_CNTL.c **** *  either use the Per-Pin APIs (primary method) or disable interrupts around 
  52:Generated_Source\PSoC5/I_PRG_CNTL.c **** *  this function.
  53:Generated_Source\PSoC5/I_PRG_CNTL.c **** *
  54:Generated_Source\PSoC5/I_PRG_CNTL.c **** * \funcusage
  55:Generated_Source\PSoC5/I_PRG_CNTL.c **** *  \snippet I_PRG_CNTL_SUT.c usage_I_PRG_CNTL_Write
  56:Generated_Source\PSoC5/I_PRG_CNTL.c **** *******************************************************************************/
  57:Generated_Source\PSoC5/I_PRG_CNTL.c **** void I_PRG_CNTL_Write(uint8 value)
  58:Generated_Source\PSoC5/I_PRG_CNTL.c **** {
  27              		.loc 1 58 0
  28              		.cfi_startproc
  29              		@ args = 0, pretend = 0, frame = 0
  30              		@ frame_needed = 0, uses_anonymous_args = 0
  31              		@ link register save eliminated.
  32              	.LVL0:
  59:Generated_Source\PSoC5/I_PRG_CNTL.c ****     uint8 staticBits = (I_PRG_CNTL_DR & (uint8)(~I_PRG_CNTL_MASK));
  33              		.loc 1 59 0
  34 0000 044A     		ldr	r2, .L2
  35 0002 1378     		ldrb	r3, [r2]	@ zero_extendqisi2
  36 0004 03F0F803 		and	r3, r3, #248
  37              	.LVL1:
  60:Generated_Source\PSoC5/I_PRG_CNTL.c ****     I_PRG_CNTL_DR = staticBits | ((uint8)(value << I_PRG_CNTL_SHIFT) & I_PRG_CNTL_MASK);
  38              		.loc 1 60 0
  39 0008 00F00700 		and	r0, r0, #7
  40              	.LVL2:
  41 000c 1843     		orrs	r0, r0, r3
  42 000e 1070     		strb	r0, [r2]
  43 0010 7047     		bx	lr
  44              	.L3:
  45 0012 00BF     		.align	2
  46              	.L2:
  47 0014 30510040 		.word	1073762608
  48              		.cfi_endproc
  49              	.LFE0:
  50              		.size	I_PRG_CNTL_Write, .-I_PRG_CNTL_Write
  51              		.section	.text.I_PRG_CNTL_SetDriveMode,"ax",%progbits
  52              		.align	2
  53              		.global	I_PRG_CNTL_SetDriveMode
  54              		.thumb
ARM GAS  C:\Users\kopusov.FT\AppData\Local\Temp\ccECnSKO.s 			page 3


  55              		.thumb_func
  56              		.type	I_PRG_CNTL_SetDriveMode, %function
  57              	I_PRG_CNTL_SetDriveMode:
  58              	.LFB1:
  61:Generated_Source\PSoC5/I_PRG_CNTL.c **** }
  62:Generated_Source\PSoC5/I_PRG_CNTL.c **** 
  63:Generated_Source\PSoC5/I_PRG_CNTL.c **** 
  64:Generated_Source\PSoC5/I_PRG_CNTL.c **** /*******************************************************************************
  65:Generated_Source\PSoC5/I_PRG_CNTL.c **** * Function Name: I_PRG_CNTL_SetDriveMode
  66:Generated_Source\PSoC5/I_PRG_CNTL.c **** ****************************************************************************//**
  67:Generated_Source\PSoC5/I_PRG_CNTL.c **** *
  68:Generated_Source\PSoC5/I_PRG_CNTL.c **** * \brief Sets the drive mode for each of the Pins component's pins.
  69:Generated_Source\PSoC5/I_PRG_CNTL.c **** * 
  70:Generated_Source\PSoC5/I_PRG_CNTL.c **** * <b>Note</b> This affects all pins in the Pins component instance. Use the
  71:Generated_Source\PSoC5/I_PRG_CNTL.c **** * Per-Pin APIs if you wish to control individual pin's drive modes.
  72:Generated_Source\PSoC5/I_PRG_CNTL.c **** *
  73:Generated_Source\PSoC5/I_PRG_CNTL.c **** * \param mode
  74:Generated_Source\PSoC5/I_PRG_CNTL.c **** *  Mode for the selected signals. Valid options are documented in 
  75:Generated_Source\PSoC5/I_PRG_CNTL.c **** *  \ref driveMode.
  76:Generated_Source\PSoC5/I_PRG_CNTL.c **** *
  77:Generated_Source\PSoC5/I_PRG_CNTL.c **** * \return
  78:Generated_Source\PSoC5/I_PRG_CNTL.c **** *  None
  79:Generated_Source\PSoC5/I_PRG_CNTL.c **** *
  80:Generated_Source\PSoC5/I_PRG_CNTL.c **** * \sideeffect
  81:Generated_Source\PSoC5/I_PRG_CNTL.c **** *  If you use read-modify-write operations that are not atomic, the ISR can
  82:Generated_Source\PSoC5/I_PRG_CNTL.c **** *  cause corruption of this function. An ISR that interrupts this function 
  83:Generated_Source\PSoC5/I_PRG_CNTL.c **** *  and performs writes to the Pins component Drive Mode registers can cause 
  84:Generated_Source\PSoC5/I_PRG_CNTL.c **** *  corrupted port data. To avoid this issue, you should either use the Per-Pin
  85:Generated_Source\PSoC5/I_PRG_CNTL.c **** *  APIs (primary method) or disable interrupts around this function.
  86:Generated_Source\PSoC5/I_PRG_CNTL.c **** *
  87:Generated_Source\PSoC5/I_PRG_CNTL.c **** * \funcusage
  88:Generated_Source\PSoC5/I_PRG_CNTL.c **** *  \snippet I_PRG_CNTL_SUT.c usage_I_PRG_CNTL_SetDriveMode
  89:Generated_Source\PSoC5/I_PRG_CNTL.c **** *******************************************************************************/
  90:Generated_Source\PSoC5/I_PRG_CNTL.c **** void I_PRG_CNTL_SetDriveMode(uint8 mode)
  91:Generated_Source\PSoC5/I_PRG_CNTL.c **** {
  59              		.loc 1 91 0
  60              		.cfi_startproc
  61              		@ args = 0, pretend = 0, frame = 0
  62              		@ frame_needed = 0, uses_anonymous_args = 0
  63              		@ link register save eliminated.
  64              	.LVL3:
  92:Generated_Source\PSoC5/I_PRG_CNTL.c **** 	CyPins_SetPinDriveMode(I_PRG_CNTL_0, mode);
  65              		.loc 1 92 0
  66 0000 0A4A     		ldr	r2, .L5
  67 0002 1378     		ldrb	r3, [r2]	@ zero_extendqisi2
  68 0004 00F00E00 		and	r0, r0, #14
  69              	.LVL4:
  70 0008 03F0F103 		and	r3, r3, #241
  71 000c 0343     		orrs	r3, r3, r0
  72 000e 1370     		strb	r3, [r2]
  93:Generated_Source\PSoC5/I_PRG_CNTL.c **** 	CyPins_SetPinDriveMode(I_PRG_CNTL_1, mode);
  73              		.loc 1 93 0
  74 0010 0132     		adds	r2, r2, #1
  75 0012 1378     		ldrb	r3, [r2]	@ zero_extendqisi2
  76 0014 03F0F103 		and	r3, r3, #241
  77 0018 0343     		orrs	r3, r3, r0
  78 001a 1370     		strb	r3, [r2]
ARM GAS  C:\Users\kopusov.FT\AppData\Local\Temp\ccECnSKO.s 			page 4


  94:Generated_Source\PSoC5/I_PRG_CNTL.c **** 	CyPins_SetPinDriveMode(I_PRG_CNTL_2, mode);
  79              		.loc 1 94 0
  80 001c 0132     		adds	r2, r2, #1
  81 001e 1378     		ldrb	r3, [r2]	@ zero_extendqisi2
  82 0020 03F0F103 		and	r3, r3, #241
  83 0024 1843     		orrs	r0, r0, r3
  84 0026 1070     		strb	r0, [r2]
  85 0028 7047     		bx	lr
  86              	.L6:
  87 002a 00BF     		.align	2
  88              	.L5:
  89 002c 18500040 		.word	1073762328
  90              		.cfi_endproc
  91              	.LFE1:
  92              		.size	I_PRG_CNTL_SetDriveMode, .-I_PRG_CNTL_SetDriveMode
  93              		.section	.text.I_PRG_CNTL_Read,"ax",%progbits
  94              		.align	2
  95              		.global	I_PRG_CNTL_Read
  96              		.thumb
  97              		.thumb_func
  98              		.type	I_PRG_CNTL_Read, %function
  99              	I_PRG_CNTL_Read:
 100              	.LFB2:
  95:Generated_Source\PSoC5/I_PRG_CNTL.c **** }
  96:Generated_Source\PSoC5/I_PRG_CNTL.c **** 
  97:Generated_Source\PSoC5/I_PRG_CNTL.c **** 
  98:Generated_Source\PSoC5/I_PRG_CNTL.c **** /*******************************************************************************
  99:Generated_Source\PSoC5/I_PRG_CNTL.c **** * Function Name: I_PRG_CNTL_Read
 100:Generated_Source\PSoC5/I_PRG_CNTL.c **** ****************************************************************************//**
 101:Generated_Source\PSoC5/I_PRG_CNTL.c **** *
 102:Generated_Source\PSoC5/I_PRG_CNTL.c **** * \brief Reads the associated physical port (pin status register) and masks 
 103:Generated_Source\PSoC5/I_PRG_CNTL.c **** *  the required bits according to the width and bit position of the component
 104:Generated_Source\PSoC5/I_PRG_CNTL.c **** *  instance. 
 105:Generated_Source\PSoC5/I_PRG_CNTL.c **** *
 106:Generated_Source\PSoC5/I_PRG_CNTL.c **** * The pin's status register returns the current logic level present on the 
 107:Generated_Source\PSoC5/I_PRG_CNTL.c **** * physical pin.
 108:Generated_Source\PSoC5/I_PRG_CNTL.c **** *
 109:Generated_Source\PSoC5/I_PRG_CNTL.c **** * \return 
 110:Generated_Source\PSoC5/I_PRG_CNTL.c **** *  The current value for the pins in the component as a right justified number.
 111:Generated_Source\PSoC5/I_PRG_CNTL.c **** *
 112:Generated_Source\PSoC5/I_PRG_CNTL.c **** * \funcusage
 113:Generated_Source\PSoC5/I_PRG_CNTL.c **** *  \snippet I_PRG_CNTL_SUT.c usage_I_PRG_CNTL_Read  
 114:Generated_Source\PSoC5/I_PRG_CNTL.c **** *******************************************************************************/
 115:Generated_Source\PSoC5/I_PRG_CNTL.c **** uint8 I_PRG_CNTL_Read(void)
 116:Generated_Source\PSoC5/I_PRG_CNTL.c **** {
 101              		.loc 1 116 0
 102              		.cfi_startproc
 103              		@ args = 0, pretend = 0, frame = 0
 104              		@ frame_needed = 0, uses_anonymous_args = 0
 105              		@ link register save eliminated.
 117:Generated_Source\PSoC5/I_PRG_CNTL.c ****     return (I_PRG_CNTL_PS & I_PRG_CNTL_MASK) >> I_PRG_CNTL_SHIFT;
 106              		.loc 1 117 0
 107 0000 024B     		ldr	r3, .L8
 108 0002 1878     		ldrb	r0, [r3]	@ zero_extendqisi2
 118:Generated_Source\PSoC5/I_PRG_CNTL.c **** }
 109              		.loc 1 118 0
 110 0004 00F00700 		and	r0, r0, #7
ARM GAS  C:\Users\kopusov.FT\AppData\Local\Temp\ccECnSKO.s 			page 5


 111 0008 7047     		bx	lr
 112              	.L9:
 113 000a 00BF     		.align	2
 114              	.L8:
 115 000c 31510040 		.word	1073762609
 116              		.cfi_endproc
 117              	.LFE2:
 118              		.size	I_PRG_CNTL_Read, .-I_PRG_CNTL_Read
 119              		.section	.text.I_PRG_CNTL_ReadDataReg,"ax",%progbits
 120              		.align	2
 121              		.global	I_PRG_CNTL_ReadDataReg
 122              		.thumb
 123              		.thumb_func
 124              		.type	I_PRG_CNTL_ReadDataReg, %function
 125              	I_PRG_CNTL_ReadDataReg:
 126              	.LFB3:
 119:Generated_Source\PSoC5/I_PRG_CNTL.c **** 
 120:Generated_Source\PSoC5/I_PRG_CNTL.c **** 
 121:Generated_Source\PSoC5/I_PRG_CNTL.c **** /*******************************************************************************
 122:Generated_Source\PSoC5/I_PRG_CNTL.c **** * Function Name: I_PRG_CNTL_ReadDataReg
 123:Generated_Source\PSoC5/I_PRG_CNTL.c **** ****************************************************************************//**
 124:Generated_Source\PSoC5/I_PRG_CNTL.c **** *
 125:Generated_Source\PSoC5/I_PRG_CNTL.c **** * \brief Reads the associated physical port's data output register and masks 
 126:Generated_Source\PSoC5/I_PRG_CNTL.c **** *  the correct bits according to the width and bit position of the component 
 127:Generated_Source\PSoC5/I_PRG_CNTL.c **** *  instance. 
 128:Generated_Source\PSoC5/I_PRG_CNTL.c **** *
 129:Generated_Source\PSoC5/I_PRG_CNTL.c **** * The data output register controls the signal applied to the physical pin in 
 130:Generated_Source\PSoC5/I_PRG_CNTL.c **** * conjunction with the drive mode parameter. This is not the same as the 
 131:Generated_Source\PSoC5/I_PRG_CNTL.c **** * preferred I_PRG_CNTL_Read() API because the 
 132:Generated_Source\PSoC5/I_PRG_CNTL.c **** * I_PRG_CNTL_ReadDataReg() reads the data register instead of the status 
 133:Generated_Source\PSoC5/I_PRG_CNTL.c **** * register. For output pins this is a useful function to determine the value 
 134:Generated_Source\PSoC5/I_PRG_CNTL.c **** * just written to the pin.
 135:Generated_Source\PSoC5/I_PRG_CNTL.c **** *
 136:Generated_Source\PSoC5/I_PRG_CNTL.c **** * \return 
 137:Generated_Source\PSoC5/I_PRG_CNTL.c **** *  The current value of the data register masked and shifted into a right 
 138:Generated_Source\PSoC5/I_PRG_CNTL.c **** *  justified number for the component instance.
 139:Generated_Source\PSoC5/I_PRG_CNTL.c **** *
 140:Generated_Source\PSoC5/I_PRG_CNTL.c **** * \funcusage
 141:Generated_Source\PSoC5/I_PRG_CNTL.c **** *  \snippet I_PRG_CNTL_SUT.c usage_I_PRG_CNTL_ReadDataReg 
 142:Generated_Source\PSoC5/I_PRG_CNTL.c **** *******************************************************************************/
 143:Generated_Source\PSoC5/I_PRG_CNTL.c **** uint8 I_PRG_CNTL_ReadDataReg(void)
 144:Generated_Source\PSoC5/I_PRG_CNTL.c **** {
 127              		.loc 1 144 0
 128              		.cfi_startproc
 129              		@ args = 0, pretend = 0, frame = 0
 130              		@ frame_needed = 0, uses_anonymous_args = 0
 131              		@ link register save eliminated.
 145:Generated_Source\PSoC5/I_PRG_CNTL.c ****     return (I_PRG_CNTL_DR & I_PRG_CNTL_MASK) >> I_PRG_CNTL_SHIFT;
 132              		.loc 1 145 0
 133 0000 024B     		ldr	r3, .L11
 134 0002 1878     		ldrb	r0, [r3]	@ zero_extendqisi2
 146:Generated_Source\PSoC5/I_PRG_CNTL.c **** }
 135              		.loc 1 146 0
 136 0004 00F00700 		and	r0, r0, #7
 137 0008 7047     		bx	lr
 138              	.L12:
 139 000a 00BF     		.align	2
ARM GAS  C:\Users\kopusov.FT\AppData\Local\Temp\ccECnSKO.s 			page 6


 140              	.L11:
 141 000c 30510040 		.word	1073762608
 142              		.cfi_endproc
 143              	.LFE3:
 144              		.size	I_PRG_CNTL_ReadDataReg, .-I_PRG_CNTL_ReadDataReg
 145              		.text
 146              	.Letext0:
 147              		.file 2 "Generated_Source\\PSoC5\\cytypes.h"
 148              		.section	.debug_info,"",%progbits
 149              	.Ldebug_info0:
 150 0000 1B010000 		.4byte	0x11b
 151 0004 0400     		.2byte	0x4
 152 0006 00000000 		.4byte	.Ldebug_abbrev0
 153 000a 04       		.byte	0x4
 154 000b 01       		.uleb128 0x1
 155 000c F2000000 		.4byte	.LASF20
 156 0010 01       		.byte	0x1
 157 0011 8D000000 		.4byte	.LASF21
 158 0015 11000000 		.4byte	.LASF22
 159 0019 00000000 		.4byte	.Ldebug_ranges0+0
 160 001d 00000000 		.4byte	0
 161 0021 00000000 		.4byte	.Ldebug_line0
 162 0025 02       		.uleb128 0x2
 163 0026 01       		.byte	0x1
 164 0027 06       		.byte	0x6
 165 0028 E6010000 		.4byte	.LASF0
 166 002c 02       		.uleb128 0x2
 167 002d 01       		.byte	0x1
 168 002e 08       		.byte	0x8
 169 002f 7F000000 		.4byte	.LASF1
 170 0033 02       		.uleb128 0x2
 171 0034 02       		.byte	0x2
 172 0035 05       		.byte	0x5
 173 0036 BC010000 		.4byte	.LASF2
 174 003a 02       		.uleb128 0x2
 175 003b 02       		.byte	0x2
 176 003c 07       		.byte	0x7
 177 003d C8000000 		.4byte	.LASF3
 178 0041 02       		.uleb128 0x2
 179 0042 04       		.byte	0x4
 180 0043 05       		.byte	0x5
 181 0044 DD010000 		.4byte	.LASF4
 182 0048 02       		.uleb128 0x2
 183 0049 04       		.byte	0x4
 184 004a 07       		.byte	0x7
 185 004b B6000000 		.4byte	.LASF5
 186 004f 02       		.uleb128 0x2
 187 0050 08       		.byte	0x8
 188 0051 05       		.byte	0x5
 189 0052 A9010000 		.4byte	.LASF6
 190 0056 02       		.uleb128 0x2
 191 0057 08       		.byte	0x8
 192 0058 07       		.byte	0x7
 193 0059 8D010000 		.4byte	.LASF7
 194 005d 03       		.uleb128 0x3
 195 005e 04       		.byte	0x4
 196 005f 05       		.byte	0x5
ARM GAS  C:\Users\kopusov.FT\AppData\Local\Temp\ccECnSKO.s 			page 7


 197 0060 696E7400 		.ascii	"int\000"
 198 0064 02       		.uleb128 0x2
 199 0065 04       		.byte	0x4
 200 0066 07       		.byte	0x7
 201 0067 80010000 		.4byte	.LASF8
 202 006b 04       		.uleb128 0x4
 203 006c D7010000 		.4byte	.LASF12
 204 0070 02       		.byte	0x2
 205 0071 9201     		.2byte	0x192
 206 0073 2C000000 		.4byte	0x2c
 207 0077 02       		.uleb128 0x2
 208 0078 04       		.byte	0x4
 209 0079 04       		.byte	0x4
 210 007a 79000000 		.4byte	.LASF9
 211 007e 02       		.uleb128 0x2
 212 007f 08       		.byte	0x8
 213 0080 04       		.byte	0x4
 214 0081 DB000000 		.4byte	.LASF10
 215 0085 02       		.uleb128 0x2
 216 0086 01       		.byte	0x1
 217 0087 08       		.byte	0x8
 218 0088 B7010000 		.4byte	.LASF11
 219 008c 04       		.uleb128 0x4
 220 008d B1000000 		.4byte	.LASF13
 221 0091 02       		.byte	0x2
 222 0092 3C02     		.2byte	0x23c
 223 0094 98000000 		.4byte	0x98
 224 0098 05       		.uleb128 0x5
 225 0099 6B000000 		.4byte	0x6b
 226 009d 06       		.uleb128 0x6
 227 009e C6010000 		.4byte	.LASF14
 228 00a2 01       		.byte	0x1
 229 00a3 39       		.byte	0x39
 230 00a4 00000000 		.4byte	.LFB0
 231 00a8 18000000 		.4byte	.LFE0-.LFB0
 232 00ac 01       		.uleb128 0x1
 233 00ad 9C       		.byte	0x9c
 234 00ae CF000000 		.4byte	0xcf
 235 00b2 07       		.uleb128 0x7
 236 00b3 00000000 		.4byte	.LASF16
 237 00b7 01       		.byte	0x1
 238 00b8 39       		.byte	0x39
 239 00b9 6B000000 		.4byte	0x6b
 240 00bd 00000000 		.4byte	.LLST0
 241 00c1 08       		.uleb128 0x8
 242 00c2 06000000 		.4byte	.LASF23
 243 00c6 01       		.byte	0x1
 244 00c7 3B       		.byte	0x3b
 245 00c8 6B000000 		.4byte	0x6b
 246 00cc 01       		.uleb128 0x1
 247 00cd 53       		.byte	0x53
 248 00ce 00       		.byte	0
 249 00cf 06       		.uleb128 0x6
 250 00d0 F2010000 		.4byte	.LASF15
 251 00d4 01       		.byte	0x1
 252 00d5 5A       		.byte	0x5a
 253 00d6 00000000 		.4byte	.LFB1
ARM GAS  C:\Users\kopusov.FT\AppData\Local\Temp\ccECnSKO.s 			page 8


 254 00da 30000000 		.4byte	.LFE1-.LFB1
 255 00de 01       		.uleb128 0x1
 256 00df 9C       		.byte	0x9c
 257 00e0 F4000000 		.4byte	0xf4
 258 00e4 07       		.uleb128 0x7
 259 00e5 A4010000 		.4byte	.LASF17
 260 00e9 01       		.byte	0x1
 261 00ea 5A       		.byte	0x5a
 262 00eb 6B000000 		.4byte	0x6b
 263 00ef 21000000 		.4byte	.LLST1
 264 00f3 00       		.byte	0
 265 00f4 09       		.uleb128 0x9
 266 00f5 E2000000 		.4byte	.LASF18
 267 00f9 01       		.byte	0x1
 268 00fa 73       		.byte	0x73
 269 00fb 6B000000 		.4byte	0x6b
 270 00ff 00000000 		.4byte	.LFB2
 271 0103 10000000 		.4byte	.LFE2-.LFB2
 272 0107 01       		.uleb128 0x1
 273 0108 9C       		.byte	0x9c
 274 0109 09       		.uleb128 0x9
 275 010a 62000000 		.4byte	.LASF19
 276 010e 01       		.byte	0x1
 277 010f 8F       		.byte	0x8f
 278 0110 6B000000 		.4byte	0x6b
 279 0114 00000000 		.4byte	.LFB3
 280 0118 10000000 		.4byte	.LFE3-.LFB3
 281 011c 01       		.uleb128 0x1
 282 011d 9C       		.byte	0x9c
 283 011e 00       		.byte	0
 284              		.section	.debug_abbrev,"",%progbits
 285              	.Ldebug_abbrev0:
 286 0000 01       		.uleb128 0x1
 287 0001 11       		.uleb128 0x11
 288 0002 01       		.byte	0x1
 289 0003 25       		.uleb128 0x25
 290 0004 0E       		.uleb128 0xe
 291 0005 13       		.uleb128 0x13
 292 0006 0B       		.uleb128 0xb
 293 0007 03       		.uleb128 0x3
 294 0008 0E       		.uleb128 0xe
 295 0009 1B       		.uleb128 0x1b
 296 000a 0E       		.uleb128 0xe
 297 000b 55       		.uleb128 0x55
 298 000c 17       		.uleb128 0x17
 299 000d 11       		.uleb128 0x11
 300 000e 01       		.uleb128 0x1
 301 000f 10       		.uleb128 0x10
 302 0010 17       		.uleb128 0x17
 303 0011 00       		.byte	0
 304 0012 00       		.byte	0
 305 0013 02       		.uleb128 0x2
 306 0014 24       		.uleb128 0x24
 307 0015 00       		.byte	0
 308 0016 0B       		.uleb128 0xb
 309 0017 0B       		.uleb128 0xb
 310 0018 3E       		.uleb128 0x3e
ARM GAS  C:\Users\kopusov.FT\AppData\Local\Temp\ccECnSKO.s 			page 9


 311 0019 0B       		.uleb128 0xb
 312 001a 03       		.uleb128 0x3
 313 001b 0E       		.uleb128 0xe
 314 001c 00       		.byte	0
 315 001d 00       		.byte	0
 316 001e 03       		.uleb128 0x3
 317 001f 24       		.uleb128 0x24
 318 0020 00       		.byte	0
 319 0021 0B       		.uleb128 0xb
 320 0022 0B       		.uleb128 0xb
 321 0023 3E       		.uleb128 0x3e
 322 0024 0B       		.uleb128 0xb
 323 0025 03       		.uleb128 0x3
 324 0026 08       		.uleb128 0x8
 325 0027 00       		.byte	0
 326 0028 00       		.byte	0
 327 0029 04       		.uleb128 0x4
 328 002a 16       		.uleb128 0x16
 329 002b 00       		.byte	0
 330 002c 03       		.uleb128 0x3
 331 002d 0E       		.uleb128 0xe
 332 002e 3A       		.uleb128 0x3a
 333 002f 0B       		.uleb128 0xb
 334 0030 3B       		.uleb128 0x3b
 335 0031 05       		.uleb128 0x5
 336 0032 49       		.uleb128 0x49
 337 0033 13       		.uleb128 0x13
 338 0034 00       		.byte	0
 339 0035 00       		.byte	0
 340 0036 05       		.uleb128 0x5
 341 0037 35       		.uleb128 0x35
 342 0038 00       		.byte	0
 343 0039 49       		.uleb128 0x49
 344 003a 13       		.uleb128 0x13
 345 003b 00       		.byte	0
 346 003c 00       		.byte	0
 347 003d 06       		.uleb128 0x6
 348 003e 2E       		.uleb128 0x2e
 349 003f 01       		.byte	0x1
 350 0040 3F       		.uleb128 0x3f
 351 0041 19       		.uleb128 0x19
 352 0042 03       		.uleb128 0x3
 353 0043 0E       		.uleb128 0xe
 354 0044 3A       		.uleb128 0x3a
 355 0045 0B       		.uleb128 0xb
 356 0046 3B       		.uleb128 0x3b
 357 0047 0B       		.uleb128 0xb
 358 0048 27       		.uleb128 0x27
 359 0049 19       		.uleb128 0x19
 360 004a 11       		.uleb128 0x11
 361 004b 01       		.uleb128 0x1
 362 004c 12       		.uleb128 0x12
 363 004d 06       		.uleb128 0x6
 364 004e 40       		.uleb128 0x40
 365 004f 18       		.uleb128 0x18
 366 0050 9742     		.uleb128 0x2117
 367 0052 19       		.uleb128 0x19
ARM GAS  C:\Users\kopusov.FT\AppData\Local\Temp\ccECnSKO.s 			page 10


 368 0053 01       		.uleb128 0x1
 369 0054 13       		.uleb128 0x13
 370 0055 00       		.byte	0
 371 0056 00       		.byte	0
 372 0057 07       		.uleb128 0x7
 373 0058 05       		.uleb128 0x5
 374 0059 00       		.byte	0
 375 005a 03       		.uleb128 0x3
 376 005b 0E       		.uleb128 0xe
 377 005c 3A       		.uleb128 0x3a
 378 005d 0B       		.uleb128 0xb
 379 005e 3B       		.uleb128 0x3b
 380 005f 0B       		.uleb128 0xb
 381 0060 49       		.uleb128 0x49
 382 0061 13       		.uleb128 0x13
 383 0062 02       		.uleb128 0x2
 384 0063 17       		.uleb128 0x17
 385 0064 00       		.byte	0
 386 0065 00       		.byte	0
 387 0066 08       		.uleb128 0x8
 388 0067 34       		.uleb128 0x34
 389 0068 00       		.byte	0
 390 0069 03       		.uleb128 0x3
 391 006a 0E       		.uleb128 0xe
 392 006b 3A       		.uleb128 0x3a
 393 006c 0B       		.uleb128 0xb
 394 006d 3B       		.uleb128 0x3b
 395 006e 0B       		.uleb128 0xb
 396 006f 49       		.uleb128 0x49
 397 0070 13       		.uleb128 0x13
 398 0071 02       		.uleb128 0x2
 399 0072 18       		.uleb128 0x18
 400 0073 00       		.byte	0
 401 0074 00       		.byte	0
 402 0075 09       		.uleb128 0x9
 403 0076 2E       		.uleb128 0x2e
 404 0077 00       		.byte	0
 405 0078 3F       		.uleb128 0x3f
 406 0079 19       		.uleb128 0x19
 407 007a 03       		.uleb128 0x3
 408 007b 0E       		.uleb128 0xe
 409 007c 3A       		.uleb128 0x3a
 410 007d 0B       		.uleb128 0xb
 411 007e 3B       		.uleb128 0x3b
 412 007f 0B       		.uleb128 0xb
 413 0080 27       		.uleb128 0x27
 414 0081 19       		.uleb128 0x19
 415 0082 49       		.uleb128 0x49
 416 0083 13       		.uleb128 0x13
 417 0084 11       		.uleb128 0x11
 418 0085 01       		.uleb128 0x1
 419 0086 12       		.uleb128 0x12
 420 0087 06       		.uleb128 0x6
 421 0088 40       		.uleb128 0x40
 422 0089 18       		.uleb128 0x18
 423 008a 9742     		.uleb128 0x2117
 424 008c 19       		.uleb128 0x19
ARM GAS  C:\Users\kopusov.FT\AppData\Local\Temp\ccECnSKO.s 			page 11


 425 008d 00       		.byte	0
 426 008e 00       		.byte	0
 427 008f 00       		.byte	0
 428              		.section	.debug_loc,"",%progbits
 429              	.Ldebug_loc0:
 430              	.LLST0:
 431 0000 00000000 		.4byte	.LVL0
 432 0004 0C000000 		.4byte	.LVL2
 433 0008 0100     		.2byte	0x1
 434 000a 50       		.byte	0x50
 435 000b 0C000000 		.4byte	.LVL2
 436 000f 18000000 		.4byte	.LFE0
 437 0013 0400     		.2byte	0x4
 438 0015 F3       		.byte	0xf3
 439 0016 01       		.uleb128 0x1
 440 0017 50       		.byte	0x50
 441 0018 9F       		.byte	0x9f
 442 0019 00000000 		.4byte	0
 443 001d 00000000 		.4byte	0
 444              	.LLST1:
 445 0021 00000000 		.4byte	.LVL3
 446 0025 08000000 		.4byte	.LVL4
 447 0029 0100     		.2byte	0x1
 448 002b 50       		.byte	0x50
 449 002c 08000000 		.4byte	.LVL4
 450 0030 30000000 		.4byte	.LFE1
 451 0034 0400     		.2byte	0x4
 452 0036 F3       		.byte	0xf3
 453 0037 01       		.uleb128 0x1
 454 0038 50       		.byte	0x50
 455 0039 9F       		.byte	0x9f
 456 003a 00000000 		.4byte	0
 457 003e 00000000 		.4byte	0
 458              		.section	.debug_aranges,"",%progbits
 459 0000 34000000 		.4byte	0x34
 460 0004 0200     		.2byte	0x2
 461 0006 00000000 		.4byte	.Ldebug_info0
 462 000a 04       		.byte	0x4
 463 000b 00       		.byte	0
 464 000c 0000     		.2byte	0
 465 000e 0000     		.2byte	0
 466 0010 00000000 		.4byte	.LFB0
 467 0014 18000000 		.4byte	.LFE0-.LFB0
 468 0018 00000000 		.4byte	.LFB1
 469 001c 30000000 		.4byte	.LFE1-.LFB1
 470 0020 00000000 		.4byte	.LFB2
 471 0024 10000000 		.4byte	.LFE2-.LFB2
 472 0028 00000000 		.4byte	.LFB3
 473 002c 10000000 		.4byte	.LFE3-.LFB3
 474 0030 00000000 		.4byte	0
 475 0034 00000000 		.4byte	0
 476              		.section	.debug_ranges,"",%progbits
 477              	.Ldebug_ranges0:
 478 0000 00000000 		.4byte	.LFB0
 479 0004 18000000 		.4byte	.LFE0
 480 0008 00000000 		.4byte	.LFB1
 481 000c 30000000 		.4byte	.LFE1
ARM GAS  C:\Users\kopusov.FT\AppData\Local\Temp\ccECnSKO.s 			page 12


 482 0010 00000000 		.4byte	.LFB2
 483 0014 10000000 		.4byte	.LFE2
 484 0018 00000000 		.4byte	.LFB3
 485 001c 10000000 		.4byte	.LFE3
 486 0020 00000000 		.4byte	0
 487 0024 00000000 		.4byte	0
 488              		.section	.debug_line,"",%progbits
 489              	.Ldebug_line0:
 490 0000 95000000 		.section	.debug_str,"MS",%progbits,1
 490      02004700 
 490      00000201 
 490      FB0E0D00 
 490      01010101 
 491              	.LASF16:
 492 0000 76616C75 		.ascii	"value\000"
 492      6500
 493              	.LASF23:
 494 0006 73746174 		.ascii	"staticBits\000"
 494      69634269 
 494      747300
 495              	.LASF22:
 496 0011 443A5C50 		.ascii	"D:\\PROJECT\\pgm\\Adaptor_CFP_CFP2_Cypress\\cfp_rea"
 496      524F4A45 
 496      43545C70 
 496      676D5C41 
 496      64617074 
 497 0040 6465725C 		.ascii	"der\\W_cfp_reader\\cfp_reader.cydsn\000"
 497      575F6366 
 497      705F7265 
 497      61646572 
 497      5C636670 
 498              	.LASF19:
 499 0062 495F5052 		.ascii	"I_PRG_CNTL_ReadDataReg\000"
 499      475F434E 
 499      544C5F52 
 499      65616444 
 499      61746152 
 500              	.LASF9:
 501 0079 666C6F61 		.ascii	"float\000"
 501      7400
 502              	.LASF1:
 503 007f 756E7369 		.ascii	"unsigned char\000"
 503      676E6564 
 503      20636861 
 503      7200
 504              	.LASF21:
 505 008d 47656E65 		.ascii	"Generated_Source\\PSoC5\\I_PRG_CNTL.c\000"
 505      72617465 
 505      645F536F 
 505      75726365 
 505      5C50536F 
 506              	.LASF13:
 507 00b1 72656738 		.ascii	"reg8\000"
 507      00
 508              	.LASF5:
 509 00b6 6C6F6E67 		.ascii	"long unsigned int\000"
 509      20756E73 
ARM GAS  C:\Users\kopusov.FT\AppData\Local\Temp\ccECnSKO.s 			page 13


 509      69676E65 
 509      6420696E 
 509      7400
 510              	.LASF3:
 511 00c8 73686F72 		.ascii	"short unsigned int\000"
 511      7420756E 
 511      7369676E 
 511      65642069 
 511      6E7400
 512              	.LASF10:
 513 00db 646F7562 		.ascii	"double\000"
 513      6C6500
 514              	.LASF18:
 515 00e2 495F5052 		.ascii	"I_PRG_CNTL_Read\000"
 515      475F434E 
 515      544C5F52 
 515      65616400 
 516              	.LASF20:
 517 00f2 474E5520 		.ascii	"GNU C 4.9.3 20150303 (release) [ARM/embedded-4_9-br"
 517      4320342E 
 517      392E3320 
 517      32303135 
 517      30333033 
 518 0125 616E6368 		.ascii	"anch revision 221220] -mcpu=cortex-m3 -mthumb -g -O"
 518      20726576 
 518      6973696F 
 518      6E203232 
 518      31323230 
 519 0158 67202D66 		.ascii	"g -ffunction-sections -ffat-lto-objects\000"
 519      66756E63 
 519      74696F6E 
 519      2D736563 
 519      74696F6E 
 520              	.LASF8:
 521 0180 756E7369 		.ascii	"unsigned int\000"
 521      676E6564 
 521      20696E74 
 521      00
 522              	.LASF7:
 523 018d 6C6F6E67 		.ascii	"long long unsigned int\000"
 523      206C6F6E 
 523      6720756E 
 523      7369676E 
 523      65642069 
 524              	.LASF17:
 525 01a4 6D6F6465 		.ascii	"mode\000"
 525      00
 526              	.LASF6:
 527 01a9 6C6F6E67 		.ascii	"long long int\000"
 527      206C6F6E 
 527      6720696E 
 527      7400
 528              	.LASF11:
 529 01b7 63686172 		.ascii	"char\000"
 529      00
 530              	.LASF2:
 531 01bc 73686F72 		.ascii	"short int\000"
ARM GAS  C:\Users\kopusov.FT\AppData\Local\Temp\ccECnSKO.s 			page 14


 531      7420696E 
 531      7400
 532              	.LASF14:
 533 01c6 495F5052 		.ascii	"I_PRG_CNTL_Write\000"
 533      475F434E 
 533      544C5F57 
 533      72697465 
 533      00
 534              	.LASF12:
 535 01d7 75696E74 		.ascii	"uint8\000"
 535      3800
 536              	.LASF4:
 537 01dd 6C6F6E67 		.ascii	"long int\000"
 537      20696E74 
 537      00
 538              	.LASF0:
 539 01e6 7369676E 		.ascii	"signed char\000"
 539      65642063 
 539      68617200 
 540              	.LASF15:
 541 01f2 495F5052 		.ascii	"I_PRG_CNTL_SetDriveMode\000"
 541      475F434E 
 541      544C5F53 
 541      65744472 
 541      6976654D 
 542              		.ident	"GCC: (GNU Tools for ARM Embedded Processors) 4.9.3 20150303 (release) [ARM/embedded-4_9-br
