ARM GAS  C:\Users\kopusov.FT\AppData\Local\Temp\ccE1jRSp.s 			page 1


   1              		.syntax unified
   2              		.cpu cortex-m3
   3              		.fpu softvfp
   4              		.eabi_attribute 20, 1
   5              		.eabi_attribute 21, 1
   6              		.eabi_attribute 23, 3
   7              		.eabi_attribute 24, 1
   8              		.eabi_attribute 25, 1
   9              		.eabi_attribute 26, 1
  10              		.eabi_attribute 30, 1
  11              		.eabi_attribute 34, 1
  12              		.eabi_attribute 18, 4
  13              		.thumb
  14              		.file	"MDIO_Host_1_INT.c"
  15              		.text
  16              	.Ltext0:
  17              		.cfi_sections	.debug_frame
  18              		.section	.text.MDIO_Host_1_ISR_InterruptHandler,"ax",%progbits
  19              		.align	2
  20              		.global	MDIO_Host_1_ISR_InterruptHandler
  21              		.thumb
  22              		.thumb_func
  23              		.type	MDIO_Host_1_ISR_InterruptHandler, %function
  24              	MDIO_Host_1_ISR_InterruptHandler:
  25              	.LFB63:
  26              		.file 1 "Generated_Source\\PSoC5\\MDIO_Host_1_INT.c"
   1:Generated_Source\PSoC5/MDIO_Host_1_INT.c **** /* ========================================
   2:Generated_Source\PSoC5/MDIO_Host_1_INT.c ****  *
   3:Generated_Source\PSoC5/MDIO_Host_1_INT.c ****  * Copyright YOUR COMPANY, THE YEAR
   4:Generated_Source\PSoC5/MDIO_Host_1_INT.c ****  * All Rights Reserved
   5:Generated_Source\PSoC5/MDIO_Host_1_INT.c ****  * UNPUBLISHED, LICENSED SOFTWARE.
   6:Generated_Source\PSoC5/MDIO_Host_1_INT.c ****  *
   7:Generated_Source\PSoC5/MDIO_Host_1_INT.c ****  * CONFIDENTIAL AND PROPRIETARY INFORMATION
   8:Generated_Source\PSoC5/MDIO_Host_1_INT.c ****  * WHICH IS THE PROPERTY OF your company.
   9:Generated_Source\PSoC5/MDIO_Host_1_INT.c ****  *
  10:Generated_Source\PSoC5/MDIO_Host_1_INT.c ****  * ========================================
  11:Generated_Source\PSoC5/MDIO_Host_1_INT.c **** */
  12:Generated_Source\PSoC5/MDIO_Host_1_INT.c **** #include "MDIO_Host_1.h"
  13:Generated_Source\PSoC5/MDIO_Host_1_INT.c **** //#include <device.h>
  14:Generated_Source\PSoC5/MDIO_Host_1_INT.c **** #include <project.h>
  15:Generated_Source\PSoC5/MDIO_Host_1_INT.c **** 
  16:Generated_Source\PSoC5/MDIO_Host_1_INT.c **** /* Data received MDIO Host */
  17:Generated_Source\PSoC5/MDIO_Host_1_INT.c **** volatile uint16 MDIO_Host_1_data_bits;
  18:Generated_Source\PSoC5/MDIO_Host_1_INT.c **** 
  19:Generated_Source\PSoC5/MDIO_Host_1_INT.c **** /* Internal Status Register */
  20:Generated_Source\PSoC5/MDIO_Host_1_INT.c **** volatile uint8  MDIO_Host_1_StatusRegister;
  21:Generated_Source\PSoC5/MDIO_Host_1_INT.c **** 
  22:Generated_Source\PSoC5/MDIO_Host_1_INT.c **** CY_ISR(MDIO_Host_1_ISR_InterruptHandler)
  23:Generated_Source\PSoC5/MDIO_Host_1_INT.c **** {
  27              		.loc 1 23 0
  28              		.cfi_startproc
  29              		@ args = 0, pretend = 0, frame = 0
  30              		@ frame_needed = 0, uses_anonymous_args = 0
  31              		@ link register save eliminated.
  24:Generated_Source\PSoC5/MDIO_Host_1_INT.c **** 	/* Get Data from FIFO f1 */
  25:Generated_Source\PSoC5/MDIO_Host_1_INT.c **** 	MDIO_Host_1_data_bits = CY_GET_REG16(MDIO_Host_1_FIFO_F1_PTR);
  32              		.loc 1 25 0
ARM GAS  C:\Users\kopusov.FT\AppData\Local\Temp\ccE1jRSp.s 			page 2


  33 0000 064B     		ldr	r3, .L2
  34 0002 1B88     		ldrh	r3, [r3]
  35 0004 9BB2     		uxth	r3, r3
  36 0006 064A     		ldr	r2, .L2+4
  37 0008 1380     		strh	r3, [r2]	@ movhi
  26:Generated_Source\PSoC5/MDIO_Host_1_INT.c **** 	
  27:Generated_Source\PSoC5/MDIO_Host_1_INT.c **** 	/* Clear control register */
  28:Generated_Source\PSoC5/MDIO_Host_1_INT.c **** 	MDIO_Host_1_CONTROL_REG &= MDIO_Host_1_ENABLE;
  38              		.loc 1 28 0
  39 000a 064A     		ldr	r2, .L2+8
  40 000c 1378     		ldrb	r3, [r2]	@ zero_extendqisi2
  41 000e 03F00103 		and	r3, r3, #1
  42 0012 1370     		strb	r3, [r2]
  29:Generated_Source\PSoC5/MDIO_Host_1_INT.c **** 	
  30:Generated_Source\PSoC5/MDIO_Host_1_INT.c **** 	/* Set complete status bit */
  31:Generated_Source\PSoC5/MDIO_Host_1_INT.c **** 	MDIO_Host_1_StatusRegister = MDIO_Host_1_MDIO_STS_CMPLT;
  43              		.loc 1 31 0
  44 0014 0822     		movs	r2, #8
  45 0016 044B     		ldr	r3, .L2+12
  46 0018 1A70     		strb	r2, [r3]
  47 001a 7047     		bx	lr
  48              	.L3:
  49              		.align	2
  50              	.L2:
  51 001c 54650040 		.word	1073767764
  52 0020 00000000 		.word	MDIO_Host_1_data_bits
  53 0024 75650040 		.word	1073767797
  54 0028 00000000 		.word	MDIO_Host_1_StatusRegister
  55              		.cfi_endproc
  56              	.LFE63:
  57              		.size	MDIO_Host_1_ISR_InterruptHandler, .-MDIO_Host_1_ISR_InterruptHandler
  58              		.comm	MDIO_Host_1_StatusRegister,1,1
  59              		.comm	MDIO_Host_1_data_bits,2,2
  60              		.text
  61              	.Letext0:
  62              		.file 2 "c:\\program files (x86)\\cypress\\psoc creator\\4.0\\psoc creator\\import\\gnu\\arm\\4.9.
  63              		.file 3 "c:\\program files (x86)\\cypress\\psoc creator\\4.0\\psoc creator\\import\\gnu\\arm\\4.9.
  64              		.file 4 "Generated_Source\\PSoC5\\cytypes.h"
  65              		.file 5 "Generated_Source\\PSoC5/core_cm3.h"
  66              		.section	.debug_info,"",%progbits
  67              	.Ldebug_info0:
  68 0000 18010000 		.4byte	0x118
  69 0004 0400     		.2byte	0x4
  70 0006 00000000 		.4byte	.Ldebug_abbrev0
  71 000a 04       		.byte	0x4
  72 000b 01       		.uleb128 0x1
  73 000c 63000000 		.4byte	.LASF22
  74 0010 01       		.byte	0x1
  75 0011 F1000000 		.4byte	.LASF23
  76 0015 63010000 		.4byte	.LASF24
  77 0019 00000000 		.4byte	.Ldebug_ranges0+0
  78 001d 00000000 		.4byte	0
  79 0021 00000000 		.4byte	.Ldebug_line0
  80 0025 02       		.uleb128 0x2
  81 0026 01       		.byte	0x1
  82 0027 06       		.byte	0x6
  83 0028 BD010000 		.4byte	.LASF0
ARM GAS  C:\Users\kopusov.FT\AppData\Local\Temp\ccE1jRSp.s 			page 3


  84 002c 02       		.uleb128 0x2
  85 002d 01       		.byte	0x1
  86 002e 08       		.byte	0x8
  87 002f 1A010000 		.4byte	.LASF1
  88 0033 02       		.uleb128 0x2
  89 0034 02       		.byte	0x2
  90 0035 05       		.byte	0x5
  91 0036 0A020000 		.4byte	.LASF2
  92 003a 02       		.uleb128 0x2
  93 003b 02       		.byte	0x2
  94 003c 07       		.byte	0x7
  95 003d 0E000000 		.4byte	.LASF3
  96 0041 03       		.uleb128 0x3
  97 0042 C9010000 		.4byte	.LASF9
  98 0046 02       		.byte	0x2
  99 0047 3F       		.byte	0x3f
 100 0048 4C000000 		.4byte	0x4c
 101 004c 02       		.uleb128 0x2
 102 004d 04       		.byte	0x4
 103 004e 05       		.byte	0x5
 104 004f 5A010000 		.4byte	.LASF4
 105 0053 02       		.uleb128 0x2
 106 0054 04       		.byte	0x4
 107 0055 07       		.byte	0x7
 108 0056 34000000 		.4byte	.LASF5
 109 005a 02       		.uleb128 0x2
 110 005b 08       		.byte	0x8
 111 005c 05       		.byte	0x5
 112 005d 00000000 		.4byte	.LASF6
 113 0061 02       		.uleb128 0x2
 114 0062 08       		.byte	0x8
 115 0063 07       		.byte	0x7
 116 0064 46000000 		.4byte	.LASF7
 117 0068 04       		.uleb128 0x4
 118 0069 04       		.byte	0x4
 119 006a 05       		.byte	0x5
 120 006b 696E7400 		.ascii	"int\000"
 121 006f 02       		.uleb128 0x2
 122 0070 04       		.byte	0x4
 123 0071 07       		.byte	0x7
 124 0072 21000000 		.4byte	.LASF8
 125 0076 03       		.uleb128 0x3
 126 0077 1B020000 		.4byte	.LASF10
 127 007b 03       		.byte	0x3
 128 007c 2C       		.byte	0x2c
 129 007d 41000000 		.4byte	0x41
 130 0081 05       		.uleb128 0x5
 131 0082 2E000000 		.4byte	.LASF11
 132 0086 04       		.byte	0x4
 133 0087 9201     		.2byte	0x192
 134 0089 2C000000 		.4byte	0x2c
 135 008d 05       		.uleb128 0x5
 136 008e 14020000 		.4byte	.LASF12
 137 0092 04       		.byte	0x4
 138 0093 9301     		.2byte	0x193
 139 0095 3A000000 		.4byte	0x3a
 140 0099 02       		.uleb128 0x2
ARM GAS  C:\Users\kopusov.FT\AppData\Local\Temp\ccE1jRSp.s 			page 4


 141 009a 04       		.byte	0x4
 142 009b 04       		.byte	0x4
 143 009c 5D000000 		.4byte	.LASF13
 144 00a0 02       		.uleb128 0x2
 145 00a1 08       		.byte	0x8
 146 00a2 04       		.byte	0x4
 147 00a3 53010000 		.4byte	.LASF14
 148 00a7 02       		.uleb128 0x2
 149 00a8 01       		.byte	0x1
 150 00a9 08       		.byte	0x8
 151 00aa 43010000 		.4byte	.LASF15
 152 00ae 05       		.uleb128 0x5
 153 00af 48010000 		.4byte	.LASF16
 154 00b3 04       		.byte	0x4
 155 00b4 3C02     		.2byte	0x23c
 156 00b6 BA000000 		.4byte	0xba
 157 00ba 06       		.uleb128 0x6
 158 00bb 81000000 		.4byte	0x81
 159 00bf 05       		.uleb128 0x5
 160 00c0 4D010000 		.4byte	.LASF17
 161 00c4 04       		.byte	0x4
 162 00c5 3D02     		.2byte	0x23d
 163 00c7 CB000000 		.4byte	0xcb
 164 00cb 06       		.uleb128 0x6
 165 00cc 8D000000 		.4byte	0x8d
 166 00d0 02       		.uleb128 0x2
 167 00d1 04       		.byte	0x4
 168 00d2 07       		.byte	0x7
 169 00d3 23020000 		.4byte	.LASF18
 170 00d7 07       		.uleb128 0x7
 171 00d8 D3010000 		.4byte	.LASF25
 172 00dc 01       		.byte	0x1
 173 00dd 16       		.byte	0x16
 174 00de 00000000 		.4byte	.LFB63
 175 00e2 2C000000 		.4byte	.LFE63-.LFB63
 176 00e6 01       		.uleb128 0x1
 177 00e7 9C       		.byte	0x9c
 178 00e8 08       		.uleb128 0x8
 179 00e9 B0010000 		.4byte	.LASF19
 180 00ed 05       		.byte	0x5
 181 00ee 9606     		.2byte	0x696
 182 00f0 F4000000 		.4byte	0xf4
 183 00f4 06       		.uleb128 0x6
 184 00f5 76000000 		.4byte	0x76
 185 00f9 09       		.uleb128 0x9
 186 00fa F4010000 		.4byte	.LASF20
 187 00fe 01       		.byte	0x1
 188 00ff 11       		.byte	0x11
 189 0100 CB000000 		.4byte	0xcb
 190 0104 05       		.uleb128 0x5
 191 0105 03       		.byte	0x3
 192 0106 00000000 		.4byte	MDIO_Host_1_data_bits
 193 010a 09       		.uleb128 0x9
 194 010b 28010000 		.4byte	.LASF21
 195 010f 01       		.byte	0x1
 196 0110 14       		.byte	0x14
 197 0111 BA000000 		.4byte	0xba
ARM GAS  C:\Users\kopusov.FT\AppData\Local\Temp\ccE1jRSp.s 			page 5


 198 0115 05       		.uleb128 0x5
 199 0116 03       		.byte	0x3
 200 0117 00000000 		.4byte	MDIO_Host_1_StatusRegister
 201 011b 00       		.byte	0
 202              		.section	.debug_abbrev,"",%progbits
 203              	.Ldebug_abbrev0:
 204 0000 01       		.uleb128 0x1
 205 0001 11       		.uleb128 0x11
 206 0002 01       		.byte	0x1
 207 0003 25       		.uleb128 0x25
 208 0004 0E       		.uleb128 0xe
 209 0005 13       		.uleb128 0x13
 210 0006 0B       		.uleb128 0xb
 211 0007 03       		.uleb128 0x3
 212 0008 0E       		.uleb128 0xe
 213 0009 1B       		.uleb128 0x1b
 214 000a 0E       		.uleb128 0xe
 215 000b 55       		.uleb128 0x55
 216 000c 17       		.uleb128 0x17
 217 000d 11       		.uleb128 0x11
 218 000e 01       		.uleb128 0x1
 219 000f 10       		.uleb128 0x10
 220 0010 17       		.uleb128 0x17
 221 0011 00       		.byte	0
 222 0012 00       		.byte	0
 223 0013 02       		.uleb128 0x2
 224 0014 24       		.uleb128 0x24
 225 0015 00       		.byte	0
 226 0016 0B       		.uleb128 0xb
 227 0017 0B       		.uleb128 0xb
 228 0018 3E       		.uleb128 0x3e
 229 0019 0B       		.uleb128 0xb
 230 001a 03       		.uleb128 0x3
 231 001b 0E       		.uleb128 0xe
 232 001c 00       		.byte	0
 233 001d 00       		.byte	0
 234 001e 03       		.uleb128 0x3
 235 001f 16       		.uleb128 0x16
 236 0020 00       		.byte	0
 237 0021 03       		.uleb128 0x3
 238 0022 0E       		.uleb128 0xe
 239 0023 3A       		.uleb128 0x3a
 240 0024 0B       		.uleb128 0xb
 241 0025 3B       		.uleb128 0x3b
 242 0026 0B       		.uleb128 0xb
 243 0027 49       		.uleb128 0x49
 244 0028 13       		.uleb128 0x13
 245 0029 00       		.byte	0
 246 002a 00       		.byte	0
 247 002b 04       		.uleb128 0x4
 248 002c 24       		.uleb128 0x24
 249 002d 00       		.byte	0
 250 002e 0B       		.uleb128 0xb
 251 002f 0B       		.uleb128 0xb
 252 0030 3E       		.uleb128 0x3e
 253 0031 0B       		.uleb128 0xb
 254 0032 03       		.uleb128 0x3
ARM GAS  C:\Users\kopusov.FT\AppData\Local\Temp\ccE1jRSp.s 			page 6


 255 0033 08       		.uleb128 0x8
 256 0034 00       		.byte	0
 257 0035 00       		.byte	0
 258 0036 05       		.uleb128 0x5
 259 0037 16       		.uleb128 0x16
 260 0038 00       		.byte	0
 261 0039 03       		.uleb128 0x3
 262 003a 0E       		.uleb128 0xe
 263 003b 3A       		.uleb128 0x3a
 264 003c 0B       		.uleb128 0xb
 265 003d 3B       		.uleb128 0x3b
 266 003e 05       		.uleb128 0x5
 267 003f 49       		.uleb128 0x49
 268 0040 13       		.uleb128 0x13
 269 0041 00       		.byte	0
 270 0042 00       		.byte	0
 271 0043 06       		.uleb128 0x6
 272 0044 35       		.uleb128 0x35
 273 0045 00       		.byte	0
 274 0046 49       		.uleb128 0x49
 275 0047 13       		.uleb128 0x13
 276 0048 00       		.byte	0
 277 0049 00       		.byte	0
 278 004a 07       		.uleb128 0x7
 279 004b 2E       		.uleb128 0x2e
 280 004c 00       		.byte	0
 281 004d 3F       		.uleb128 0x3f
 282 004e 19       		.uleb128 0x19
 283 004f 03       		.uleb128 0x3
 284 0050 0E       		.uleb128 0xe
 285 0051 3A       		.uleb128 0x3a
 286 0052 0B       		.uleb128 0xb
 287 0053 3B       		.uleb128 0x3b
 288 0054 0B       		.uleb128 0xb
 289 0055 27       		.uleb128 0x27
 290 0056 19       		.uleb128 0x19
 291 0057 11       		.uleb128 0x11
 292 0058 01       		.uleb128 0x1
 293 0059 12       		.uleb128 0x12
 294 005a 06       		.uleb128 0x6
 295 005b 40       		.uleb128 0x40
 296 005c 18       		.uleb128 0x18
 297 005d 9742     		.uleb128 0x2117
 298 005f 19       		.uleb128 0x19
 299 0060 00       		.byte	0
 300 0061 00       		.byte	0
 301 0062 08       		.uleb128 0x8
 302 0063 34       		.uleb128 0x34
 303 0064 00       		.byte	0
 304 0065 03       		.uleb128 0x3
 305 0066 0E       		.uleb128 0xe
 306 0067 3A       		.uleb128 0x3a
 307 0068 0B       		.uleb128 0xb
 308 0069 3B       		.uleb128 0x3b
 309 006a 05       		.uleb128 0x5
 310 006b 49       		.uleb128 0x49
 311 006c 13       		.uleb128 0x13
ARM GAS  C:\Users\kopusov.FT\AppData\Local\Temp\ccE1jRSp.s 			page 7


 312 006d 3F       		.uleb128 0x3f
 313 006e 19       		.uleb128 0x19
 314 006f 3C       		.uleb128 0x3c
 315 0070 19       		.uleb128 0x19
 316 0071 00       		.byte	0
 317 0072 00       		.byte	0
 318 0073 09       		.uleb128 0x9
 319 0074 34       		.uleb128 0x34
 320 0075 00       		.byte	0
 321 0076 03       		.uleb128 0x3
 322 0077 0E       		.uleb128 0xe
 323 0078 3A       		.uleb128 0x3a
 324 0079 0B       		.uleb128 0xb
 325 007a 3B       		.uleb128 0x3b
 326 007b 0B       		.uleb128 0xb
 327 007c 49       		.uleb128 0x49
 328 007d 13       		.uleb128 0x13
 329 007e 3F       		.uleb128 0x3f
 330 007f 19       		.uleb128 0x19
 331 0080 02       		.uleb128 0x2
 332 0081 18       		.uleb128 0x18
 333 0082 00       		.byte	0
 334 0083 00       		.byte	0
 335 0084 00       		.byte	0
 336              		.section	.debug_aranges,"",%progbits
 337 0000 1C000000 		.4byte	0x1c
 338 0004 0200     		.2byte	0x2
 339 0006 00000000 		.4byte	.Ldebug_info0
 340 000a 04       		.byte	0x4
 341 000b 00       		.byte	0
 342 000c 0000     		.2byte	0
 343 000e 0000     		.2byte	0
 344 0010 00000000 		.4byte	.LFB63
 345 0014 2C000000 		.4byte	.LFE63-.LFB63
 346 0018 00000000 		.4byte	0
 347 001c 00000000 		.4byte	0
 348              		.section	.debug_ranges,"",%progbits
 349              	.Ldebug_ranges0:
 350 0000 00000000 		.4byte	.LFB63
 351 0004 2C000000 		.4byte	.LFE63
 352 0008 00000000 		.4byte	0
 353 000c 00000000 		.4byte	0
 354              		.section	.debug_line,"",%progbits
 355              	.Ldebug_line0:
 356 0000 6A010000 		.section	.debug_str,"MS",%progbits,1
 356      02005201 
 356      00000201 
 356      FB0E0D00 
 356      01010101 
 357              	.LASF6:
 358 0000 6C6F6E67 		.ascii	"long long int\000"
 358      206C6F6E 
 358      6720696E 
 358      7400
 359              	.LASF3:
 360 000e 73686F72 		.ascii	"short unsigned int\000"
 360      7420756E 
ARM GAS  C:\Users\kopusov.FT\AppData\Local\Temp\ccE1jRSp.s 			page 8


 360      7369676E 
 360      65642069 
 360      6E7400
 361              	.LASF8:
 362 0021 756E7369 		.ascii	"unsigned int\000"
 362      676E6564 
 362      20696E74 
 362      00
 363              	.LASF11:
 364 002e 75696E74 		.ascii	"uint8\000"
 364      3800
 365              	.LASF5:
 366 0034 6C6F6E67 		.ascii	"long unsigned int\000"
 366      20756E73 
 366      69676E65 
 366      6420696E 
 366      7400
 367              	.LASF7:
 368 0046 6C6F6E67 		.ascii	"long long unsigned int\000"
 368      206C6F6E 
 368      6720756E 
 368      7369676E 
 368      65642069 
 369              	.LASF13:
 370 005d 666C6F61 		.ascii	"float\000"
 370      7400
 371              	.LASF22:
 372 0063 474E5520 		.ascii	"GNU C 4.9.3 20150303 (release) [ARM/embedded-4_9-br"
 372      4320342E 
 372      392E3320 
 372      32303135 
 372      30333033 
 373 0096 616E6368 		.ascii	"anch revision 221220] -mcpu=cortex-m3 -mthumb -g -O"
 373      20726576 
 373      6973696F 
 373      6E203232 
 373      31323230 
 374 00c9 67202D66 		.ascii	"g -ffunction-sections -ffat-lto-objects\000"
 374      66756E63 
 374      74696F6E 
 374      2D736563 
 374      74696F6E 
 375              	.LASF23:
 376 00f1 47656E65 		.ascii	"Generated_Source\\PSoC5\\MDIO_Host_1_INT.c\000"
 376      72617465 
 376      645F536F 
 376      75726365 
 376      5C50536F 
 377              	.LASF1:
 378 011a 756E7369 		.ascii	"unsigned char\000"
 378      676E6564 
 378      20636861 
 378      7200
 379              	.LASF21:
 380 0128 4D44494F 		.ascii	"MDIO_Host_1_StatusRegister\000"
 380      5F486F73 
 380      745F315F 
ARM GAS  C:\Users\kopusov.FT\AppData\Local\Temp\ccE1jRSp.s 			page 9


 380      53746174 
 380      75735265 
 381              	.LASF15:
 382 0143 63686172 		.ascii	"char\000"
 382      00
 383              	.LASF16:
 384 0148 72656738 		.ascii	"reg8\000"
 384      00
 385              	.LASF17:
 386 014d 72656731 		.ascii	"reg16\000"
 386      3600
 387              	.LASF14:
 388 0153 646F7562 		.ascii	"double\000"
 388      6C6500
 389              	.LASF4:
 390 015a 6C6F6E67 		.ascii	"long int\000"
 390      20696E74 
 390      00
 391              	.LASF24:
 392 0163 443A5C70 		.ascii	"D:\\pgm\\Cypress_dem_board\\CFP_reader\\cfp_reader\\"
 392      676D5C43 
 392      79707265 
 392      73735F64 
 392      656D5F62 
 393 0192 575F6366 		.ascii	"W_cfp_reader\\cfp_reader.cydsn\000"
 393      705F7265 
 393      61646572 
 393      5C636670 
 393      5F726561 
 394              	.LASF19:
 395 01b0 49544D5F 		.ascii	"ITM_RxBuffer\000"
 395      52784275 
 395      66666572 
 395      00
 396              	.LASF0:
 397 01bd 7369676E 		.ascii	"signed char\000"
 397      65642063 
 397      68617200 
 398              	.LASF9:
 399 01c9 5F5F696E 		.ascii	"__int32_t\000"
 399      7433325F 
 399      7400
 400              	.LASF25:
 401 01d3 4D44494F 		.ascii	"MDIO_Host_1_ISR_InterruptHandler\000"
 401      5F486F73 
 401      745F315F 
 401      4953525F 
 401      496E7465 
 402              	.LASF20:
 403 01f4 4D44494F 		.ascii	"MDIO_Host_1_data_bits\000"
 403      5F486F73 
 403      745F315F 
 403      64617461 
 403      5F626974 
 404              	.LASF2:
 405 020a 73686F72 		.ascii	"short int\000"
 405      7420696E 
ARM GAS  C:\Users\kopusov.FT\AppData\Local\Temp\ccE1jRSp.s 			page 10


 405      7400
 406              	.LASF12:
 407 0214 75696E74 		.ascii	"uint16\000"
 407      313600
 408              	.LASF10:
 409 021b 696E7433 		.ascii	"int32_t\000"
 409      325F7400 
 410              	.LASF18:
 411 0223 73697A65 		.ascii	"sizetype\000"
 411      74797065 
 411      00
 412              		.ident	"GCC: (GNU Tools for ARM Embedded Processors) 4.9.3 20150303 (release) [ARM/embedded-4_9-br
