ARM GAS  C:\Users\kopusov.FT\AppData\Local\Temp\ccQ3MOki.s 			page 1


   1              		.syntax unified
   2              		.cpu cortex-m3
   3              		.fpu softvfp
   4              		.eabi_attribute 20, 1
   5              		.eabi_attribute 21, 1
   6              		.eabi_attribute 23, 3
   7              		.eabi_attribute 24, 1
   8              		.eabi_attribute 25, 1
   9              		.eabi_attribute 26, 1
  10              		.eabi_attribute 30, 1
  11              		.eabi_attribute 34, 1
  12              		.eabi_attribute 18, 4
  13              		.thumb
  14              		.file	"O_ALM.c"
  15              		.text
  16              	.Ltext0:
  17              		.cfi_sections	.debug_frame
  18              		.section	.text.O_ALM_Write,"ax",%progbits
  19              		.align	2
  20              		.global	O_ALM_Write
  21              		.thumb
  22              		.thumb_func
  23              		.type	O_ALM_Write, %function
  24              	O_ALM_Write:
  25              	.LFB0:
  26              		.file 1 "Generated_Source\\PSoC5\\O_ALM.c"
   1:Generated_Source\PSoC5/O_ALM.c **** /*******************************************************************************
   2:Generated_Source\PSoC5/O_ALM.c **** * File Name: O_ALM.c  
   3:Generated_Source\PSoC5/O_ALM.c **** * Version 2.20
   4:Generated_Source\PSoC5/O_ALM.c **** *
   5:Generated_Source\PSoC5/O_ALM.c **** * Description:
   6:Generated_Source\PSoC5/O_ALM.c **** *  This file contains API to enable firmware control of a Pins component.
   7:Generated_Source\PSoC5/O_ALM.c **** *
   8:Generated_Source\PSoC5/O_ALM.c **** * Note:
   9:Generated_Source\PSoC5/O_ALM.c **** *
  10:Generated_Source\PSoC5/O_ALM.c **** ********************************************************************************
  11:Generated_Source\PSoC5/O_ALM.c **** * Copyright 2008-2015, Cypress Semiconductor Corporation.  All rights reserved.
  12:Generated_Source\PSoC5/O_ALM.c **** * You may use this file only in accordance with the license, terms, conditions, 
  13:Generated_Source\PSoC5/O_ALM.c **** * disclaimers, and limitations in the end user license agreement accompanying 
  14:Generated_Source\PSoC5/O_ALM.c **** * the software package with which this file was provided.
  15:Generated_Source\PSoC5/O_ALM.c **** *******************************************************************************/
  16:Generated_Source\PSoC5/O_ALM.c **** 
  17:Generated_Source\PSoC5/O_ALM.c **** #include "cytypes.h"
  18:Generated_Source\PSoC5/O_ALM.c **** #include "O_ALM.h"
  19:Generated_Source\PSoC5/O_ALM.c **** 
  20:Generated_Source\PSoC5/O_ALM.c **** /* APIs are not generated for P15[7:6] on PSoC 5 */
  21:Generated_Source\PSoC5/O_ALM.c **** #if !(CY_PSOC5A &&\
  22:Generated_Source\PSoC5/O_ALM.c **** 	 O_ALM__PORT == 15 && ((O_ALM__MASK & 0xC0) != 0))
  23:Generated_Source\PSoC5/O_ALM.c **** 
  24:Generated_Source\PSoC5/O_ALM.c **** 
  25:Generated_Source\PSoC5/O_ALM.c **** /*******************************************************************************
  26:Generated_Source\PSoC5/O_ALM.c **** * Function Name: O_ALM_Write
  27:Generated_Source\PSoC5/O_ALM.c **** ****************************************************************************//**
  28:Generated_Source\PSoC5/O_ALM.c **** *
  29:Generated_Source\PSoC5/O_ALM.c **** * \brief Writes the value to the physical port (data output register), masking
  30:Generated_Source\PSoC5/O_ALM.c **** *  and shifting the bits appropriately. 
  31:Generated_Source\PSoC5/O_ALM.c **** *
ARM GAS  C:\Users\kopusov.FT\AppData\Local\Temp\ccQ3MOki.s 			page 2


  32:Generated_Source\PSoC5/O_ALM.c **** * The data output register controls the signal applied to the physical pin in 
  33:Generated_Source\PSoC5/O_ALM.c **** * conjunction with the drive mode parameter. This function avoids changing 
  34:Generated_Source\PSoC5/O_ALM.c **** * other bits in the port by using the appropriate method (read-modify-write or
  35:Generated_Source\PSoC5/O_ALM.c **** * bit banding).
  36:Generated_Source\PSoC5/O_ALM.c **** *
  37:Generated_Source\PSoC5/O_ALM.c **** * <b>Note</b> This function should not be used on a hardware digital output pin 
  38:Generated_Source\PSoC5/O_ALM.c **** * as it is driven by the hardware signal attached to it.
  39:Generated_Source\PSoC5/O_ALM.c **** *
  40:Generated_Source\PSoC5/O_ALM.c **** * \param value
  41:Generated_Source\PSoC5/O_ALM.c **** *  Value to write to the component instance.
  42:Generated_Source\PSoC5/O_ALM.c **** *
  43:Generated_Source\PSoC5/O_ALM.c **** * \return 
  44:Generated_Source\PSoC5/O_ALM.c **** *  None 
  45:Generated_Source\PSoC5/O_ALM.c **** *
  46:Generated_Source\PSoC5/O_ALM.c **** * \sideeffect
  47:Generated_Source\PSoC5/O_ALM.c **** *  If you use read-modify-write operations that are not atomic; the Interrupt 
  48:Generated_Source\PSoC5/O_ALM.c **** *  Service Routines (ISR) can cause corruption of this function. An ISR that 
  49:Generated_Source\PSoC5/O_ALM.c **** *  interrupts this function and performs writes to the Pins component data 
  50:Generated_Source\PSoC5/O_ALM.c **** *  register can cause corrupted port data. To avoid this issue, you should 
  51:Generated_Source\PSoC5/O_ALM.c **** *  either use the Per-Pin APIs (primary method) or disable interrupts around 
  52:Generated_Source\PSoC5/O_ALM.c **** *  this function.
  53:Generated_Source\PSoC5/O_ALM.c **** *
  54:Generated_Source\PSoC5/O_ALM.c **** * \funcusage
  55:Generated_Source\PSoC5/O_ALM.c **** *  \snippet O_ALM_SUT.c usage_O_ALM_Write
  56:Generated_Source\PSoC5/O_ALM.c **** *******************************************************************************/
  57:Generated_Source\PSoC5/O_ALM.c **** void O_ALM_Write(uint8 value)
  58:Generated_Source\PSoC5/O_ALM.c **** {
  27              		.loc 1 58 0
  28              		.cfi_startproc
  29              		@ args = 0, pretend = 0, frame = 0
  30              		@ frame_needed = 0, uses_anonymous_args = 0
  31              		@ link register save eliminated.
  32              	.LVL0:
  59:Generated_Source\PSoC5/O_ALM.c ****     uint8 staticBits = (O_ALM_DR & (uint8)(~O_ALM_MASK));
  33              		.loc 1 59 0
  34 0000 044A     		ldr	r2, .L2
  35 0002 1378     		ldrb	r3, [r2]	@ zero_extendqisi2
  36 0004 03F0C703 		and	r3, r3, #199
  37              	.LVL1:
  60:Generated_Source\PSoC5/O_ALM.c ****     O_ALM_DR = staticBits | ((uint8)(value << O_ALM_SHIFT) & O_ALM_MASK);
  38              		.loc 1 60 0
  39 0008 C000     		lsls	r0, r0, #3
  40              	.LVL2:
  41 000a 00F03800 		and	r0, r0, #56
  42 000e 1843     		orrs	r0, r0, r3
  43 0010 1070     		strb	r0, [r2]
  44 0012 7047     		bx	lr
  45              	.L3:
  46              		.align	2
  47              	.L2:
  48 0014 30510040 		.word	1073762608
  49              		.cfi_endproc
  50              	.LFE0:
  51              		.size	O_ALM_Write, .-O_ALM_Write
  52              		.section	.text.O_ALM_SetDriveMode,"ax",%progbits
  53              		.align	2
  54              		.global	O_ALM_SetDriveMode
ARM GAS  C:\Users\kopusov.FT\AppData\Local\Temp\ccQ3MOki.s 			page 3


  55              		.thumb
  56              		.thumb_func
  57              		.type	O_ALM_SetDriveMode, %function
  58              	O_ALM_SetDriveMode:
  59              	.LFB1:
  61:Generated_Source\PSoC5/O_ALM.c **** }
  62:Generated_Source\PSoC5/O_ALM.c **** 
  63:Generated_Source\PSoC5/O_ALM.c **** 
  64:Generated_Source\PSoC5/O_ALM.c **** /*******************************************************************************
  65:Generated_Source\PSoC5/O_ALM.c **** * Function Name: O_ALM_SetDriveMode
  66:Generated_Source\PSoC5/O_ALM.c **** ****************************************************************************//**
  67:Generated_Source\PSoC5/O_ALM.c **** *
  68:Generated_Source\PSoC5/O_ALM.c **** * \brief Sets the drive mode for each of the Pins component's pins.
  69:Generated_Source\PSoC5/O_ALM.c **** * 
  70:Generated_Source\PSoC5/O_ALM.c **** * <b>Note</b> This affects all pins in the Pins component instance. Use the
  71:Generated_Source\PSoC5/O_ALM.c **** * Per-Pin APIs if you wish to control individual pin's drive modes.
  72:Generated_Source\PSoC5/O_ALM.c **** *
  73:Generated_Source\PSoC5/O_ALM.c **** * \param mode
  74:Generated_Source\PSoC5/O_ALM.c **** *  Mode for the selected signals. Valid options are documented in 
  75:Generated_Source\PSoC5/O_ALM.c **** *  \ref driveMode.
  76:Generated_Source\PSoC5/O_ALM.c **** *
  77:Generated_Source\PSoC5/O_ALM.c **** * \return
  78:Generated_Source\PSoC5/O_ALM.c **** *  None
  79:Generated_Source\PSoC5/O_ALM.c **** *
  80:Generated_Source\PSoC5/O_ALM.c **** * \sideeffect
  81:Generated_Source\PSoC5/O_ALM.c **** *  If you use read-modify-write operations that are not atomic, the ISR can
  82:Generated_Source\PSoC5/O_ALM.c **** *  cause corruption of this function. An ISR that interrupts this function 
  83:Generated_Source\PSoC5/O_ALM.c **** *  and performs writes to the Pins component Drive Mode registers can cause 
  84:Generated_Source\PSoC5/O_ALM.c **** *  corrupted port data. To avoid this issue, you should either use the Per-Pin
  85:Generated_Source\PSoC5/O_ALM.c **** *  APIs (primary method) or disable interrupts around this function.
  86:Generated_Source\PSoC5/O_ALM.c **** *
  87:Generated_Source\PSoC5/O_ALM.c **** * \funcusage
  88:Generated_Source\PSoC5/O_ALM.c **** *  \snippet O_ALM_SUT.c usage_O_ALM_SetDriveMode
  89:Generated_Source\PSoC5/O_ALM.c **** *******************************************************************************/
  90:Generated_Source\PSoC5/O_ALM.c **** void O_ALM_SetDriveMode(uint8 mode)
  91:Generated_Source\PSoC5/O_ALM.c **** {
  60              		.loc 1 91 0
  61              		.cfi_startproc
  62              		@ args = 0, pretend = 0, frame = 0
  63              		@ frame_needed = 0, uses_anonymous_args = 0
  64              		@ link register save eliminated.
  65              	.LVL3:
  92:Generated_Source\PSoC5/O_ALM.c **** 	CyPins_SetPinDriveMode(O_ALM_0, mode);
  66              		.loc 1 92 0
  67 0000 0A4A     		ldr	r2, .L5
  68 0002 1378     		ldrb	r3, [r2]	@ zero_extendqisi2
  69 0004 00F00E00 		and	r0, r0, #14
  70              	.LVL4:
  71 0008 03F0F103 		and	r3, r3, #241
  72 000c 0343     		orrs	r3, r3, r0
  73 000e 1370     		strb	r3, [r2]
  93:Generated_Source\PSoC5/O_ALM.c **** 	CyPins_SetPinDriveMode(O_ALM_1, mode);
  74              		.loc 1 93 0
  75 0010 0132     		adds	r2, r2, #1
  76 0012 1378     		ldrb	r3, [r2]	@ zero_extendqisi2
  77 0014 03F0F103 		and	r3, r3, #241
  78 0018 0343     		orrs	r3, r3, r0
ARM GAS  C:\Users\kopusov.FT\AppData\Local\Temp\ccQ3MOki.s 			page 4


  79 001a 1370     		strb	r3, [r2]
  94:Generated_Source\PSoC5/O_ALM.c **** 	CyPins_SetPinDriveMode(O_ALM_2, mode);
  80              		.loc 1 94 0
  81 001c 0132     		adds	r2, r2, #1
  82 001e 1378     		ldrb	r3, [r2]	@ zero_extendqisi2
  83 0020 03F0F103 		and	r3, r3, #241
  84 0024 1843     		orrs	r0, r0, r3
  85 0026 1070     		strb	r0, [r2]
  86 0028 7047     		bx	lr
  87              	.L6:
  88 002a 00BF     		.align	2
  89              	.L5:
  90 002c 1B500040 		.word	1073762331
  91              		.cfi_endproc
  92              	.LFE1:
  93              		.size	O_ALM_SetDriveMode, .-O_ALM_SetDriveMode
  94              		.section	.text.O_ALM_Read,"ax",%progbits
  95              		.align	2
  96              		.global	O_ALM_Read
  97              		.thumb
  98              		.thumb_func
  99              		.type	O_ALM_Read, %function
 100              	O_ALM_Read:
 101              	.LFB2:
  95:Generated_Source\PSoC5/O_ALM.c **** }
  96:Generated_Source\PSoC5/O_ALM.c **** 
  97:Generated_Source\PSoC5/O_ALM.c **** 
  98:Generated_Source\PSoC5/O_ALM.c **** /*******************************************************************************
  99:Generated_Source\PSoC5/O_ALM.c **** * Function Name: O_ALM_Read
 100:Generated_Source\PSoC5/O_ALM.c **** ****************************************************************************//**
 101:Generated_Source\PSoC5/O_ALM.c **** *
 102:Generated_Source\PSoC5/O_ALM.c **** * \brief Reads the associated physical port (pin status register) and masks 
 103:Generated_Source\PSoC5/O_ALM.c **** *  the required bits according to the width and bit position of the component
 104:Generated_Source\PSoC5/O_ALM.c **** *  instance. 
 105:Generated_Source\PSoC5/O_ALM.c **** *
 106:Generated_Source\PSoC5/O_ALM.c **** * The pin's status register returns the current logic level present on the 
 107:Generated_Source\PSoC5/O_ALM.c **** * physical pin.
 108:Generated_Source\PSoC5/O_ALM.c **** *
 109:Generated_Source\PSoC5/O_ALM.c **** * \return 
 110:Generated_Source\PSoC5/O_ALM.c **** *  The current value for the pins in the component as a right justified number.
 111:Generated_Source\PSoC5/O_ALM.c **** *
 112:Generated_Source\PSoC5/O_ALM.c **** * \funcusage
 113:Generated_Source\PSoC5/O_ALM.c **** *  \snippet O_ALM_SUT.c usage_O_ALM_Read  
 114:Generated_Source\PSoC5/O_ALM.c **** *******************************************************************************/
 115:Generated_Source\PSoC5/O_ALM.c **** uint8 O_ALM_Read(void)
 116:Generated_Source\PSoC5/O_ALM.c **** {
 102              		.loc 1 116 0
 103              		.cfi_startproc
 104              		@ args = 0, pretend = 0, frame = 0
 105              		@ frame_needed = 0, uses_anonymous_args = 0
 106              		@ link register save eliminated.
 117:Generated_Source\PSoC5/O_ALM.c ****     return (O_ALM_PS & O_ALM_MASK) >> O_ALM_SHIFT;
 107              		.loc 1 117 0
 108 0000 024B     		ldr	r3, .L8
 109 0002 1878     		ldrb	r0, [r3]	@ zero_extendqisi2
 118:Generated_Source\PSoC5/O_ALM.c **** }
 110              		.loc 1 118 0
ARM GAS  C:\Users\kopusov.FT\AppData\Local\Temp\ccQ3MOki.s 			page 5


 111 0004 C0F3C200 		ubfx	r0, r0, #3, #3
 112 0008 7047     		bx	lr
 113              	.L9:
 114 000a 00BF     		.align	2
 115              	.L8:
 116 000c 31510040 		.word	1073762609
 117              		.cfi_endproc
 118              	.LFE2:
 119              		.size	O_ALM_Read, .-O_ALM_Read
 120              		.section	.text.O_ALM_ReadDataReg,"ax",%progbits
 121              		.align	2
 122              		.global	O_ALM_ReadDataReg
 123              		.thumb
 124              		.thumb_func
 125              		.type	O_ALM_ReadDataReg, %function
 126              	O_ALM_ReadDataReg:
 127              	.LFB3:
 119:Generated_Source\PSoC5/O_ALM.c **** 
 120:Generated_Source\PSoC5/O_ALM.c **** 
 121:Generated_Source\PSoC5/O_ALM.c **** /*******************************************************************************
 122:Generated_Source\PSoC5/O_ALM.c **** * Function Name: O_ALM_ReadDataReg
 123:Generated_Source\PSoC5/O_ALM.c **** ****************************************************************************//**
 124:Generated_Source\PSoC5/O_ALM.c **** *
 125:Generated_Source\PSoC5/O_ALM.c **** * \brief Reads the associated physical port's data output register and masks 
 126:Generated_Source\PSoC5/O_ALM.c **** *  the correct bits according to the width and bit position of the component 
 127:Generated_Source\PSoC5/O_ALM.c **** *  instance. 
 128:Generated_Source\PSoC5/O_ALM.c **** *
 129:Generated_Source\PSoC5/O_ALM.c **** * The data output register controls the signal applied to the physical pin in 
 130:Generated_Source\PSoC5/O_ALM.c **** * conjunction with the drive mode parameter. This is not the same as the 
 131:Generated_Source\PSoC5/O_ALM.c **** * preferred O_ALM_Read() API because the 
 132:Generated_Source\PSoC5/O_ALM.c **** * O_ALM_ReadDataReg() reads the data register instead of the status 
 133:Generated_Source\PSoC5/O_ALM.c **** * register. For output pins this is a useful function to determine the value 
 134:Generated_Source\PSoC5/O_ALM.c **** * just written to the pin.
 135:Generated_Source\PSoC5/O_ALM.c **** *
 136:Generated_Source\PSoC5/O_ALM.c **** * \return 
 137:Generated_Source\PSoC5/O_ALM.c **** *  The current value of the data register masked and shifted into a right 
 138:Generated_Source\PSoC5/O_ALM.c **** *  justified number for the component instance.
 139:Generated_Source\PSoC5/O_ALM.c **** *
 140:Generated_Source\PSoC5/O_ALM.c **** * \funcusage
 141:Generated_Source\PSoC5/O_ALM.c **** *  \snippet O_ALM_SUT.c usage_O_ALM_ReadDataReg 
 142:Generated_Source\PSoC5/O_ALM.c **** *******************************************************************************/
 143:Generated_Source\PSoC5/O_ALM.c **** uint8 O_ALM_ReadDataReg(void)
 144:Generated_Source\PSoC5/O_ALM.c **** {
 128              		.loc 1 144 0
 129              		.cfi_startproc
 130              		@ args = 0, pretend = 0, frame = 0
 131              		@ frame_needed = 0, uses_anonymous_args = 0
 132              		@ link register save eliminated.
 145:Generated_Source\PSoC5/O_ALM.c ****     return (O_ALM_DR & O_ALM_MASK) >> O_ALM_SHIFT;
 133              		.loc 1 145 0
 134 0000 024B     		ldr	r3, .L11
 135 0002 1878     		ldrb	r0, [r3]	@ zero_extendqisi2
 146:Generated_Source\PSoC5/O_ALM.c **** }
 136              		.loc 1 146 0
 137 0004 C0F3C200 		ubfx	r0, r0, #3, #3
 138 0008 7047     		bx	lr
 139              	.L12:
ARM GAS  C:\Users\kopusov.FT\AppData\Local\Temp\ccQ3MOki.s 			page 6


 140 000a 00BF     		.align	2
 141              	.L11:
 142 000c 30510040 		.word	1073762608
 143              		.cfi_endproc
 144              	.LFE3:
 145              		.size	O_ALM_ReadDataReg, .-O_ALM_ReadDataReg
 146              		.text
 147              	.Letext0:
 148              		.file 2 "Generated_Source\\PSoC5\\cytypes.h"
 149              		.section	.debug_info,"",%progbits
 150              	.Ldebug_info0:
 151 0000 1B010000 		.4byte	0x11b
 152 0004 0400     		.2byte	0x4
 153 0006 00000000 		.4byte	.Ldebug_abbrev0
 154 000a 04       		.byte	0x4
 155 000b 01       		.uleb128 0x1
 156 000c D8000000 		.4byte	.LASF20
 157 0010 01       		.byte	0x1
 158 0011 9A010000 		.4byte	.LASF21
 159 0015 36000000 		.4byte	.LASF22
 160 0019 00000000 		.4byte	.Ldebug_ranges0+0
 161 001d 00000000 		.4byte	0
 162 0021 00000000 		.4byte	.Ldebug_line0
 163 0025 02       		.uleb128 0x2
 164 0026 01       		.byte	0x1
 165 0027 06       		.byte	0x6
 166 0028 E5010000 		.4byte	.LASF0
 167 002c 02       		.uleb128 0x2
 168 002d 01       		.byte	0x1
 169 002e 08       		.byte	0x8
 170 002f 99000000 		.4byte	.LASF1
 171 0033 02       		.uleb128 0x2
 172 0034 02       		.byte	0x2
 173 0035 05       		.byte	0x5
 174 0036 CC010000 		.4byte	.LASF2
 175 003a 02       		.uleb128 0x2
 176 003b 02       		.byte	0x2
 177 003c 07       		.byte	0x7
 178 003d BE000000 		.4byte	.LASF3
 179 0041 02       		.uleb128 0x2
 180 0042 04       		.byte	0x4
 181 0043 05       		.byte	0x5
 182 0044 DC010000 		.4byte	.LASF4
 183 0048 02       		.uleb128 0x2
 184 0049 04       		.byte	0x4
 185 004a 07       		.byte	0x7
 186 004b AC000000 		.4byte	.LASF5
 187 004f 02       		.uleb128 0x2
 188 0050 08       		.byte	0x8
 189 0051 05       		.byte	0x5
 190 0052 B9010000 		.4byte	.LASF6
 191 0056 02       		.uleb128 0x2
 192 0057 08       		.byte	0x8
 193 0058 07       		.byte	0x7
 194 0059 73010000 		.4byte	.LASF7
 195 005d 03       		.uleb128 0x3
 196 005e 04       		.byte	0x4
ARM GAS  C:\Users\kopusov.FT\AppData\Local\Temp\ccQ3MOki.s 			page 7


 197 005f 05       		.byte	0x5
 198 0060 696E7400 		.ascii	"int\000"
 199 0064 02       		.uleb128 0x2
 200 0065 04       		.byte	0x4
 201 0066 07       		.byte	0x7
 202 0067 66010000 		.4byte	.LASF8
 203 006b 04       		.uleb128 0x4
 204 006c D6010000 		.4byte	.LASF12
 205 0070 02       		.byte	0x2
 206 0071 9201     		.2byte	0x192
 207 0073 2C000000 		.4byte	0x2c
 208 0077 02       		.uleb128 0x2
 209 0078 04       		.byte	0x4
 210 0079 04       		.byte	0x4
 211 007a 93000000 		.4byte	.LASF9
 212 007e 02       		.uleb128 0x2
 213 007f 08       		.byte	0x8
 214 0080 04       		.byte	0x4
 215 0081 D1000000 		.4byte	.LASF10
 216 0085 02       		.uleb128 0x2
 217 0086 01       		.byte	0x1
 218 0087 08       		.byte	0x8
 219 0088 C7010000 		.4byte	.LASF11
 220 008c 04       		.uleb128 0x4
 221 008d A7000000 		.4byte	.LASF13
 222 0091 02       		.byte	0x2
 223 0092 3C02     		.2byte	0x23c
 224 0094 98000000 		.4byte	0x98
 225 0098 05       		.uleb128 0x5
 226 0099 6B000000 		.4byte	0x6b
 227 009d 06       		.uleb128 0x6
 228 009e 87000000 		.4byte	.LASF14
 229 00a2 01       		.byte	0x1
 230 00a3 39       		.byte	0x39
 231 00a4 00000000 		.4byte	.LFB0
 232 00a8 18000000 		.4byte	.LFE0-.LFB0
 233 00ac 01       		.uleb128 0x1
 234 00ad 9C       		.byte	0x9c
 235 00ae CF000000 		.4byte	0xcf
 236 00b2 07       		.uleb128 0x7
 237 00b3 13000000 		.4byte	.LASF16
 238 00b7 01       		.byte	0x1
 239 00b8 39       		.byte	0x39
 240 00b9 6B000000 		.4byte	0x6b
 241 00bd 00000000 		.4byte	.LLST0
 242 00c1 08       		.uleb128 0x8
 243 00c2 19000000 		.4byte	.LASF23
 244 00c6 01       		.byte	0x1
 245 00c7 3B       		.byte	0x3b
 246 00c8 6B000000 		.4byte	0x6b
 247 00cc 01       		.uleb128 0x1
 248 00cd 53       		.byte	0x53
 249 00ce 00       		.byte	0
 250 00cf 06       		.uleb128 0x6
 251 00d0 00000000 		.4byte	.LASF15
 252 00d4 01       		.byte	0x1
 253 00d5 5A       		.byte	0x5a
ARM GAS  C:\Users\kopusov.FT\AppData\Local\Temp\ccQ3MOki.s 			page 8


 254 00d6 00000000 		.4byte	.LFB1
 255 00da 30000000 		.4byte	.LFE1-.LFB1
 256 00de 01       		.uleb128 0x1
 257 00df 9C       		.byte	0x9c
 258 00e0 F4000000 		.4byte	0xf4
 259 00e4 07       		.uleb128 0x7
 260 00e5 8A010000 		.4byte	.LASF17
 261 00e9 01       		.byte	0x1
 262 00ea 5A       		.byte	0x5a
 263 00eb 6B000000 		.4byte	0x6b
 264 00ef 21000000 		.4byte	.LLST1
 265 00f3 00       		.byte	0
 266 00f4 09       		.uleb128 0x9
 267 00f5 8F010000 		.4byte	.LASF18
 268 00f9 01       		.byte	0x1
 269 00fa 73       		.byte	0x73
 270 00fb 6B000000 		.4byte	0x6b
 271 00ff 00000000 		.4byte	.LFB2
 272 0103 10000000 		.4byte	.LFE2-.LFB2
 273 0107 01       		.uleb128 0x1
 274 0108 9C       		.byte	0x9c
 275 0109 09       		.uleb128 0x9
 276 010a 24000000 		.4byte	.LASF19
 277 010e 01       		.byte	0x1
 278 010f 8F       		.byte	0x8f
 279 0110 6B000000 		.4byte	0x6b
 280 0114 00000000 		.4byte	.LFB3
 281 0118 10000000 		.4byte	.LFE3-.LFB3
 282 011c 01       		.uleb128 0x1
 283 011d 9C       		.byte	0x9c
 284 011e 00       		.byte	0
 285              		.section	.debug_abbrev,"",%progbits
 286              	.Ldebug_abbrev0:
 287 0000 01       		.uleb128 0x1
 288 0001 11       		.uleb128 0x11
 289 0002 01       		.byte	0x1
 290 0003 25       		.uleb128 0x25
 291 0004 0E       		.uleb128 0xe
 292 0005 13       		.uleb128 0x13
 293 0006 0B       		.uleb128 0xb
 294 0007 03       		.uleb128 0x3
 295 0008 0E       		.uleb128 0xe
 296 0009 1B       		.uleb128 0x1b
 297 000a 0E       		.uleb128 0xe
 298 000b 55       		.uleb128 0x55
 299 000c 17       		.uleb128 0x17
 300 000d 11       		.uleb128 0x11
 301 000e 01       		.uleb128 0x1
 302 000f 10       		.uleb128 0x10
 303 0010 17       		.uleb128 0x17
 304 0011 00       		.byte	0
 305 0012 00       		.byte	0
 306 0013 02       		.uleb128 0x2
 307 0014 24       		.uleb128 0x24
 308 0015 00       		.byte	0
 309 0016 0B       		.uleb128 0xb
 310 0017 0B       		.uleb128 0xb
ARM GAS  C:\Users\kopusov.FT\AppData\Local\Temp\ccQ3MOki.s 			page 9


 311 0018 3E       		.uleb128 0x3e
 312 0019 0B       		.uleb128 0xb
 313 001a 03       		.uleb128 0x3
 314 001b 0E       		.uleb128 0xe
 315 001c 00       		.byte	0
 316 001d 00       		.byte	0
 317 001e 03       		.uleb128 0x3
 318 001f 24       		.uleb128 0x24
 319 0020 00       		.byte	0
 320 0021 0B       		.uleb128 0xb
 321 0022 0B       		.uleb128 0xb
 322 0023 3E       		.uleb128 0x3e
 323 0024 0B       		.uleb128 0xb
 324 0025 03       		.uleb128 0x3
 325 0026 08       		.uleb128 0x8
 326 0027 00       		.byte	0
 327 0028 00       		.byte	0
 328 0029 04       		.uleb128 0x4
 329 002a 16       		.uleb128 0x16
 330 002b 00       		.byte	0
 331 002c 03       		.uleb128 0x3
 332 002d 0E       		.uleb128 0xe
 333 002e 3A       		.uleb128 0x3a
 334 002f 0B       		.uleb128 0xb
 335 0030 3B       		.uleb128 0x3b
 336 0031 05       		.uleb128 0x5
 337 0032 49       		.uleb128 0x49
 338 0033 13       		.uleb128 0x13
 339 0034 00       		.byte	0
 340 0035 00       		.byte	0
 341 0036 05       		.uleb128 0x5
 342 0037 35       		.uleb128 0x35
 343 0038 00       		.byte	0
 344 0039 49       		.uleb128 0x49
 345 003a 13       		.uleb128 0x13
 346 003b 00       		.byte	0
 347 003c 00       		.byte	0
 348 003d 06       		.uleb128 0x6
 349 003e 2E       		.uleb128 0x2e
 350 003f 01       		.byte	0x1
 351 0040 3F       		.uleb128 0x3f
 352 0041 19       		.uleb128 0x19
 353 0042 03       		.uleb128 0x3
 354 0043 0E       		.uleb128 0xe
 355 0044 3A       		.uleb128 0x3a
 356 0045 0B       		.uleb128 0xb
 357 0046 3B       		.uleb128 0x3b
 358 0047 0B       		.uleb128 0xb
 359 0048 27       		.uleb128 0x27
 360 0049 19       		.uleb128 0x19
 361 004a 11       		.uleb128 0x11
 362 004b 01       		.uleb128 0x1
 363 004c 12       		.uleb128 0x12
 364 004d 06       		.uleb128 0x6
 365 004e 40       		.uleb128 0x40
 366 004f 18       		.uleb128 0x18
 367 0050 9742     		.uleb128 0x2117
ARM GAS  C:\Users\kopusov.FT\AppData\Local\Temp\ccQ3MOki.s 			page 10


 368 0052 19       		.uleb128 0x19
 369 0053 01       		.uleb128 0x1
 370 0054 13       		.uleb128 0x13
 371 0055 00       		.byte	0
 372 0056 00       		.byte	0
 373 0057 07       		.uleb128 0x7
 374 0058 05       		.uleb128 0x5
 375 0059 00       		.byte	0
 376 005a 03       		.uleb128 0x3
 377 005b 0E       		.uleb128 0xe
 378 005c 3A       		.uleb128 0x3a
 379 005d 0B       		.uleb128 0xb
 380 005e 3B       		.uleb128 0x3b
 381 005f 0B       		.uleb128 0xb
 382 0060 49       		.uleb128 0x49
 383 0061 13       		.uleb128 0x13
 384 0062 02       		.uleb128 0x2
 385 0063 17       		.uleb128 0x17
 386 0064 00       		.byte	0
 387 0065 00       		.byte	0
 388 0066 08       		.uleb128 0x8
 389 0067 34       		.uleb128 0x34
 390 0068 00       		.byte	0
 391 0069 03       		.uleb128 0x3
 392 006a 0E       		.uleb128 0xe
 393 006b 3A       		.uleb128 0x3a
 394 006c 0B       		.uleb128 0xb
 395 006d 3B       		.uleb128 0x3b
 396 006e 0B       		.uleb128 0xb
 397 006f 49       		.uleb128 0x49
 398 0070 13       		.uleb128 0x13
 399 0071 02       		.uleb128 0x2
 400 0072 18       		.uleb128 0x18
 401 0073 00       		.byte	0
 402 0074 00       		.byte	0
 403 0075 09       		.uleb128 0x9
 404 0076 2E       		.uleb128 0x2e
 405 0077 00       		.byte	0
 406 0078 3F       		.uleb128 0x3f
 407 0079 19       		.uleb128 0x19
 408 007a 03       		.uleb128 0x3
 409 007b 0E       		.uleb128 0xe
 410 007c 3A       		.uleb128 0x3a
 411 007d 0B       		.uleb128 0xb
 412 007e 3B       		.uleb128 0x3b
 413 007f 0B       		.uleb128 0xb
 414 0080 27       		.uleb128 0x27
 415 0081 19       		.uleb128 0x19
 416 0082 49       		.uleb128 0x49
 417 0083 13       		.uleb128 0x13
 418 0084 11       		.uleb128 0x11
 419 0085 01       		.uleb128 0x1
 420 0086 12       		.uleb128 0x12
 421 0087 06       		.uleb128 0x6
 422 0088 40       		.uleb128 0x40
 423 0089 18       		.uleb128 0x18
 424 008a 9742     		.uleb128 0x2117
ARM GAS  C:\Users\kopusov.FT\AppData\Local\Temp\ccQ3MOki.s 			page 11


 425 008c 19       		.uleb128 0x19
 426 008d 00       		.byte	0
 427 008e 00       		.byte	0
 428 008f 00       		.byte	0
 429              		.section	.debug_loc,"",%progbits
 430              	.Ldebug_loc0:
 431              	.LLST0:
 432 0000 00000000 		.4byte	.LVL0
 433 0004 0A000000 		.4byte	.LVL2
 434 0008 0100     		.2byte	0x1
 435 000a 50       		.byte	0x50
 436 000b 0A000000 		.4byte	.LVL2
 437 000f 18000000 		.4byte	.LFE0
 438 0013 0400     		.2byte	0x4
 439 0015 F3       		.byte	0xf3
 440 0016 01       		.uleb128 0x1
 441 0017 50       		.byte	0x50
 442 0018 9F       		.byte	0x9f
 443 0019 00000000 		.4byte	0
 444 001d 00000000 		.4byte	0
 445              	.LLST1:
 446 0021 00000000 		.4byte	.LVL3
 447 0025 08000000 		.4byte	.LVL4
 448 0029 0100     		.2byte	0x1
 449 002b 50       		.byte	0x50
 450 002c 08000000 		.4byte	.LVL4
 451 0030 30000000 		.4byte	.LFE1
 452 0034 0400     		.2byte	0x4
 453 0036 F3       		.byte	0xf3
 454 0037 01       		.uleb128 0x1
 455 0038 50       		.byte	0x50
 456 0039 9F       		.byte	0x9f
 457 003a 00000000 		.4byte	0
 458 003e 00000000 		.4byte	0
 459              		.section	.debug_aranges,"",%progbits
 460 0000 34000000 		.4byte	0x34
 461 0004 0200     		.2byte	0x2
 462 0006 00000000 		.4byte	.Ldebug_info0
 463 000a 04       		.byte	0x4
 464 000b 00       		.byte	0
 465 000c 0000     		.2byte	0
 466 000e 0000     		.2byte	0
 467 0010 00000000 		.4byte	.LFB0
 468 0014 18000000 		.4byte	.LFE0-.LFB0
 469 0018 00000000 		.4byte	.LFB1
 470 001c 30000000 		.4byte	.LFE1-.LFB1
 471 0020 00000000 		.4byte	.LFB2
 472 0024 10000000 		.4byte	.LFE2-.LFB2
 473 0028 00000000 		.4byte	.LFB3
 474 002c 10000000 		.4byte	.LFE3-.LFB3
 475 0030 00000000 		.4byte	0
 476 0034 00000000 		.4byte	0
 477              		.section	.debug_ranges,"",%progbits
 478              	.Ldebug_ranges0:
 479 0000 00000000 		.4byte	.LFB0
 480 0004 18000000 		.4byte	.LFE0
 481 0008 00000000 		.4byte	.LFB1
ARM GAS  C:\Users\kopusov.FT\AppData\Local\Temp\ccQ3MOki.s 			page 12


 482 000c 30000000 		.4byte	.LFE1
 483 0010 00000000 		.4byte	.LFB2
 484 0014 10000000 		.4byte	.LFE2
 485 0018 00000000 		.4byte	.LFB3
 486 001c 10000000 		.4byte	.LFE3
 487 0020 00000000 		.4byte	0
 488 0024 00000000 		.4byte	0
 489              		.section	.debug_line,"",%progbits
 490              	.Ldebug_line0:
 491 0000 90000000 		.section	.debug_str,"MS",%progbits,1
 491      02004200 
 491      00000201 
 491      FB0E0D00 
 491      01010101 
 492              	.LASF15:
 493 0000 4F5F414C 		.ascii	"O_ALM_SetDriveMode\000"
 493      4D5F5365 
 493      74447269 
 493      76654D6F 
 493      646500
 494              	.LASF16:
 495 0013 76616C75 		.ascii	"value\000"
 495      6500
 496              	.LASF23:
 497 0019 73746174 		.ascii	"staticBits\000"
 497      69634269 
 497      747300
 498              	.LASF19:
 499 0024 4F5F414C 		.ascii	"O_ALM_ReadDataReg\000"
 499      4D5F5265 
 499      61644461 
 499      74615265 
 499      6700
 500              	.LASF22:
 501 0036 443A5C50 		.ascii	"D:\\PROJECT\\pgm\\Adaptor_CFP_CFP2_Cypress\\cfp_rea"
 501      524F4A45 
 501      43545C70 
 501      676D5C41 
 501      64617074 
 502 0065 6465725C 		.ascii	"der\\W_cfp_reader\\cfp_reader.cydsn\000"
 502      575F6366 
 502      705F7265 
 502      61646572 
 502      5C636670 
 503              	.LASF14:
 504 0087 4F5F414C 		.ascii	"O_ALM_Write\000"
 504      4D5F5772 
 504      69746500 
 505              	.LASF9:
 506 0093 666C6F61 		.ascii	"float\000"
 506      7400
 507              	.LASF1:
 508 0099 756E7369 		.ascii	"unsigned char\000"
 508      676E6564 
 508      20636861 
 508      7200
 509              	.LASF13:
ARM GAS  C:\Users\kopusov.FT\AppData\Local\Temp\ccQ3MOki.s 			page 13


 510 00a7 72656738 		.ascii	"reg8\000"
 510      00
 511              	.LASF5:
 512 00ac 6C6F6E67 		.ascii	"long unsigned int\000"
 512      20756E73 
 512      69676E65 
 512      6420696E 
 512      7400
 513              	.LASF3:
 514 00be 73686F72 		.ascii	"short unsigned int\000"
 514      7420756E 
 514      7369676E 
 514      65642069 
 514      6E7400
 515              	.LASF10:
 516 00d1 646F7562 		.ascii	"double\000"
 516      6C6500
 517              	.LASF20:
 518 00d8 474E5520 		.ascii	"GNU C 4.9.3 20150303 (release) [ARM/embedded-4_9-br"
 518      4320342E 
 518      392E3320 
 518      32303135 
 518      30333033 
 519 010b 616E6368 		.ascii	"anch revision 221220] -mcpu=cortex-m3 -mthumb -g -O"
 519      20726576 
 519      6973696F 
 519      6E203232 
 519      31323230 
 520 013e 67202D66 		.ascii	"g -ffunction-sections -ffat-lto-objects\000"
 520      66756E63 
 520      74696F6E 
 520      2D736563 
 520      74696F6E 
 521              	.LASF8:
 522 0166 756E7369 		.ascii	"unsigned int\000"
 522      676E6564 
 522      20696E74 
 522      00
 523              	.LASF7:
 524 0173 6C6F6E67 		.ascii	"long long unsigned int\000"
 524      206C6F6E 
 524      6720756E 
 524      7369676E 
 524      65642069 
 525              	.LASF17:
 526 018a 6D6F6465 		.ascii	"mode\000"
 526      00
 527              	.LASF18:
 528 018f 4F5F414C 		.ascii	"O_ALM_Read\000"
 528      4D5F5265 
 528      616400
 529              	.LASF21:
 530 019a 47656E65 		.ascii	"Generated_Source\\PSoC5\\O_ALM.c\000"
 530      72617465 
 530      645F536F 
 530      75726365 
 530      5C50536F 
ARM GAS  C:\Users\kopusov.FT\AppData\Local\Temp\ccQ3MOki.s 			page 14


 531              	.LASF6:
 532 01b9 6C6F6E67 		.ascii	"long long int\000"
 532      206C6F6E 
 532      6720696E 
 532      7400
 533              	.LASF11:
 534 01c7 63686172 		.ascii	"char\000"
 534      00
 535              	.LASF2:
 536 01cc 73686F72 		.ascii	"short int\000"
 536      7420696E 
 536      7400
 537              	.LASF12:
 538 01d6 75696E74 		.ascii	"uint8\000"
 538      3800
 539              	.LASF4:
 540 01dc 6C6F6E67 		.ascii	"long int\000"
 540      20696E74 
 540      00
 541              	.LASF0:
 542 01e5 7369676E 		.ascii	"signed char\000"
 542      65642063 
 542      68617200 
 543              		.ident	"GCC: (GNU Tools for ARM Embedded Processors) 4.9.3 20150303 (release) [ARM/embedded-4_9-br
