ARM GAS  C:\Users\kopusov.FT\AppData\Local\Temp\ccEBH21z.s 			page 1


   1              		.syntax unified
   2              		.cpu cortex-m3
   3              		.fpu softvfp
   4              		.eabi_attribute 20, 1
   5              		.eabi_attribute 21, 1
   6              		.eabi_attribute 23, 3
   7              		.eabi_attribute 24, 1
   8              		.eabi_attribute 25, 1
   9              		.eabi_attribute 26, 1
  10              		.eabi_attribute 30, 1
  11              		.eabi_attribute 34, 1
  12              		.eabi_attribute 18, 4
  13              		.thumb
  14              		.file	"PWM_2_PM.c"
  15              		.text
  16              	.Ltext0:
  17              		.cfi_sections	.debug_frame
  18              		.section	.text.PWM_2_SaveConfig,"ax",%progbits
  19              		.align	2
  20              		.global	PWM_2_SaveConfig
  21              		.thumb
  22              		.thumb_func
  23              		.type	PWM_2_SaveConfig, %function
  24              	PWM_2_SaveConfig:
  25              	.LFB0:
  26              		.file 1 "Generated_Source\\PSoC5\\PWM_2_PM.c"
   1:Generated_Source\PSoC5/PWM_2_PM.c **** /*******************************************************************************
   2:Generated_Source\PSoC5/PWM_2_PM.c **** * File Name: PWM_2_PM.c
   3:Generated_Source\PSoC5/PWM_2_PM.c **** * Version 3.30
   4:Generated_Source\PSoC5/PWM_2_PM.c **** *
   5:Generated_Source\PSoC5/PWM_2_PM.c **** * Description:
   6:Generated_Source\PSoC5/PWM_2_PM.c **** *  This file provides the power management source code to API for the
   7:Generated_Source\PSoC5/PWM_2_PM.c **** *  PWM.
   8:Generated_Source\PSoC5/PWM_2_PM.c **** *
   9:Generated_Source\PSoC5/PWM_2_PM.c **** * Note:
  10:Generated_Source\PSoC5/PWM_2_PM.c **** *
  11:Generated_Source\PSoC5/PWM_2_PM.c **** ********************************************************************************
  12:Generated_Source\PSoC5/PWM_2_PM.c **** * Copyright 2008-2014, Cypress Semiconductor Corporation.  All rights reserved.
  13:Generated_Source\PSoC5/PWM_2_PM.c **** * You may use this file only in accordance with the license, terms, conditions,
  14:Generated_Source\PSoC5/PWM_2_PM.c **** * disclaimers, and limitations in the end user license agreement accompanying
  15:Generated_Source\PSoC5/PWM_2_PM.c **** * the software package with which this file was provided.
  16:Generated_Source\PSoC5/PWM_2_PM.c **** *******************************************************************************/
  17:Generated_Source\PSoC5/PWM_2_PM.c **** 
  18:Generated_Source\PSoC5/PWM_2_PM.c **** #include "PWM_2.h"
  19:Generated_Source\PSoC5/PWM_2_PM.c **** 
  20:Generated_Source\PSoC5/PWM_2_PM.c **** static PWM_2_backupStruct PWM_2_backup;
  21:Generated_Source\PSoC5/PWM_2_PM.c **** 
  22:Generated_Source\PSoC5/PWM_2_PM.c **** 
  23:Generated_Source\PSoC5/PWM_2_PM.c **** /*******************************************************************************
  24:Generated_Source\PSoC5/PWM_2_PM.c **** * Function Name: PWM_2_SaveConfig
  25:Generated_Source\PSoC5/PWM_2_PM.c **** ********************************************************************************
  26:Generated_Source\PSoC5/PWM_2_PM.c **** *
  27:Generated_Source\PSoC5/PWM_2_PM.c **** * Summary:
  28:Generated_Source\PSoC5/PWM_2_PM.c **** *  Saves the current user configuration of the component.
  29:Generated_Source\PSoC5/PWM_2_PM.c **** *
  30:Generated_Source\PSoC5/PWM_2_PM.c **** * Parameters:
  31:Generated_Source\PSoC5/PWM_2_PM.c **** *  None
ARM GAS  C:\Users\kopusov.FT\AppData\Local\Temp\ccEBH21z.s 			page 2


  32:Generated_Source\PSoC5/PWM_2_PM.c **** *
  33:Generated_Source\PSoC5/PWM_2_PM.c **** * Return:
  34:Generated_Source\PSoC5/PWM_2_PM.c **** *  None
  35:Generated_Source\PSoC5/PWM_2_PM.c **** *
  36:Generated_Source\PSoC5/PWM_2_PM.c **** * Global variables:
  37:Generated_Source\PSoC5/PWM_2_PM.c **** *  PWM_2_backup:  Variables of this global structure are modified to
  38:Generated_Source\PSoC5/PWM_2_PM.c **** *  store the values of non retention configuration registers when Sleep() API is
  39:Generated_Source\PSoC5/PWM_2_PM.c **** *  called.
  40:Generated_Source\PSoC5/PWM_2_PM.c **** *
  41:Generated_Source\PSoC5/PWM_2_PM.c **** *******************************************************************************/
  42:Generated_Source\PSoC5/PWM_2_PM.c **** void PWM_2_SaveConfig(void) 
  43:Generated_Source\PSoC5/PWM_2_PM.c **** {
  27              		.loc 1 43 0
  28              		.cfi_startproc
  29              		@ args = 0, pretend = 0, frame = 0
  30              		@ frame_needed = 0, uses_anonymous_args = 0
  31 0000 10B5     		push	{r4, lr}
  32              		.cfi_def_cfa_offset 8
  33              		.cfi_offset 4, -8
  34              		.cfi_offset 14, -4
  44:Generated_Source\PSoC5/PWM_2_PM.c **** 
  45:Generated_Source\PSoC5/PWM_2_PM.c ****     #if(!PWM_2_UsingFixedFunction)
  46:Generated_Source\PSoC5/PWM_2_PM.c ****         #if(!PWM_2_PWMModeIsCenterAligned)
  47:Generated_Source\PSoC5/PWM_2_PM.c ****             PWM_2_backup.PWMPeriod = PWM_2_ReadPeriod();
  35              		.loc 1 47 0
  36 0002 FFF7FEFF 		bl	PWM_2_ReadPeriod
  37              	.LVL0:
  38 0006 034C     		ldr	r4, .L3
  39 0008 A070     		strb	r0, [r4, #2]
  48:Generated_Source\PSoC5/PWM_2_PM.c ****         #endif /* (!PWM_2_PWMModeIsCenterAligned) */
  49:Generated_Source\PSoC5/PWM_2_PM.c ****         PWM_2_backup.PWMUdb = PWM_2_ReadCounter();
  40              		.loc 1 49 0
  41 000a FFF7FEFF 		bl	PWM_2_ReadCounter
  42              	.LVL1:
  43 000e 6070     		strb	r0, [r4, #1]
  44 0010 10BD     		pop	{r4, pc}
  45              	.L4:
  46 0012 00BF     		.align	2
  47              	.L3:
  48 0014 00000000 		.word	.LANCHOR0
  49              		.cfi_endproc
  50              	.LFE0:
  51              		.size	PWM_2_SaveConfig, .-PWM_2_SaveConfig
  52              		.section	.text.PWM_2_RestoreConfig,"ax",%progbits
  53              		.align	2
  54              		.global	PWM_2_RestoreConfig
  55              		.thumb
  56              		.thumb_func
  57              		.type	PWM_2_RestoreConfig, %function
  58              	PWM_2_RestoreConfig:
  59              	.LFB1:
  50:Generated_Source\PSoC5/PWM_2_PM.c ****         #if (PWM_2_UseStatus)
  51:Generated_Source\PSoC5/PWM_2_PM.c ****             PWM_2_backup.InterruptMaskValue = PWM_2_STATUS_MASK;
  52:Generated_Source\PSoC5/PWM_2_PM.c ****         #endif /* (PWM_2_UseStatus) */
  53:Generated_Source\PSoC5/PWM_2_PM.c **** 
  54:Generated_Source\PSoC5/PWM_2_PM.c ****         #if(PWM_2_DeadBandMode == PWM_2__B_PWM__DBM_256_CLOCKS || \
  55:Generated_Source\PSoC5/PWM_2_PM.c ****             PWM_2_DeadBandMode == PWM_2__B_PWM__DBM_2_4_CLOCKS)
ARM GAS  C:\Users\kopusov.FT\AppData\Local\Temp\ccEBH21z.s 			page 3


  56:Generated_Source\PSoC5/PWM_2_PM.c ****             PWM_2_backup.PWMdeadBandValue = PWM_2_ReadDeadTime();
  57:Generated_Source\PSoC5/PWM_2_PM.c ****         #endif /*  deadband count is either 2-4 clocks or 256 clocks */
  58:Generated_Source\PSoC5/PWM_2_PM.c **** 
  59:Generated_Source\PSoC5/PWM_2_PM.c ****         #if(PWM_2_KillModeMinTime)
  60:Generated_Source\PSoC5/PWM_2_PM.c ****              PWM_2_backup.PWMKillCounterPeriod = PWM_2_ReadKillTime();
  61:Generated_Source\PSoC5/PWM_2_PM.c ****         #endif /* (PWM_2_KillModeMinTime) */
  62:Generated_Source\PSoC5/PWM_2_PM.c **** 
  63:Generated_Source\PSoC5/PWM_2_PM.c ****         #if(PWM_2_UseControl)
  64:Generated_Source\PSoC5/PWM_2_PM.c ****             PWM_2_backup.PWMControlRegister = PWM_2_ReadControlRegister();
  65:Generated_Source\PSoC5/PWM_2_PM.c ****         #endif /* (PWM_2_UseControl) */
  66:Generated_Source\PSoC5/PWM_2_PM.c ****     #endif  /* (!PWM_2_UsingFixedFunction) */
  67:Generated_Source\PSoC5/PWM_2_PM.c **** }
  68:Generated_Source\PSoC5/PWM_2_PM.c **** 
  69:Generated_Source\PSoC5/PWM_2_PM.c **** 
  70:Generated_Source\PSoC5/PWM_2_PM.c **** /*******************************************************************************
  71:Generated_Source\PSoC5/PWM_2_PM.c **** * Function Name: PWM_2_RestoreConfig
  72:Generated_Source\PSoC5/PWM_2_PM.c **** ********************************************************************************
  73:Generated_Source\PSoC5/PWM_2_PM.c **** *
  74:Generated_Source\PSoC5/PWM_2_PM.c **** * Summary:
  75:Generated_Source\PSoC5/PWM_2_PM.c **** *  Restores the current user configuration of the component.
  76:Generated_Source\PSoC5/PWM_2_PM.c **** *
  77:Generated_Source\PSoC5/PWM_2_PM.c **** * Parameters:
  78:Generated_Source\PSoC5/PWM_2_PM.c **** *  None
  79:Generated_Source\PSoC5/PWM_2_PM.c **** *
  80:Generated_Source\PSoC5/PWM_2_PM.c **** * Return:
  81:Generated_Source\PSoC5/PWM_2_PM.c **** *  None
  82:Generated_Source\PSoC5/PWM_2_PM.c **** *
  83:Generated_Source\PSoC5/PWM_2_PM.c **** * Global variables:
  84:Generated_Source\PSoC5/PWM_2_PM.c **** *  PWM_2_backup:  Variables of this global structure are used to
  85:Generated_Source\PSoC5/PWM_2_PM.c **** *  restore the values of non retention registers on wakeup from sleep mode.
  86:Generated_Source\PSoC5/PWM_2_PM.c **** *
  87:Generated_Source\PSoC5/PWM_2_PM.c **** *******************************************************************************/
  88:Generated_Source\PSoC5/PWM_2_PM.c **** void PWM_2_RestoreConfig(void) 
  89:Generated_Source\PSoC5/PWM_2_PM.c **** {
  60              		.loc 1 89 0
  61              		.cfi_startproc
  62              		@ args = 0, pretend = 0, frame = 0
  63              		@ frame_needed = 0, uses_anonymous_args = 0
  64 0000 10B5     		push	{r4, lr}
  65              		.cfi_def_cfa_offset 8
  66              		.cfi_offset 4, -8
  67              		.cfi_offset 14, -4
  90:Generated_Source\PSoC5/PWM_2_PM.c ****         #if(!PWM_2_UsingFixedFunction)
  91:Generated_Source\PSoC5/PWM_2_PM.c ****             #if(!PWM_2_PWMModeIsCenterAligned)
  92:Generated_Source\PSoC5/PWM_2_PM.c ****                 PWM_2_WritePeriod(PWM_2_backup.PWMPeriod);
  68              		.loc 1 92 0
  69 0002 044C     		ldr	r4, .L7
  70 0004 A078     		ldrb	r0, [r4, #2]	@ zero_extendqisi2
  71 0006 FFF7FEFF 		bl	PWM_2_WritePeriod
  72              	.LVL2:
  93:Generated_Source\PSoC5/PWM_2_PM.c ****             #endif /* (!PWM_2_PWMModeIsCenterAligned) */
  94:Generated_Source\PSoC5/PWM_2_PM.c **** 
  95:Generated_Source\PSoC5/PWM_2_PM.c ****             PWM_2_WriteCounter(PWM_2_backup.PWMUdb);
  73              		.loc 1 95 0
  74 000a 6078     		ldrb	r0, [r4, #1]	@ zero_extendqisi2
  75 000c FFF7FEFF 		bl	PWM_2_WriteCounter
  76              	.LVL3:
ARM GAS  C:\Users\kopusov.FT\AppData\Local\Temp\ccEBH21z.s 			page 4


  77 0010 10BD     		pop	{r4, pc}
  78              	.L8:
  79 0012 00BF     		.align	2
  80              	.L7:
  81 0014 00000000 		.word	.LANCHOR0
  82              		.cfi_endproc
  83              	.LFE1:
  84              		.size	PWM_2_RestoreConfig, .-PWM_2_RestoreConfig
  85              		.section	.text.PWM_2_Sleep,"ax",%progbits
  86              		.align	2
  87              		.global	PWM_2_Sleep
  88              		.thumb
  89              		.thumb_func
  90              		.type	PWM_2_Sleep, %function
  91              	PWM_2_Sleep:
  92              	.LFB2:
  96:Generated_Source\PSoC5/PWM_2_PM.c **** 
  97:Generated_Source\PSoC5/PWM_2_PM.c ****             #if (PWM_2_UseStatus)
  98:Generated_Source\PSoC5/PWM_2_PM.c ****                 PWM_2_STATUS_MASK = PWM_2_backup.InterruptMaskValue;
  99:Generated_Source\PSoC5/PWM_2_PM.c ****             #endif /* (PWM_2_UseStatus) */
 100:Generated_Source\PSoC5/PWM_2_PM.c **** 
 101:Generated_Source\PSoC5/PWM_2_PM.c ****             #if(PWM_2_DeadBandMode == PWM_2__B_PWM__DBM_256_CLOCKS || \
 102:Generated_Source\PSoC5/PWM_2_PM.c ****                 PWM_2_DeadBandMode == PWM_2__B_PWM__DBM_2_4_CLOCKS)
 103:Generated_Source\PSoC5/PWM_2_PM.c ****                 PWM_2_WriteDeadTime(PWM_2_backup.PWMdeadBandValue);
 104:Generated_Source\PSoC5/PWM_2_PM.c ****             #endif /* deadband count is either 2-4 clocks or 256 clocks */
 105:Generated_Source\PSoC5/PWM_2_PM.c **** 
 106:Generated_Source\PSoC5/PWM_2_PM.c ****             #if(PWM_2_KillModeMinTime)
 107:Generated_Source\PSoC5/PWM_2_PM.c ****                 PWM_2_WriteKillTime(PWM_2_backup.PWMKillCounterPeriod);
 108:Generated_Source\PSoC5/PWM_2_PM.c ****             #endif /* (PWM_2_KillModeMinTime) */
 109:Generated_Source\PSoC5/PWM_2_PM.c **** 
 110:Generated_Source\PSoC5/PWM_2_PM.c ****             #if(PWM_2_UseControl)
 111:Generated_Source\PSoC5/PWM_2_PM.c ****                 PWM_2_WriteControlRegister(PWM_2_backup.PWMControlRegister);
 112:Generated_Source\PSoC5/PWM_2_PM.c ****             #endif /* (PWM_2_UseControl) */
 113:Generated_Source\PSoC5/PWM_2_PM.c ****         #endif  /* (!PWM_2_UsingFixedFunction) */
 114:Generated_Source\PSoC5/PWM_2_PM.c ****     }
 115:Generated_Source\PSoC5/PWM_2_PM.c **** 
 116:Generated_Source\PSoC5/PWM_2_PM.c **** 
 117:Generated_Source\PSoC5/PWM_2_PM.c **** /*******************************************************************************
 118:Generated_Source\PSoC5/PWM_2_PM.c **** * Function Name: PWM_2_Sleep
 119:Generated_Source\PSoC5/PWM_2_PM.c **** ********************************************************************************
 120:Generated_Source\PSoC5/PWM_2_PM.c **** *
 121:Generated_Source\PSoC5/PWM_2_PM.c **** * Summary:
 122:Generated_Source\PSoC5/PWM_2_PM.c **** *  Disables block's operation and saves the user configuration. Should be called
 123:Generated_Source\PSoC5/PWM_2_PM.c **** *  just prior to entering sleep.
 124:Generated_Source\PSoC5/PWM_2_PM.c **** *
 125:Generated_Source\PSoC5/PWM_2_PM.c **** * Parameters:
 126:Generated_Source\PSoC5/PWM_2_PM.c **** *  None
 127:Generated_Source\PSoC5/PWM_2_PM.c **** *
 128:Generated_Source\PSoC5/PWM_2_PM.c **** * Return:
 129:Generated_Source\PSoC5/PWM_2_PM.c **** *  None
 130:Generated_Source\PSoC5/PWM_2_PM.c **** *
 131:Generated_Source\PSoC5/PWM_2_PM.c **** * Global variables:
 132:Generated_Source\PSoC5/PWM_2_PM.c **** *  PWM_2_backup.PWMEnableState:  Is modified depending on the enable
 133:Generated_Source\PSoC5/PWM_2_PM.c **** *  state of the block before entering sleep mode.
 134:Generated_Source\PSoC5/PWM_2_PM.c **** *
 135:Generated_Source\PSoC5/PWM_2_PM.c **** *******************************************************************************/
 136:Generated_Source\PSoC5/PWM_2_PM.c **** void PWM_2_Sleep(void) 
ARM GAS  C:\Users\kopusov.FT\AppData\Local\Temp\ccEBH21z.s 			page 5


 137:Generated_Source\PSoC5/PWM_2_PM.c **** {
  93              		.loc 1 137 0
  94              		.cfi_startproc
  95              		@ args = 0, pretend = 0, frame = 0
  96              		@ frame_needed = 0, uses_anonymous_args = 0
  97 0000 08B5     		push	{r3, lr}
  98              		.cfi_def_cfa_offset 8
  99              		.cfi_offset 3, -8
 100              		.cfi_offset 14, -4
 138:Generated_Source\PSoC5/PWM_2_PM.c ****     #if(PWM_2_UseControl)
 139:Generated_Source\PSoC5/PWM_2_PM.c ****         if(PWM_2_CTRL_ENABLE == (PWM_2_CONTROL & PWM_2_CTRL_ENABLE))
 140:Generated_Source\PSoC5/PWM_2_PM.c ****         {
 141:Generated_Source\PSoC5/PWM_2_PM.c ****             /*Component is enabled */
 142:Generated_Source\PSoC5/PWM_2_PM.c ****             PWM_2_backup.PWMEnableState = 1u;
 143:Generated_Source\PSoC5/PWM_2_PM.c ****         }
 144:Generated_Source\PSoC5/PWM_2_PM.c ****         else
 145:Generated_Source\PSoC5/PWM_2_PM.c ****         {
 146:Generated_Source\PSoC5/PWM_2_PM.c ****             /* Component is disabled */
 147:Generated_Source\PSoC5/PWM_2_PM.c ****             PWM_2_backup.PWMEnableState = 0u;
 148:Generated_Source\PSoC5/PWM_2_PM.c ****         }
 149:Generated_Source\PSoC5/PWM_2_PM.c ****     #endif /* (PWM_2_UseControl) */
 150:Generated_Source\PSoC5/PWM_2_PM.c **** 
 151:Generated_Source\PSoC5/PWM_2_PM.c ****     /* Stop component */
 152:Generated_Source\PSoC5/PWM_2_PM.c ****     PWM_2_Stop();
 101              		.loc 1 152 0
 102 0002 FFF7FEFF 		bl	PWM_2_Stop
 103              	.LVL4:
 153:Generated_Source\PSoC5/PWM_2_PM.c **** 
 154:Generated_Source\PSoC5/PWM_2_PM.c ****     /* Save registers configuration */
 155:Generated_Source\PSoC5/PWM_2_PM.c ****     PWM_2_SaveConfig();
 104              		.loc 1 155 0
 105 0006 FFF7FEFF 		bl	PWM_2_SaveConfig
 106              	.LVL5:
 107 000a 08BD     		pop	{r3, pc}
 108              		.cfi_endproc
 109              	.LFE2:
 110              		.size	PWM_2_Sleep, .-PWM_2_Sleep
 111              		.section	.text.PWM_2_Wakeup,"ax",%progbits
 112              		.align	2
 113              		.global	PWM_2_Wakeup
 114              		.thumb
 115              		.thumb_func
 116              		.type	PWM_2_Wakeup, %function
 117              	PWM_2_Wakeup:
 118              	.LFB3:
 156:Generated_Source\PSoC5/PWM_2_PM.c **** }
 157:Generated_Source\PSoC5/PWM_2_PM.c **** 
 158:Generated_Source\PSoC5/PWM_2_PM.c **** 
 159:Generated_Source\PSoC5/PWM_2_PM.c **** /*******************************************************************************
 160:Generated_Source\PSoC5/PWM_2_PM.c **** * Function Name: PWM_2_Wakeup
 161:Generated_Source\PSoC5/PWM_2_PM.c **** ********************************************************************************
 162:Generated_Source\PSoC5/PWM_2_PM.c **** *
 163:Generated_Source\PSoC5/PWM_2_PM.c **** * Summary:
 164:Generated_Source\PSoC5/PWM_2_PM.c **** *  Restores and enables the user configuration. Should be called just after
 165:Generated_Source\PSoC5/PWM_2_PM.c **** *  awaking from sleep.
 166:Generated_Source\PSoC5/PWM_2_PM.c **** *
 167:Generated_Source\PSoC5/PWM_2_PM.c **** * Parameters:
ARM GAS  C:\Users\kopusov.FT\AppData\Local\Temp\ccEBH21z.s 			page 6


 168:Generated_Source\PSoC5/PWM_2_PM.c **** *  None
 169:Generated_Source\PSoC5/PWM_2_PM.c **** *
 170:Generated_Source\PSoC5/PWM_2_PM.c **** * Return:
 171:Generated_Source\PSoC5/PWM_2_PM.c **** *  None
 172:Generated_Source\PSoC5/PWM_2_PM.c **** *
 173:Generated_Source\PSoC5/PWM_2_PM.c **** * Global variables:
 174:Generated_Source\PSoC5/PWM_2_PM.c **** *  PWM_2_backup.pwmEnable:  Is used to restore the enable state of
 175:Generated_Source\PSoC5/PWM_2_PM.c **** *  block on wakeup from sleep mode.
 176:Generated_Source\PSoC5/PWM_2_PM.c **** *
 177:Generated_Source\PSoC5/PWM_2_PM.c **** *******************************************************************************/
 178:Generated_Source\PSoC5/PWM_2_PM.c **** void PWM_2_Wakeup(void) 
 179:Generated_Source\PSoC5/PWM_2_PM.c **** {
 119              		.loc 1 179 0
 120              		.cfi_startproc
 121              		@ args = 0, pretend = 0, frame = 0
 122              		@ frame_needed = 0, uses_anonymous_args = 0
 123 0000 08B5     		push	{r3, lr}
 124              		.cfi_def_cfa_offset 8
 125              		.cfi_offset 3, -8
 126              		.cfi_offset 14, -4
 180:Generated_Source\PSoC5/PWM_2_PM.c ****      /* Restore registers values */
 181:Generated_Source\PSoC5/PWM_2_PM.c ****     PWM_2_RestoreConfig();
 127              		.loc 1 181 0
 128 0002 FFF7FEFF 		bl	PWM_2_RestoreConfig
 129              	.LVL6:
 182:Generated_Source\PSoC5/PWM_2_PM.c **** 
 183:Generated_Source\PSoC5/PWM_2_PM.c ****     if(PWM_2_backup.PWMEnableState != 0u)
 130              		.loc 1 183 0
 131 0006 034B     		ldr	r3, .L14
 132 0008 1B78     		ldrb	r3, [r3]	@ zero_extendqisi2
 133 000a 0BB1     		cbz	r3, .L11
 184:Generated_Source\PSoC5/PWM_2_PM.c ****     {
 185:Generated_Source\PSoC5/PWM_2_PM.c ****         /* Enable component's operation */
 186:Generated_Source\PSoC5/PWM_2_PM.c ****         PWM_2_Enable();
 134              		.loc 1 186 0
 135 000c FFF7FEFF 		bl	PWM_2_Enable
 136              	.LVL7:
 137              	.L11:
 138 0010 08BD     		pop	{r3, pc}
 139              	.L15:
 140 0012 00BF     		.align	2
 141              	.L14:
 142 0014 00000000 		.word	.LANCHOR0
 143              		.cfi_endproc
 144              	.LFE3:
 145              		.size	PWM_2_Wakeup, .-PWM_2_Wakeup
 146              		.bss
 147              		.align	2
 148              		.set	.LANCHOR0,. + 0
 149              		.type	PWM_2_backup, %object
 150              		.size	PWM_2_backup, 3
 151              	PWM_2_backup:
 152 0000 000000   		.space	3
 153 0003 00       		.text
 154              	.Letext0:
 155              		.file 2 "Generated_Source\\PSoC5\\PWM_2.h"
 156              		.file 3 "Generated_Source\\PSoC5\\cytypes.h"
ARM GAS  C:\Users\kopusov.FT\AppData\Local\Temp\ccEBH21z.s 			page 7


 157              		.section	.debug_info,"",%progbits
 158              	.Ldebug_info0:
 159 0000 BF010000 		.4byte	0x1bf
 160 0004 0400     		.2byte	0x4
 161 0006 00000000 		.4byte	.Ldebug_abbrev0
 162 000a 04       		.byte	0x4
 163 000b 01       		.uleb128 0x1
 164 000c 2A010000 		.4byte	.LASF28
 165 0010 01       		.byte	0x1
 166 0011 AD000000 		.4byte	.LASF29
 167 0015 50000000 		.4byte	.LASF30
 168 0019 00000000 		.4byte	.Ldebug_ranges0+0
 169 001d 00000000 		.4byte	0
 170 0021 00000000 		.4byte	.Ldebug_line0
 171 0025 02       		.uleb128 0x2
 172 0026 01       		.byte	0x1
 173 0027 06       		.byte	0x6
 174 0028 78020000 		.4byte	.LASF0
 175 002c 02       		.uleb128 0x2
 176 002d 01       		.byte	0x1
 177 002e 08       		.byte	0x8
 178 002f CF000000 		.4byte	.LASF1
 179 0033 02       		.uleb128 0x2
 180 0034 02       		.byte	0x2
 181 0035 05       		.byte	0x5
 182 0036 23020000 		.4byte	.LASF2
 183 003a 02       		.uleb128 0x2
 184 003b 02       		.byte	0x2
 185 003c 07       		.byte	0x7
 186 003d 25000000 		.4byte	.LASF3
 187 0041 02       		.uleb128 0x2
 188 0042 04       		.byte	0x4
 189 0043 05       		.byte	0x5
 190 0044 3A020000 		.4byte	.LASF4
 191 0048 02       		.uleb128 0x2
 192 0049 04       		.byte	0x4
 193 004a 07       		.byte	0x7
 194 004b EC000000 		.4byte	.LASF5
 195 004f 02       		.uleb128 0x2
 196 0050 08       		.byte	0x8
 197 0051 05       		.byte	0x5
 198 0052 00000000 		.4byte	.LASF6
 199 0056 02       		.uleb128 0x2
 200 0057 08       		.byte	0x8
 201 0058 07       		.byte	0x7
 202 0059 D8010000 		.4byte	.LASF7
 203 005d 03       		.uleb128 0x3
 204 005e 04       		.byte	0x4
 205 005f 05       		.byte	0x5
 206 0060 696E7400 		.ascii	"int\000"
 207 0064 02       		.uleb128 0x2
 208 0065 04       		.byte	0x4
 209 0066 07       		.byte	0x7
 210 0067 B8010000 		.4byte	.LASF8
 211 006b 04       		.uleb128 0x4
 212 006c FE000000 		.4byte	.LASF16
 213 0070 03       		.byte	0x3
ARM GAS  C:\Users\kopusov.FT\AppData\Local\Temp\ccEBH21z.s 			page 8


 214 0071 9201     		.2byte	0x192
 215 0073 2C000000 		.4byte	0x2c
 216 0077 02       		.uleb128 0x2
 217 0078 04       		.byte	0x4
 218 0079 04       		.byte	0x4
 219 007a 1F000000 		.4byte	.LASF9
 220 007e 02       		.uleb128 0x2
 221 007f 08       		.byte	0x8
 222 0080 04       		.byte	0x4
 223 0081 23010000 		.4byte	.LASF10
 224 0085 02       		.uleb128 0x2
 225 0086 01       		.byte	0x1
 226 0087 08       		.byte	0x8
 227 0088 0A020000 		.4byte	.LASF11
 228 008c 02       		.uleb128 0x2
 229 008d 04       		.byte	0x4
 230 008e 07       		.byte	0x7
 231 008f EF010000 		.4byte	.LASF12
 232 0093 05       		.uleb128 0x5
 233 0094 03       		.byte	0x3
 234 0095 02       		.byte	0x2
 235 0096 6B       		.byte	0x6b
 236 0097 C0000000 		.4byte	0xc0
 237 009b 06       		.uleb128 0x6
 238 009c DD000000 		.4byte	.LASF13
 239 00a0 02       		.byte	0x2
 240 00a1 6E       		.byte	0x6e
 241 00a2 6B000000 		.4byte	0x6b
 242 00a6 00       		.byte	0
 243 00a7 06       		.uleb128 0x6
 244 00a8 0E000000 		.4byte	.LASF14
 245 00ac 02       		.byte	0x2
 246 00ad 71       		.byte	0x71
 247 00ae 6B000000 		.4byte	0x6b
 248 00b2 01       		.byte	0x1
 249 00b3 06       		.uleb128 0x6
 250 00b4 15000000 		.4byte	.LASF15
 251 00b8 02       		.byte	0x2
 252 00b9 73       		.byte	0x73
 253 00ba 6B000000 		.4byte	0x6b
 254 00be 02       		.byte	0x2
 255 00bf 00       		.byte	0
 256 00c0 07       		.uleb128 0x7
 257 00c1 65020000 		.4byte	.LASF17
 258 00c5 02       		.byte	0x2
 259 00c6 8B       		.byte	0x8b
 260 00c7 93000000 		.4byte	0x93
 261 00cb 08       		.uleb128 0x8
 262 00cc 54020000 		.4byte	.LASF18
 263 00d0 01       		.byte	0x1
 264 00d1 2A       		.byte	0x2a
 265 00d2 00000000 		.4byte	.LFB0
 266 00d6 18000000 		.4byte	.LFE0-.LFB0
 267 00da 01       		.uleb128 0x1
 268 00db 9C       		.byte	0x9c
 269 00dc F3000000 		.4byte	0xf3
 270 00e0 09       		.uleb128 0x9
ARM GAS  C:\Users\kopusov.FT\AppData\Local\Temp\ccEBH21z.s 			page 9


 271 00e1 06000000 		.4byte	.LVL0
 272 00e5 7C010000 		.4byte	0x17c
 273 00e9 09       		.uleb128 0x9
 274 00ea 0E000000 		.4byte	.LVL1
 275 00ee 87010000 		.4byte	0x187
 276 00f2 00       		.byte	0
 277 00f3 08       		.uleb128 0x8
 278 00f4 0F020000 		.4byte	.LASF19
 279 00f8 01       		.byte	0x1
 280 00f9 58       		.byte	0x58
 281 00fa 00000000 		.4byte	.LFB1
 282 00fe 18000000 		.4byte	.LFE1-.LFB1
 283 0102 01       		.uleb128 0x1
 284 0103 9C       		.byte	0x9c
 285 0104 1B010000 		.4byte	0x11b
 286 0108 09       		.uleb128 0x9
 287 0109 0A000000 		.4byte	.LVL2
 288 010d 92010000 		.4byte	0x192
 289 0111 09       		.uleb128 0x9
 290 0112 10000000 		.4byte	.LVL3
 291 0116 A3010000 		.4byte	0x1a3
 292 011a 00       		.byte	0
 293 011b 08       		.uleb128 0x8
 294 011c A1000000 		.4byte	.LASF20
 295 0120 01       		.byte	0x1
 296 0121 88       		.byte	0x88
 297 0122 00000000 		.4byte	.LFB2
 298 0126 0C000000 		.4byte	.LFE2-.LFB2
 299 012a 01       		.uleb128 0x1
 300 012b 9C       		.byte	0x9c
 301 012c 43010000 		.4byte	0x143
 302 0130 09       		.uleb128 0x9
 303 0131 06000000 		.4byte	.LVL4
 304 0135 B4010000 		.4byte	0x1b4
 305 0139 09       		.uleb128 0x9
 306 013a 0A000000 		.4byte	.LVL5
 307 013e CB000000 		.4byte	0xcb
 308 0142 00       		.byte	0
 309 0143 08       		.uleb128 0x8
 310 0144 16010000 		.4byte	.LASF21
 311 0148 01       		.byte	0x1
 312 0149 B2       		.byte	0xb2
 313 014a 00000000 		.4byte	.LFB3
 314 014e 18000000 		.4byte	.LFE3-.LFB3
 315 0152 01       		.uleb128 0x1
 316 0153 9C       		.byte	0x9c
 317 0154 6B010000 		.4byte	0x16b
 318 0158 09       		.uleb128 0x9
 319 0159 06000000 		.4byte	.LVL6
 320 015d F3000000 		.4byte	0xf3
 321 0161 09       		.uleb128 0x9
 322 0162 10000000 		.4byte	.LVL7
 323 0166 BB010000 		.4byte	0x1bb
 324 016a 00       		.byte	0
 325 016b 0A       		.uleb128 0xa
 326 016c 38000000 		.4byte	.LASF31
 327 0170 01       		.byte	0x1
ARM GAS  C:\Users\kopusov.FT\AppData\Local\Temp\ccEBH21z.s 			page 10


 328 0171 14       		.byte	0x14
 329 0172 C0000000 		.4byte	0xc0
 330 0176 05       		.uleb128 0x5
 331 0177 03       		.byte	0x3
 332 0178 00000000 		.4byte	PWM_2_backup
 333 017c 0B       		.uleb128 0xb
 334 017d 43020000 		.4byte	.LASF22
 335 0181 02       		.byte	0x2
 336 0182 C0       		.byte	0xc0
 337 0183 6B000000 		.4byte	0x6b
 338 0187 0B       		.uleb128 0xb
 339 0188 04010000 		.4byte	.LASF23
 340 018c 02       		.byte	0x2
 341 018d B3       		.byte	0xb3
 342 018e 6B000000 		.4byte	0x6b
 343 0192 0C       		.uleb128 0xc
 344 0193 F8010000 		.4byte	.LASF24
 345 0197 02       		.byte	0x2
 346 0198 BE       		.byte	0xbe
 347 0199 A3010000 		.4byte	0x1a3
 348 019d 0D       		.uleb128 0xd
 349 019e 6B000000 		.4byte	0x6b
 350 01a2 00       		.byte	0
 351 01a3 0C       		.uleb128 0xc
 352 01a4 C5010000 		.4byte	.LASF25
 353 01a8 02       		.byte	0x2
 354 01a9 BA       		.byte	0xba
 355 01aa B4010000 		.4byte	0x1b4
 356 01ae 0D       		.uleb128 0xd
 357 01af 6B000000 		.4byte	0x6b
 358 01b3 00       		.byte	0
 359 01b4 0E       		.uleb128 0xe
 360 01b5 45000000 		.4byte	.LASF26
 361 01b9 02       		.byte	0x2
 362 01ba 93       		.byte	0x93
 363 01bb 0E       		.uleb128 0xe
 364 01bc 2D020000 		.4byte	.LASF27
 365 01c0 02       		.byte	0x2
 366 01c1 DB       		.byte	0xdb
 367 01c2 00       		.byte	0
 368              		.section	.debug_abbrev,"",%progbits
 369              	.Ldebug_abbrev0:
 370 0000 01       		.uleb128 0x1
 371 0001 11       		.uleb128 0x11
 372 0002 01       		.byte	0x1
 373 0003 25       		.uleb128 0x25
 374 0004 0E       		.uleb128 0xe
 375 0005 13       		.uleb128 0x13
 376 0006 0B       		.uleb128 0xb
 377 0007 03       		.uleb128 0x3
 378 0008 0E       		.uleb128 0xe
 379 0009 1B       		.uleb128 0x1b
 380 000a 0E       		.uleb128 0xe
 381 000b 55       		.uleb128 0x55
 382 000c 17       		.uleb128 0x17
 383 000d 11       		.uleb128 0x11
 384 000e 01       		.uleb128 0x1
ARM GAS  C:\Users\kopusov.FT\AppData\Local\Temp\ccEBH21z.s 			page 11


 385 000f 10       		.uleb128 0x10
 386 0010 17       		.uleb128 0x17
 387 0011 00       		.byte	0
 388 0012 00       		.byte	0
 389 0013 02       		.uleb128 0x2
 390 0014 24       		.uleb128 0x24
 391 0015 00       		.byte	0
 392 0016 0B       		.uleb128 0xb
 393 0017 0B       		.uleb128 0xb
 394 0018 3E       		.uleb128 0x3e
 395 0019 0B       		.uleb128 0xb
 396 001a 03       		.uleb128 0x3
 397 001b 0E       		.uleb128 0xe
 398 001c 00       		.byte	0
 399 001d 00       		.byte	0
 400 001e 03       		.uleb128 0x3
 401 001f 24       		.uleb128 0x24
 402 0020 00       		.byte	0
 403 0021 0B       		.uleb128 0xb
 404 0022 0B       		.uleb128 0xb
 405 0023 3E       		.uleb128 0x3e
 406 0024 0B       		.uleb128 0xb
 407 0025 03       		.uleb128 0x3
 408 0026 08       		.uleb128 0x8
 409 0027 00       		.byte	0
 410 0028 00       		.byte	0
 411 0029 04       		.uleb128 0x4
 412 002a 16       		.uleb128 0x16
 413 002b 00       		.byte	0
 414 002c 03       		.uleb128 0x3
 415 002d 0E       		.uleb128 0xe
 416 002e 3A       		.uleb128 0x3a
 417 002f 0B       		.uleb128 0xb
 418 0030 3B       		.uleb128 0x3b
 419 0031 05       		.uleb128 0x5
 420 0032 49       		.uleb128 0x49
 421 0033 13       		.uleb128 0x13
 422 0034 00       		.byte	0
 423 0035 00       		.byte	0
 424 0036 05       		.uleb128 0x5
 425 0037 13       		.uleb128 0x13
 426 0038 01       		.byte	0x1
 427 0039 0B       		.uleb128 0xb
 428 003a 0B       		.uleb128 0xb
 429 003b 3A       		.uleb128 0x3a
 430 003c 0B       		.uleb128 0xb
 431 003d 3B       		.uleb128 0x3b
 432 003e 0B       		.uleb128 0xb
 433 003f 01       		.uleb128 0x1
 434 0040 13       		.uleb128 0x13
 435 0041 00       		.byte	0
 436 0042 00       		.byte	0
 437 0043 06       		.uleb128 0x6
 438 0044 0D       		.uleb128 0xd
 439 0045 00       		.byte	0
 440 0046 03       		.uleb128 0x3
 441 0047 0E       		.uleb128 0xe
ARM GAS  C:\Users\kopusov.FT\AppData\Local\Temp\ccEBH21z.s 			page 12


 442 0048 3A       		.uleb128 0x3a
 443 0049 0B       		.uleb128 0xb
 444 004a 3B       		.uleb128 0x3b
 445 004b 0B       		.uleb128 0xb
 446 004c 49       		.uleb128 0x49
 447 004d 13       		.uleb128 0x13
 448 004e 38       		.uleb128 0x38
 449 004f 0B       		.uleb128 0xb
 450 0050 00       		.byte	0
 451 0051 00       		.byte	0
 452 0052 07       		.uleb128 0x7
 453 0053 16       		.uleb128 0x16
 454 0054 00       		.byte	0
 455 0055 03       		.uleb128 0x3
 456 0056 0E       		.uleb128 0xe
 457 0057 3A       		.uleb128 0x3a
 458 0058 0B       		.uleb128 0xb
 459 0059 3B       		.uleb128 0x3b
 460 005a 0B       		.uleb128 0xb
 461 005b 49       		.uleb128 0x49
 462 005c 13       		.uleb128 0x13
 463 005d 00       		.byte	0
 464 005e 00       		.byte	0
 465 005f 08       		.uleb128 0x8
 466 0060 2E       		.uleb128 0x2e
 467 0061 01       		.byte	0x1
 468 0062 3F       		.uleb128 0x3f
 469 0063 19       		.uleb128 0x19
 470 0064 03       		.uleb128 0x3
 471 0065 0E       		.uleb128 0xe
 472 0066 3A       		.uleb128 0x3a
 473 0067 0B       		.uleb128 0xb
 474 0068 3B       		.uleb128 0x3b
 475 0069 0B       		.uleb128 0xb
 476 006a 27       		.uleb128 0x27
 477 006b 19       		.uleb128 0x19
 478 006c 11       		.uleb128 0x11
 479 006d 01       		.uleb128 0x1
 480 006e 12       		.uleb128 0x12
 481 006f 06       		.uleb128 0x6
 482 0070 40       		.uleb128 0x40
 483 0071 18       		.uleb128 0x18
 484 0072 9742     		.uleb128 0x2117
 485 0074 19       		.uleb128 0x19
 486 0075 01       		.uleb128 0x1
 487 0076 13       		.uleb128 0x13
 488 0077 00       		.byte	0
 489 0078 00       		.byte	0
 490 0079 09       		.uleb128 0x9
 491 007a 898201   		.uleb128 0x4109
 492 007d 00       		.byte	0
 493 007e 11       		.uleb128 0x11
 494 007f 01       		.uleb128 0x1
 495 0080 31       		.uleb128 0x31
 496 0081 13       		.uleb128 0x13
 497 0082 00       		.byte	0
 498 0083 00       		.byte	0
ARM GAS  C:\Users\kopusov.FT\AppData\Local\Temp\ccEBH21z.s 			page 13


 499 0084 0A       		.uleb128 0xa
 500 0085 34       		.uleb128 0x34
 501 0086 00       		.byte	0
 502 0087 03       		.uleb128 0x3
 503 0088 0E       		.uleb128 0xe
 504 0089 3A       		.uleb128 0x3a
 505 008a 0B       		.uleb128 0xb
 506 008b 3B       		.uleb128 0x3b
 507 008c 0B       		.uleb128 0xb
 508 008d 49       		.uleb128 0x49
 509 008e 13       		.uleb128 0x13
 510 008f 02       		.uleb128 0x2
 511 0090 18       		.uleb128 0x18
 512 0091 00       		.byte	0
 513 0092 00       		.byte	0
 514 0093 0B       		.uleb128 0xb
 515 0094 2E       		.uleb128 0x2e
 516 0095 00       		.byte	0
 517 0096 3F       		.uleb128 0x3f
 518 0097 19       		.uleb128 0x19
 519 0098 03       		.uleb128 0x3
 520 0099 0E       		.uleb128 0xe
 521 009a 3A       		.uleb128 0x3a
 522 009b 0B       		.uleb128 0xb
 523 009c 3B       		.uleb128 0x3b
 524 009d 0B       		.uleb128 0xb
 525 009e 27       		.uleb128 0x27
 526 009f 19       		.uleb128 0x19
 527 00a0 49       		.uleb128 0x49
 528 00a1 13       		.uleb128 0x13
 529 00a2 3C       		.uleb128 0x3c
 530 00a3 19       		.uleb128 0x19
 531 00a4 00       		.byte	0
 532 00a5 00       		.byte	0
 533 00a6 0C       		.uleb128 0xc
 534 00a7 2E       		.uleb128 0x2e
 535 00a8 01       		.byte	0x1
 536 00a9 3F       		.uleb128 0x3f
 537 00aa 19       		.uleb128 0x19
 538 00ab 03       		.uleb128 0x3
 539 00ac 0E       		.uleb128 0xe
 540 00ad 3A       		.uleb128 0x3a
 541 00ae 0B       		.uleb128 0xb
 542 00af 3B       		.uleb128 0x3b
 543 00b0 0B       		.uleb128 0xb
 544 00b1 27       		.uleb128 0x27
 545 00b2 19       		.uleb128 0x19
 546 00b3 3C       		.uleb128 0x3c
 547 00b4 19       		.uleb128 0x19
 548 00b5 01       		.uleb128 0x1
 549 00b6 13       		.uleb128 0x13
 550 00b7 00       		.byte	0
 551 00b8 00       		.byte	0
 552 00b9 0D       		.uleb128 0xd
 553 00ba 05       		.uleb128 0x5
 554 00bb 00       		.byte	0
 555 00bc 49       		.uleb128 0x49
ARM GAS  C:\Users\kopusov.FT\AppData\Local\Temp\ccEBH21z.s 			page 14


 556 00bd 13       		.uleb128 0x13
 557 00be 00       		.byte	0
 558 00bf 00       		.byte	0
 559 00c0 0E       		.uleb128 0xe
 560 00c1 2E       		.uleb128 0x2e
 561 00c2 00       		.byte	0
 562 00c3 3F       		.uleb128 0x3f
 563 00c4 19       		.uleb128 0x19
 564 00c5 03       		.uleb128 0x3
 565 00c6 0E       		.uleb128 0xe
 566 00c7 3A       		.uleb128 0x3a
 567 00c8 0B       		.uleb128 0xb
 568 00c9 3B       		.uleb128 0x3b
 569 00ca 0B       		.uleb128 0xb
 570 00cb 27       		.uleb128 0x27
 571 00cc 19       		.uleb128 0x19
 572 00cd 3C       		.uleb128 0x3c
 573 00ce 19       		.uleb128 0x19
 574 00cf 00       		.byte	0
 575 00d0 00       		.byte	0
 576 00d1 00       		.byte	0
 577              		.section	.debug_aranges,"",%progbits
 578 0000 34000000 		.4byte	0x34
 579 0004 0200     		.2byte	0x2
 580 0006 00000000 		.4byte	.Ldebug_info0
 581 000a 04       		.byte	0x4
 582 000b 00       		.byte	0
 583 000c 0000     		.2byte	0
 584 000e 0000     		.2byte	0
 585 0010 00000000 		.4byte	.LFB0
 586 0014 18000000 		.4byte	.LFE0-.LFB0
 587 0018 00000000 		.4byte	.LFB1
 588 001c 18000000 		.4byte	.LFE1-.LFB1
 589 0020 00000000 		.4byte	.LFB2
 590 0024 0C000000 		.4byte	.LFE2-.LFB2
 591 0028 00000000 		.4byte	.LFB3
 592 002c 18000000 		.4byte	.LFE3-.LFB3
 593 0030 00000000 		.4byte	0
 594 0034 00000000 		.4byte	0
 595              		.section	.debug_ranges,"",%progbits
 596              	.Ldebug_ranges0:
 597 0000 00000000 		.4byte	.LFB0
 598 0004 18000000 		.4byte	.LFE0
 599 0008 00000000 		.4byte	.LFB1
 600 000c 18000000 		.4byte	.LFE1
 601 0010 00000000 		.4byte	.LFB2
 602 0014 0C000000 		.4byte	.LFE2
 603 0018 00000000 		.4byte	.LFB3
 604 001c 18000000 		.4byte	.LFE3
 605 0020 00000000 		.4byte	0
 606 0024 00000000 		.4byte	0
 607              		.section	.debug_line,"",%progbits
 608              	.Ldebug_line0:
 609 0000 A0000000 		.section	.debug_str,"MS",%progbits,1
 609      02005000 
 609      00000201 
 609      FB0E0D00 
ARM GAS  C:\Users\kopusov.FT\AppData\Local\Temp\ccEBH21z.s 			page 15


 609      01010101 
 610              	.LASF6:
 611 0000 6C6F6E67 		.ascii	"long long int\000"
 611      206C6F6E 
 611      6720696E 
 611      7400
 612              	.LASF14:
 613 000e 50574D55 		.ascii	"PWMUdb\000"
 613      646200
 614              	.LASF15:
 615 0015 50574D50 		.ascii	"PWMPeriod\000"
 615      6572696F 
 615      6400
 616              	.LASF9:
 617 001f 666C6F61 		.ascii	"float\000"
 617      7400
 618              	.LASF3:
 619 0025 73686F72 		.ascii	"short unsigned int\000"
 619      7420756E 
 619      7369676E 
 619      65642069 
 619      6E7400
 620              	.LASF31:
 621 0038 50574D5F 		.ascii	"PWM_2_backup\000"
 621      325F6261 
 621      636B7570 
 621      00
 622              	.LASF26:
 623 0045 50574D5F 		.ascii	"PWM_2_Stop\000"
 623      325F5374 
 623      6F7000
 624              	.LASF30:
 625 0050 443A5C50 		.ascii	"D:\\PROJECT\\pgm\\Adaptor_CFP_CFP2_Cypress\\cfp_rea"
 625      524F4A45 
 625      43545C70 
 625      676D5C41 
 625      64617074 
 626 007f 6465725C 		.ascii	"der\\W_cfp_reader\\cfp_reader.cydsn\000"
 626      575F6366 
 626      705F7265 
 626      61646572 
 626      5C636670 
 627              	.LASF20:
 628 00a1 50574D5F 		.ascii	"PWM_2_Sleep\000"
 628      325F536C 
 628      65657000 
 629              	.LASF29:
 630 00ad 47656E65 		.ascii	"Generated_Source\\PSoC5\\PWM_2_PM.c\000"
 630      72617465 
 630      645F536F 
 630      75726365 
 630      5C50536F 
 631              	.LASF1:
 632 00cf 756E7369 		.ascii	"unsigned char\000"
 632      676E6564 
 632      20636861 
 632      7200
ARM GAS  C:\Users\kopusov.FT\AppData\Local\Temp\ccEBH21z.s 			page 16


 633              	.LASF13:
 634 00dd 50574D45 		.ascii	"PWMEnableState\000"
 634      6E61626C 
 634      65537461 
 634      746500
 635              	.LASF5:
 636 00ec 6C6F6E67 		.ascii	"long unsigned int\000"
 636      20756E73 
 636      69676E65 
 636      6420696E 
 636      7400
 637              	.LASF16:
 638 00fe 75696E74 		.ascii	"uint8\000"
 638      3800
 639              	.LASF23:
 640 0104 50574D5F 		.ascii	"PWM_2_ReadCounter\000"
 640      325F5265 
 640      6164436F 
 640      756E7465 
 640      7200
 641              	.LASF21:
 642 0116 50574D5F 		.ascii	"PWM_2_Wakeup\000"
 642      325F5761 
 642      6B657570 
 642      00
 643              	.LASF10:
 644 0123 646F7562 		.ascii	"double\000"
 644      6C6500
 645              	.LASF28:
 646 012a 474E5520 		.ascii	"GNU C 4.9.3 20150303 (release) [ARM/embedded-4_9-br"
 646      4320342E 
 646      392E3320 
 646      32303135 
 646      30333033 
 647 015d 616E6368 		.ascii	"anch revision 221220] -mcpu=cortex-m3 -mthumb -g -O"
 647      20726576 
 647      6973696F 
 647      6E203232 
 647      31323230 
 648 0190 67202D66 		.ascii	"g -ffunction-sections -ffat-lto-objects\000"
 648      66756E63 
 648      74696F6E 
 648      2D736563 
 648      74696F6E 
 649              	.LASF8:
 650 01b8 756E7369 		.ascii	"unsigned int\000"
 650      676E6564 
 650      20696E74 
 650      00
 651              	.LASF25:
 652 01c5 50574D5F 		.ascii	"PWM_2_WriteCounter\000"
 652      325F5772 
 652      69746543 
 652      6F756E74 
 652      657200
 653              	.LASF7:
 654 01d8 6C6F6E67 		.ascii	"long long unsigned int\000"
ARM GAS  C:\Users\kopusov.FT\AppData\Local\Temp\ccEBH21z.s 			page 17


 654      206C6F6E 
 654      6720756E 
 654      7369676E 
 654      65642069 
 655              	.LASF12:
 656 01ef 73697A65 		.ascii	"sizetype\000"
 656      74797065 
 656      00
 657              	.LASF24:
 658 01f8 50574D5F 		.ascii	"PWM_2_WritePeriod\000"
 658      325F5772 
 658      69746550 
 658      6572696F 
 658      6400
 659              	.LASF11:
 660 020a 63686172 		.ascii	"char\000"
 660      00
 661              	.LASF19:
 662 020f 50574D5F 		.ascii	"PWM_2_RestoreConfig\000"
 662      325F5265 
 662      73746F72 
 662      65436F6E 
 662      66696700 
 663              	.LASF2:
 664 0223 73686F72 		.ascii	"short int\000"
 664      7420696E 
 664      7400
 665              	.LASF27:
 666 022d 50574D5F 		.ascii	"PWM_2_Enable\000"
 666      325F456E 
 666      61626C65 
 666      00
 667              	.LASF4:
 668 023a 6C6F6E67 		.ascii	"long int\000"
 668      20696E74 
 668      00
 669              	.LASF22:
 670 0243 50574D5F 		.ascii	"PWM_2_ReadPeriod\000"
 670      325F5265 
 670      61645065 
 670      72696F64 
 670      00
 671              	.LASF18:
 672 0254 50574D5F 		.ascii	"PWM_2_SaveConfig\000"
 672      325F5361 
 672      7665436F 
 672      6E666967 
 672      00
 673              	.LASF17:
 674 0265 50574D5F 		.ascii	"PWM_2_backupStruct\000"
 674      325F6261 
 674      636B7570 
 674      53747275 
 674      637400
 675              	.LASF0:
 676 0278 7369676E 		.ascii	"signed char\000"
 676      65642063 
ARM GAS  C:\Users\kopusov.FT\AppData\Local\Temp\ccEBH21z.s 			page 18


 676      68617200 
 677              		.ident	"GCC: (GNU Tools for ARM Embedded Processors) 4.9.3 20150303 (release) [ARM/embedded-4_9-br
