--------------- Rebuild Started: 06/05/2017 15:14:28 Project: cfp_reader, Configuration: ARM GCC 4.9-2015-q1-update Debug ---------------
Deleting file ".\CortexM3\ARM_GCC_493\Debug\main.o"
Deleting file ".\CortexM3\ARM_GCC_493\Debug\cyfitter_cfg.o"
Deleting file ".\CortexM3\ARM_GCC_493\Debug\cymetadata.o"
Deleting file ".\CortexM3\ARM_GCC_493\Debug\MDIO_M.o"
Deleting file ".\CortexM3\ARM_GCC_493\Debug\MDC_M.o"
Deleting file ".\CortexM3\ARM_GCC_493\Debug\Cm3Start.o"
Deleting file ".\CortexM3\ARM_GCC_493\Debug\CyBootAsmGnu.o"
Deleting file ".\CortexM3\ARM_GCC_493\Debug\CyDmac.o"
Deleting file ".\CortexM3\ARM_GCC_493\Debug\CyFlash.o"
Deleting file ".\CortexM3\ARM_GCC_493\Debug\CyLib.o"
Deleting file ".\CortexM3\ARM_GCC_493\Debug\cyPm.o"
Deleting file ".\CortexM3\ARM_GCC_493\Debug\CySpc.o"
Deleting file ".\CortexM3\ARM_GCC_493\Debug\cyutils.o"
Deleting file ".\CortexM3\ARM_GCC_493\Debug\Clock_2.o"
Deleting file ".\CortexM3\ARM_GCC_493\Debug\PWM_1.o"
Deleting file ".\CortexM3\ARM_GCC_493\Debug\PWM_1_PM.o"
Deleting file ".\CortexM3\ARM_GCC_493\Debug\LED_1.o"
Deleting file ".\CortexM3\ARM_GCC_493\Debug\LED_2.o"
Deleting file ".\CortexM3\ARM_GCC_493\Debug\USBUART_1.o"
Deleting file ".\CortexM3\ARM_GCC_493\Debug\USBUART_1_audio.o"
Deleting file ".\CortexM3\ARM_GCC_493\Debug\USBUART_1_boot.o"
Deleting file ".\CortexM3\ARM_GCC_493\Debug\USBUART_1_cdc.o"
Deleting file ".\CortexM3\ARM_GCC_493\Debug\USBUART_1_cls.o"
Deleting file ".\CortexM3\ARM_GCC_493\Debug\USBUART_1_descr.o"
Deleting file ".\CortexM3\ARM_GCC_493\Debug\USBUART_1_drv.o"
Deleting file ".\CortexM3\ARM_GCC_493\Debug\USBUART_1_episr.o"
Deleting file ".\CortexM3\ARM_GCC_493\Debug\USBUART_1_hid.o"
Deleting file ".\CortexM3\ARM_GCC_493\Debug\USBUART_1_pm.o"
Deleting file ".\CortexM3\ARM_GCC_493\Debug\USBUART_1_std.o"
Deleting file ".\CortexM3\ARM_GCC_493\Debug\USBUART_1_vnd.o"
Deleting file ".\CortexM3\ARM_GCC_493\Debug\USBUART_1_midi.o"
Deleting file ".\CortexM3\ARM_GCC_493\Debug\USBUART_1_msc.o"
Deleting file ".\CortexM3\ARM_GCC_493\Debug\USBUART_1_Dm.o"
Deleting file ".\CortexM3\ARM_GCC_493\Debug\USBUART_1_Dp.o"
Deleting file ".\CortexM3\ARM_GCC_493\Debug\PWM_2.o"
Deleting file ".\CortexM3\ARM_GCC_493\Debug\PWM_2_PM.o"
Deleting file ".\CortexM3\ARM_GCC_493\Debug\MDIO_host_2_my.o"
Deleting file ".\CortexM3\ARM_GCC_493\Debug\ISR.o"
Deleting file ".\CortexM3\ARM_GCC_493\Debug\Clock_1.o"
Deleting file ".\CortexM3\ARM_GCC_493\Debug\LED_3.o"
Deleting file ".\CortexM3\ARM_GCC_493\Debug\MOD_ABS.o"
Deleting file ".\CortexM3\ARM_GCC_493\Debug\MOD_RST.o"
Deleting file ".\CortexM3\ARM_GCC_493\Debug\MOD_GALM.o"
Deleting file ".\CortexM3\ARM_GCC_493\Debug\MOD_RX_LOS.o"
Deleting file ".\CortexM3\ARM_GCC_493\Debug\I_PRG_CNTL.o"
Deleting file ".\CortexM3\ARM_GCC_493\Debug\O_ALM.o"
Deleting file ".\CortexM3\ARM_GCC_493\Debug\LED_4_data.o"
Deleting file ".\CortexM3\ARM_GCC_493\Debug\Timer_1.o"
Deleting file ".\CortexM3\ARM_GCC_493\Debug\Timer_1_PM.o"
Deleting file ".\CortexM3\ARM_GCC_493\Debug\TMR1.o"
Deleting file ".\CortexM3\ARM_GCC_493\Debug\cfp_reader.hex"
Deleting file ".\CortexM3\ARM_GCC_493\Debug\cfp_reader.elf"
Deleting file ".\CortexM3\ARM_GCC_493\Debug\cfp_reader.map"
Deleting file ".\cfp_reader.cycdx"
Deleting file ".\cfp_reader.svd"
Deleting file ".\cfp_reader.rpt"
Deleting file ".\cfp_reader_timing.html"
Deleting file ".\CortexM3\ARM_GCC_493\Debug\.deps\SOURCE_C__ARM_GCC_GENERIC.P"
Deleting file ".\CortexM3\ARM_GCC_493\Debug\.deps\SOURCE_ASM__ARM_GCC_GENERIC.P"
cydsfit.exe -.appdatapath "C:\Users\kopusov.FT\AppData\Local\Cypress Semiconductor\PSoC Creator\4.0" -.fdsnotice -.fdswarpdepfile=warp_dependencies.txt -.fdselabdepfile=elab_dependencies.txt -.fdsbldfile=generated_files.txt -.fdsreffile=referenced_files.txt -p D:\PROJECT\pgm\Adaptor_CFP_CFP2_Cypress\cfp_reader\W_cfp_reader\cfp_reader.cydsn\cfp_reader.cyprj -d CY8C5468LTI-LP026 -s D:\PROJECT\pgm\Adaptor_CFP_CFP2_Cypress\cfp_reader\W_cfp_reader\cfp_reader.cydsn\Generated_Source\PSoC5 -- -yv2 -q10 -ygs -o2 -v3 -.fftcfgtype=LE
Elaborating Design...
ADD: sdb.M0065: information: Analog terminal "MDIO_M.siovref_0" on TopDesign is unconnected.
 * D:\PROJECT\pgm\Adaptor_CFP_CFP2_Cypress\cfp_reader\W_cfp_reader\cfp_reader.cydsn\TopDesign\TopDesign.cysch (Signal: Net_2203)
 * D:\PROJECT\pgm\Adaptor_CFP_CFP2_Cypress\cfp_reader\W_cfp_reader\cfp_reader.cydsn\TopDesign\TopDesign.cysch (Shape_548.6)
ADD: sdb.M0065: information: Analog terminal "MDC_M.siovref_0" on TopDesign is unconnected.
 * D:\PROJECT\pgm\Adaptor_CFP_CFP2_Cypress\cfp_reader\W_cfp_reader\cfp_reader.cydsn\TopDesign\TopDesign.cysch (Signal: Net_2202)
 * D:\PROJECT\pgm\Adaptor_CFP_CFP2_Cypress\cfp_reader\W_cfp_reader\cfp_reader.cydsn\TopDesign\TopDesign.cysch (Shape_547.6)
HDL Generation...
Synthesis...
Tech Mapping...
Analog Placement...
Analog Routing...
Analog Code Generation...
Digital Placement...
Digital Routing...
Bitstream Generation...
Bitstream Verification...
Static timing analysis...
API Generation...
Dependency Generation...
Cleanup...
arm-none-eabi-gcc.exe -mcpu=cortex-m3 -mthumb -I. -IGenerated_Source\PSoC5 -Wa,-alh=.\CortexM3\ARM_GCC_493\Debug/main.lst -g -D DEBUG -Wall -ffunction-sections -Og -ffat-lto-objects -c main.c -o .\CortexM3\ARM_GCC_493\Debug\main.o
main.c: In function 'main':
main.c:105:6: warning: implicit declaration of function 'ISR_Start' [-Wimplicit-function-declaration]
      ISR_Start();
      ^
main.c: In function 'analiz_rx_data':
main.c:332:24: warning: unused variable 'strk' [-Wunused-variable]
     uint8_t tx_data[3],strk[10];//,tmp_byte=0;
                        ^
arm-none-eabi-gcc.exe -mcpu=cortex-m3 -mthumb -I. -IGenerated_Source\PSoC5 -Wa,-alh=.\CortexM3\ARM_GCC_493\Debug/cyfitter_cfg.lst -g -D DEBUG -Wall -ffunction-sections -Og -ffat-lto-objects -c Generated_Source\PSoC5\cyfitter_cfg.c -o .\CortexM3\ARM_GCC_493\Debug\cyfitter_cfg.o
arm-none-eabi-gcc.exe -mcpu=cortex-m3 -mthumb -I. -IGenerated_Source\PSoC5 -Wa,-alh=.\CortexM3\ARM_GCC_493\Debug/cymetadata.lst -g -D DEBUG -Wall -ffunction-sections -Og -ffat-lto-objects -c Generated_Source\PSoC5\cymetadata.c -o .\CortexM3\ARM_GCC_493\Debug\cymetadata.o
arm-none-eabi-gcc.exe -mcpu=cortex-m3 -mthumb -I. -IGenerated_Source\PSoC5 -Wa,-alh=.\CortexM3\ARM_GCC_493\Debug/MDIO_M.lst -g -D DEBUG -Wall -ffunction-sections -Og -ffat-lto-objects -c Generated_Source\PSoC5\MDIO_M.c -o .\CortexM3\ARM_GCC_493\Debug\MDIO_M.o
arm-none-eabi-gcc.exe -mcpu=cortex-m3 -mthumb -I. -IGenerated_Source\PSoC5 -Wa,-alh=.\CortexM3\ARM_GCC_493\Debug/MDC_M.lst -g -D DEBUG -Wall -ffunction-sections -Og -ffat-lto-objects -c Generated_Source\PSoC5\MDC_M.c -o .\CortexM3\ARM_GCC_493\Debug\MDC_M.o
arm-none-eabi-gcc.exe -mcpu=cortex-m3 -mthumb -I. -IGenerated_Source\PSoC5 -Wa,-alh=.\CortexM3\ARM_GCC_493\Debug/Cm3Start.lst -g -D DEBUG -Wall -ffunction-sections -Og -ffat-lto-objects -c Generated_Source\PSoC5\Cm3Start.c -o .\CortexM3\ARM_GCC_493\Debug\Cm3Start.o
arm-none-eabi-gcc.exe -mcpu=cortex-m3 -mthumb -I. -IGenerated_Source\PSoC5 -Wa,-alh=.\CortexM3\ARM_GCC_493\Debug/CyDmac.lst -g -D DEBUG -Wall -ffunction-sections -Og -ffat-lto-objects -c Generated_Source\PSoC5\CyDmac.c -o .\CortexM3\ARM_GCC_493\Debug\CyDmac.o
arm-none-eabi-gcc.exe -mcpu=cortex-m3 -mthumb -I. -IGenerated_Source\PSoC5 -Wa,-alh=.\CortexM3\ARM_GCC_493\Debug/CyFlash.lst -g -D DEBUG -Wall -ffunction-sections -Og -ffat-lto-objects -c Generated_Source\PSoC5\CyFlash.c -o .\CortexM3\ARM_GCC_493\Debug\CyFlash.o
arm-none-eabi-gcc.exe -mcpu=cortex-m3 -mthumb -I. -IGenerated_Source\PSoC5 -Wa,-alh=.\CortexM3\ARM_GCC_493\Debug/CyLib.lst -g -D DEBUG -Wall -ffunction-sections -Og -ffat-lto-objects -c Generated_Source\PSoC5\CyLib.c -o .\CortexM3\ARM_GCC_493\Debug\CyLib.o
arm-none-eabi-gcc.exe -mcpu=cortex-m3 -mthumb -I. -IGenerated_Source\PSoC5 -Wa,-alh=.\CortexM3\ARM_GCC_493\Debug/cyPm.lst -g -D DEBUG -Wall -ffunction-sections -Og -ffat-lto-objects -c Generated_Source\PSoC5\cyPm.c -o .\CortexM3\ARM_GCC_493\Debug\cyPm.o
arm-none-eabi-gcc.exe -mcpu=cortex-m3 -mthumb -I. -IGenerated_Source\PSoC5 -Wa,-alh=.\CortexM3\ARM_GCC_493\Debug/CySpc.lst -g -D DEBUG -Wall -ffunction-sections -Og -ffat-lto-objects -c Generated_Source\PSoC5\CySpc.c -o .\CortexM3\ARM_GCC_493\Debug\CySpc.o
arm-none-eabi-gcc.exe -mcpu=cortex-m3 -mthumb -I. -IGenerated_Source\PSoC5 -Wa,-alh=.\CortexM3\ARM_GCC_493\Debug/cyutils.lst -g -D DEBUG -Wall -ffunction-sections -Og -ffat-lto-objects -c Generated_Source\PSoC5\cyutils.c -o .\CortexM3\ARM_GCC_493\Debug\cyutils.o
arm-none-eabi-gcc.exe -mcpu=cortex-m3 -mthumb -I. -IGenerated_Source\PSoC5 -Wa,-alh=.\CortexM3\ARM_GCC_493\Debug/Clock_2.lst -g -D DEBUG -Wall -ffunction-sections -Og -ffat-lto-objects -c Generated_Source\PSoC5\Clock_2.c -o .\CortexM3\ARM_GCC_493\Debug\Clock_2.o
arm-none-eabi-gcc.exe -mcpu=cortex-m3 -mthumb -I. -IGenerated_Source\PSoC5 -Wa,-alh=.\CortexM3\ARM_GCC_493\Debug/PWM_1.lst -g -D DEBUG -Wall -ffunction-sections -Og -ffat-lto-objects -c Generated_Source\PSoC5\PWM_1.c -o .\CortexM3\ARM_GCC_493\Debug\PWM_1.o
arm-none-eabi-gcc.exe -mcpu=cortex-m3 -mthumb -I. -IGenerated_Source\PSoC5 -Wa,-alh=.\CortexM3\ARM_GCC_493\Debug/PWM_1_PM.lst -g -D DEBUG -Wall -ffunction-sections -Og -ffat-lto-objects -c Generated_Source\PSoC5\PWM_1_PM.c -o .\CortexM3\ARM_GCC_493\Debug\PWM_1_PM.o
arm-none-eabi-gcc.exe -mcpu=cortex-m3 -mthumb -I. -IGenerated_Source\PSoC5 -Wa,-alh=.\CortexM3\ARM_GCC_493\Debug/LED_1.lst -g -D DEBUG -Wall -ffunction-sections -Og -ffat-lto-objects -c Generated_Source\PSoC5\LED_1.c -o .\CortexM3\ARM_GCC_493\Debug\LED_1.o
arm-none-eabi-gcc.exe -mcpu=cortex-m3 -mthumb -I. -IGenerated_Source\PSoC5 -Wa,-alh=.\CortexM3\ARM_GCC_493\Debug/LED_2.lst -g -D DEBUG -Wall -ffunction-sections -Og -ffat-lto-objects -c Generated_Source\PSoC5\LED_2.c -o .\CortexM3\ARM_GCC_493\Debug\LED_2.o
arm-none-eabi-gcc.exe -mcpu=cortex-m3 -mthumb -I. -IGenerated_Source\PSoC5 -Wa,-alh=.\CortexM3\ARM_GCC_493\Debug/USBUART_1.lst -g -D DEBUG -Wall -ffunction-sections -Og -ffat-lto-objects -c Generated_Source\PSoC5\USBUART_1.c -o .\CortexM3\ARM_GCC_493\Debug\USBUART_1.o
arm-none-eabi-gcc.exe -mcpu=cortex-m3 -mthumb -I. -IGenerated_Source\PSoC5 -Wa,-alh=.\CortexM3\ARM_GCC_493\Debug/USBUART_1_audio.lst -g -D DEBUG -Wall -ffunction-sections -Og -ffat-lto-objects -c Generated_Source\PSoC5\USBUART_1_audio.c -o .\CortexM3\ARM_GCC_493\Debug\USBUART_1_audio.o
arm-none-eabi-gcc.exe -mcpu=cortex-m3 -mthumb -I. -IGenerated_Source\PSoC5 -Wa,-alh=.\CortexM3\ARM_GCC_493\Debug/USBUART_1_boot.lst -g -D DEBUG -Wall -ffunction-sections -Og -ffat-lto-objects -c Generated_Source\PSoC5\USBUART_1_boot.c -o .\CortexM3\ARM_GCC_493\Debug\USBUART_1_boot.o
arm-none-eabi-gcc.exe -mcpu=cortex-m3 -mthumb -I. -IGenerated_Source\PSoC5 -Wa,-alh=.\CortexM3\ARM_GCC_493\Debug/USBUART_1_cdc.lst -g -D DEBUG -Wall -ffunction-sections -Og -ffat-lto-objects -c Generated_Source\PSoC5\USBUART_1_cdc.c -o .\CortexM3\ARM_GCC_493\Debug\USBUART_1_cdc.o
arm-none-eabi-gcc.exe -mcpu=cortex-m3 -mthumb -I. -IGenerated_Source\PSoC5 -Wa,-alh=.\CortexM3\ARM_GCC_493\Debug/USBUART_1_cls.lst -g -D DEBUG -Wall -ffunction-sections -Og -ffat-lto-objects -c Generated_Source\PSoC5\USBUART_1_cls.c -o .\CortexM3\ARM_GCC_493\Debug\USBUART_1_cls.o
arm-none-eabi-gcc.exe -mcpu=cortex-m3 -mthumb -I. -IGenerated_Source\PSoC5 -Wa,-alh=.\CortexM3\ARM_GCC_493\Debug/USBUART_1_descr.lst -g -D DEBUG -Wall -ffunction-sections -Og -ffat-lto-objects -c Generated_Source\PSoC5\USBUART_1_descr.c -o .\CortexM3\ARM_GCC_493\Debug\USBUART_1_descr.o
arm-none-eabi-gcc.exe -mcpu=cortex-m3 -mthumb -I. -IGenerated_Source\PSoC5 -Wa,-alh=.\CortexM3\ARM_GCC_493\Debug/USBUART_1_drv.lst -g -D DEBUG -Wall -ffunction-sections -Og -ffat-lto-objects -c Generated_Source\PSoC5\USBUART_1_drv.c -o .\CortexM3\ARM_GCC_493\Debug\USBUART_1_drv.o
arm-none-eabi-gcc.exe -mcpu=cortex-m3 -mthumb -I. -IGenerated_Source\PSoC5 -Wa,-alh=.\CortexM3\ARM_GCC_493\Debug/USBUART_1_episr.lst -g -D DEBUG -Wall -ffunction-sections -Og -ffat-lto-objects -c Generated_Source\PSoC5\USBUART_1_episr.c -o .\CortexM3\ARM_GCC_493\Debug\USBUART_1_episr.o
arm-none-eabi-gcc.exe -mcpu=cortex-m3 -mthumb -I. -IGenerated_Source\PSoC5 -Wa,-alh=.\CortexM3\ARM_GCC_493\Debug/USBUART_1_hid.lst -g -D DEBUG -Wall -ffunction-sections -Og -ffat-lto-objects -c Generated_Source\PSoC5\USBUART_1_hid.c -o .\CortexM3\ARM_GCC_493\Debug\USBUART_1_hid.o
arm-none-eabi-gcc.exe -mcpu=cortex-m3 -mthumb -I. -IGenerated_Source\PSoC5 -Wa,-alh=.\CortexM3\ARM_GCC_493\Debug/USBUART_1_pm.lst -g -D DEBUG -Wall -ffunction-sections -Og -ffat-lto-objects -c Generated_Source\PSoC5\USBUART_1_pm.c -o .\CortexM3\ARM_GCC_493\Debug\USBUART_1_pm.o
arm-none-eabi-gcc.exe -mcpu=cortex-m3 -mthumb -I. -IGenerated_Source\PSoC5 -Wa,-alh=.\CortexM3\ARM_GCC_493\Debug/USBUART_1_std.lst -g -D DEBUG -Wall -ffunction-sections -Og -ffat-lto-objects -c Generated_Source\PSoC5\USBUART_1_std.c -o .\CortexM3\ARM_GCC_493\Debug\USBUART_1_std.o
arm-none-eabi-gcc.exe -mcpu=cortex-m3 -mthumb -I. -IGenerated_Source\PSoC5 -Wa,-alh=.\CortexM3\ARM_GCC_493\Debug/USBUART_1_vnd.lst -g -D DEBUG -Wall -ffunction-sections -Og -ffat-lto-objects -c Generated_Source\PSoC5\USBUART_1_vnd.c -o .\CortexM3\ARM_GCC_493\Debug\USBUART_1_vnd.o
arm-none-eabi-gcc.exe -mcpu=cortex-m3 -mthumb -I. -IGenerated_Source\PSoC5 -Wa,-alh=.\CortexM3\ARM_GCC_493\Debug/USBUART_1_midi.lst -g -D DEBUG -Wall -ffunction-sections -Og -ffat-lto-objects -c Generated_Source\PSoC5\USBUART_1_midi.c -o .\CortexM3\ARM_GCC_493\Debug\USBUART_1_midi.o
arm-none-eabi-gcc.exe -mcpu=cortex-m3 -mthumb -I. -IGenerated_Source\PSoC5 -Wa,-alh=.\CortexM3\ARM_GCC_493\Debug/USBUART_1_msc.lst -g -D DEBUG -Wall -ffunction-sections -Og -ffat-lto-objects -c Generated_Source\PSoC5\USBUART_1_msc.c -o .\CortexM3\ARM_GCC_493\Debug\USBUART_1_msc.o
arm-none-eabi-gcc.exe -mcpu=cortex-m3 -mthumb -I. -IGenerated_Source\PSoC5 -Wa,-alh=.\CortexM3\ARM_GCC_493\Debug/USBUART_1_Dm.lst -g -D DEBUG -Wall -ffunction-sections -Og -ffat-lto-objects -c Generated_Source\PSoC5\USBUART_1_Dm.c -o .\CortexM3\ARM_GCC_493\Debug\USBUART_1_Dm.o
arm-none-eabi-gcc.exe -mcpu=cortex-m3 -mthumb -I. -IGenerated_Source\PSoC5 -Wa,-alh=.\CortexM3\ARM_GCC_493\Debug/USBUART_1_Dp.lst -g -D DEBUG -Wall -ffunction-sections -Og -ffat-lto-objects -c Generated_Source\PSoC5\USBUART_1_Dp.c -o .\CortexM3\ARM_GCC_493\Debug\USBUART_1_Dp.o
arm-none-eabi-gcc.exe -mcpu=cortex-m3 -mthumb -I. -IGenerated_Source\PSoC5 -Wa,-alh=.\CortexM3\ARM_GCC_493\Debug/PWM_2.lst -g -D DEBUG -Wall -ffunction-sections -Og -ffat-lto-objects -c Generated_Source\PSoC5\PWM_2.c -o .\CortexM3\ARM_GCC_493\Debug\PWM_2.o
arm-none-eabi-gcc.exe -mcpu=cortex-m3 -mthumb -I. -IGenerated_Source\PSoC5 -Wa,-alh=.\CortexM3\ARM_GCC_493\Debug/PWM_2_PM.lst -g -D DEBUG -Wall -ffunction-sections -Og -ffat-lto-objects -c Generated_Source\PSoC5\PWM_2_PM.c -o .\CortexM3\ARM_GCC_493\Debug\PWM_2_PM.o
arm-none-eabi-gcc.exe -mcpu=cortex-m3 -mthumb -I. -IGenerated_Source\PSoC5 -Wa,-alh=.\CortexM3\ARM_GCC_493\Debug/MDIO_host_2_my.lst -g -D DEBUG -Wall -ffunction-sections -Og -ffat-lto-objects -c Generated_Source\PSoC5\MDIO_host_2_my.c -o .\CortexM3\ARM_GCC_493\Debug\MDIO_host_2_my.o
arm-none-eabi-gcc.exe -mcpu=cortex-m3 -mthumb -I. -IGenerated_Source\PSoC5 -Wa,-alh=.\CortexM3\ARM_GCC_493\Debug/Clock_1.lst -g -D DEBUG -Wall -ffunction-sections -Og -ffat-lto-objects -c Generated_Source\PSoC5\Clock_1.c -o .\CortexM3\ARM_GCC_493\Debug\Clock_1.o
arm-none-eabi-gcc.exe -mcpu=cortex-m3 -mthumb -I. -IGenerated_Source\PSoC5 -Wa,-alh=.\CortexM3\ARM_GCC_493\Debug/LED_3.lst -g -D DEBUG -Wall -ffunction-sections -Og -ffat-lto-objects -c Generated_Source\PSoC5\LED_3.c -o .\CortexM3\ARM_GCC_493\Debug\LED_3.o
arm-none-eabi-gcc.exe -mcpu=cortex-m3 -mthumb -I. -IGenerated_Source\PSoC5 -Wa,-alh=.\CortexM3\ARM_GCC_493\Debug/MOD_ABS.lst -g -D DEBUG -Wall -ffunction-sections -Og -ffat-lto-objects -c Generated_Source\PSoC5\MOD_ABS.c -o .\CortexM3\ARM_GCC_493\Debug\MOD_ABS.o
arm-none-eabi-gcc.exe -mcpu=cortex-m3 -mthumb -I. -IGenerated_Source\PSoC5 -Wa,-alh=.\CortexM3\ARM_GCC_493\Debug/MOD_RST.lst -g -D DEBUG -Wall -ffunction-sections -Og -ffat-lto-objects -c Generated_Source\PSoC5\MOD_RST.c -o .\CortexM3\ARM_GCC_493\Debug\MOD_RST.o
arm-none-eabi-gcc.exe -mcpu=cortex-m3 -mthumb -I. -IGenerated_Source\PSoC5 -Wa,-alh=.\CortexM3\ARM_GCC_493\Debug/MOD_GALM.lst -g -D DEBUG -Wall -ffunction-sections -Og -ffat-lto-objects -c Generated_Source\PSoC5\MOD_GALM.c -o .\CortexM3\ARM_GCC_493\Debug\MOD_GALM.o
arm-none-eabi-gcc.exe -mcpu=cortex-m3 -mthumb -I. -IGenerated_Source\PSoC5 -Wa,-alh=.\CortexM3\ARM_GCC_493\Debug/MOD_RX_LOS.lst -g -D DEBUG -Wall -ffunction-sections -Og -ffat-lto-objects -c Generated_Source\PSoC5\MOD_RX_LOS.c -o .\CortexM3\ARM_GCC_493\Debug\MOD_RX_LOS.o
arm-none-eabi-gcc.exe -mcpu=cortex-m3 -mthumb -I. -IGenerated_Source\PSoC5 -Wa,-alh=.\CortexM3\ARM_GCC_493\Debug/I_PRG_CNTL.lst -g -D DEBUG -Wall -ffunction-sections -Og -ffat-lto-objects -c Generated_Source\PSoC5\I_PRG_CNTL.c -o .\CortexM3\ARM_GCC_493\Debug\I_PRG_CNTL.o
arm-none-eabi-gcc.exe -mcpu=cortex-m3 -mthumb -I. -IGenerated_Source\PSoC5 -Wa,-alh=.\CortexM3\ARM_GCC_493\Debug/O_ALM.lst -g -D DEBUG -Wall -ffunction-sections -Og -ffat-lto-objects -c Generated_Source\PSoC5\O_ALM.c -o .\CortexM3\ARM_GCC_493\Debug\O_ALM.o
arm-none-eabi-gcc.exe -mcpu=cortex-m3 -mthumb -I. -IGenerated_Source\PSoC5 -Wa,-alh=.\CortexM3\ARM_GCC_493\Debug/LED_4_data.lst -g -D DEBUG -Wall -ffunction-sections -Og -ffat-lto-objects -c Generated_Source\PSoC5\LED_4_data.c -o .\CortexM3\ARM_GCC_493\Debug\LED_4_data.o
arm-none-eabi-gcc.exe -mcpu=cortex-m3 -mthumb -I. -IGenerated_Source\PSoC5 -Wa,-alh=.\CortexM3\ARM_GCC_493\Debug/Timer_1.lst -g -D DEBUG -Wall -ffunction-sections -Og -ffat-lto-objects -c Generated_Source\PSoC5\Timer_1.c -o .\CortexM3\ARM_GCC_493\Debug\Timer_1.o
arm-none-eabi-gcc.exe -mcpu=cortex-m3 -mthumb -I. -IGenerated_Source\PSoC5 -Wa,-alh=.\CortexM3\ARM_GCC_493\Debug/Timer_1_PM.lst -g -D DEBUG -Wall -ffunction-sections -Og -ffat-lto-objects -c Generated_Source\PSoC5\Timer_1_PM.c -o .\CortexM3\ARM_GCC_493\Debug\Timer_1_PM.o
arm-none-eabi-gcc.exe -mcpu=cortex-m3 -mthumb -I. -IGenerated_Source\PSoC5 -Wa,-alh=.\CortexM3\ARM_GCC_493\Debug/ISR_MDIO.lst -g -D DEBUG -Wall -ffunction-sections -Og -ffat-lto-objects -c Generated_Source\PSoC5\ISR_MDIO.c -o .\CortexM3\ARM_GCC_493\Debug\ISR_MDIO.o
arm-none-eabi-gcc.exe -mcpu=cortex-m3 -mthumb -I. -IGenerated_Source\PSoC5 -Wa,-alh=.\CortexM3\ARM_GCC_493\Debug/ISR_TMR1.lst -g -D DEBUG -Wall -ffunction-sections -Og -ffat-lto-objects -c Generated_Source\PSoC5\ISR_TMR1.c -o .\CortexM3\ARM_GCC_493\Debug\ISR_TMR1.o
arm-none-eabi-as.exe -mcpu=cortex-m3 -mthumb -I. -IGenerated_Source\PSoC5 -alh=.\CortexM3\ARM_GCC_493\Debug/CyBootAsmGnu.lst -g -W -o .\CortexM3\ARM_GCC_493\Debug\CyBootAsmGnu.o Generated_Source\PSoC5\CyBootAsmGnu.s
arm-none-eabi-ar.exe -rs .\CortexM3\ARM_GCC_493\Debug\cfp_reader.a .\CortexM3\ARM_GCC_493\Debug\cyfitter_cfg.o .\CortexM3\ARM_GCC_493\Debug\MDIO_M.o .\CortexM3\ARM_GCC_493\Debug\MDC_M.o .\CortexM3\ARM_GCC_493\Debug\CyDmac.o .\CortexM3\ARM_GCC_493\Debug\CyFlash.o .\CortexM3\ARM_GCC_493\Debug\CyLib.o .\CortexM3\ARM_GCC_493\Debug\cyPm.o .\CortexM3\ARM_GCC_493\Debug\CySpc.o .\CortexM3\ARM_GCC_493\Debug\cyutils.o .\CortexM3\ARM_GCC_493\Debug\Clock_2.o .\CortexM3\ARM_GCC_493\Debug\PWM_1.o .\CortexM3\ARM_GCC_493\Debug\PWM_1_PM.o .\CortexM3\ARM_GCC_493\Debug\LED_1.o .\CortexM3\ARM_GCC_493\Debug\LED_2.o .\CortexM3\ARM_GCC_493\Debug\USBUART_1.o .\CortexM3\ARM_GCC_493\Debug\USBUART_1_audio.o .\CortexM3\ARM_GCC_493\Debug\USBUART_1_boot.o .\CortexM3\ARM_GCC_493\Debug\USBUART_1_cdc.o .\CortexM3\ARM_GCC_493\Debug\USBUART_1_cls.o .\CortexM3\ARM_GCC_493\Debug\USBUART_1_descr.o .\CortexM3\ARM_GCC_493\Debug\USBUART_1_drv.o .\CortexM3\ARM_GCC_493\Debug\USBUART_1_episr.o .\CortexM3\ARM_GCC_493\Debug\USBUART_1_hid.o .\CortexM3\ARM_GCC_493\Debug\USBUART_1_pm.o .\CortexM3\ARM_GCC_493\Debug\USBUART_1_std.o .\CortexM3\ARM_GCC_493\Debug\USBUART_1_vnd.o .\CortexM3\ARM_GCC_493\Debug\USBUART_1_midi.o .\CortexM3\ARM_GCC_493\Debug\USBUART_1_msc.o .\CortexM3\ARM_GCC_493\Debug\USBUART_1_Dm.o .\CortexM3\ARM_GCC_493\Debug\USBUART_1_Dp.o .\CortexM3\ARM_GCC_493\Debug\PWM_2.o .\CortexM3\ARM_GCC_493\Debug\PWM_2_PM.o .\CortexM3\ARM_GCC_493\Debug\MDIO_host_2_my.o .\CortexM3\ARM_GCC_493\Debug\Clock_1.o .\CortexM3\ARM_GCC_493\Debug\LED_3.o .\CortexM3\ARM_GCC_493\Debug\MOD_ABS.o .\CortexM3\ARM_GCC_493\Debug\MOD_RST.o .\CortexM3\ARM_GCC_493\Debug\MOD_GALM.o .\CortexM3\ARM_GCC_493\Debug\MOD_RX_LOS.o .\CortexM3\ARM_GCC_493\Debug\I_PRG_CNTL.o .\CortexM3\ARM_GCC_493\Debug\O_ALM.o .\CortexM3\ARM_GCC_493\Debug\LED_4_data.o .\CortexM3\ARM_GCC_493\Debug\Timer_1.o .\CortexM3\ARM_GCC_493\Debug\Timer_1_PM.o .\CortexM3\ARM_GCC_493\Debug\ISR_MDIO.o .\CortexM3\ARM_GCC_493\Debug\ISR_TMR1.o .\CortexM3\ARM_GCC_493\Debug\CyBootAsmGnu.o
arm-none-eabi-ar.exe: creating .\CortexM3\ARM_GCC_493\Debug\cfp_reader.a
arm-none-eabi-gcc.exe -Wl,--start-group -o .\CortexM3\ARM_GCC_493\Debug\cfp_reader.elf .\CortexM3\ARM_GCC_493\Debug\main.o .\CortexM3\ARM_GCC_493\Debug\cymetadata.o .\CortexM3\ARM_GCC_493\Debug\Cm3Start.o .\CortexM3\ARM_GCC_493\Debug\cfp_reader.a "C:\Program Files (x86)\Cypress\PSoC Creator\4.0\PSoC Creator\psoc\content\cycomponentlibrary\CyComponentLibrary.cylib\CortexM3\ARM_GCC_493\Debug\CyComponentLibrary.a" -mcpu=cortex-m3 -mthumb -g -ffunction-sections -Og -ffat-lto-objects -L Generated_Source\PSoC5 -Wl,-Map,.\CortexM3\ARM_GCC_493\Debug/cfp_reader.map -T D:\PROJECT\pgm\Adaptor_CFP_CFP2_Cypress\cfp_reader\W_cfp_reader\cfp_reader.cydsn\Generated_Source\PSoC5\cm3gcc.ld -specs=nano.specs -Wl,--gc-sections -Wl,--end-group
.\CortexM3\ARM_GCC_493\Debug\main.o: In function `main':
D:\PROJECT\pgm\Adaptor_CFP_CFP2_Cypress\cfp_reader\W_cfp_reader\cfp_reader.cydsn/main.c:105: undefined reference to `ISR_Start'
collect2.exe: error: ld returned 1 exit status
The command 'arm-none-eabi-gcc.exe' failed with exit code '1'.
--------------- Rebuild Failed: 06/05/2017 15:15:21 ---------------
