ARM GAS  C:\Users\kopusov.FT\AppData\Local\Temp\ccPrc7Mj.s 			page 1


   1              		.syntax unified
   2              		.cpu cortex-m3
   3              		.fpu softvfp
   4              		.eabi_attribute 20, 1
   5              		.eabi_attribute 21, 1
   6              		.eabi_attribute 23, 3
   7              		.eabi_attribute 24, 1
   8              		.eabi_attribute 25, 1
   9              		.eabi_attribute 26, 1
  10              		.eabi_attribute 30, 1
  11              		.eabi_attribute 34, 1
  12              		.eabi_attribute 18, 4
  13              		.thumb
  14              		.file	"USBUART_1_descr.c"
  15              		.text
  16              	.Ltext0:
  17              		.cfi_sections	.debug_frame
  18              		.comm	USBUART_1_idSerialNumberStringDescriptor,34,4
  19              		.global	USBUART_1_TABLE
  20              		.global	USBUART_1_DEVICE0_TABLE
  21              		.global	USBUART_1_DEVICE0_CONFIGURATION0_TABLE
  22              		.global	USBUART_1_DEVICE0_CONFIGURATION0_INTERFACE_CLASS
  23              		.global	USBUART_1_DEVICE0_CONFIGURATION0_EP_SETTINGS_TABLE
  24              		.global	USBUART_1_SN_STRING_DESCRIPTOR
  25              		.global	USBUART_1_STRING_DESCRIPTORS
  26              		.global	USBUART_1_DEVICE0_CONFIGURATION0_DESCR
  27              		.global	USBUART_1_DEVICE0_DESCR
  28              		.section	.rodata
  29              		.align	2
  30              		.type	USBUART_1_TABLE, %object
  31              		.size	USBUART_1_TABLE, 8
  32              	USBUART_1_TABLE:
  33 0000 01       		.byte	1
  34 0001 000000   		.space	3
  35 0004 00000000 		.word	USBUART_1_DEVICE0_TABLE
  36              		.type	USBUART_1_DEVICE0_TABLE, %object
  37              		.size	USBUART_1_DEVICE0_TABLE, 24
  38              	USBUART_1_DEVICE0_TABLE:
  39 0008 01       		.byte	1
  40 0009 000000   		.space	3
  41 000c 00000000 		.word	USBUART_1_DEVICE0_DESCR
  42 0010 00       		.byte	0
  43 0011 000000   		.space	3
  44 0014 00000000 		.word	0
  45 0018 01       		.byte	1
  46 0019 000000   		.space	3
  47 001c 00000000 		.word	USBUART_1_DEVICE0_CONFIGURATION0_TABLE
  48              		.type	USBUART_1_DEVICE0_CONFIGURATION0_TABLE, %object
  49              		.size	USBUART_1_DEVICE0_CONFIGURATION0_TABLE, 40
  50              	USBUART_1_DEVICE0_CONFIGURATION0_TABLE:
  51 0020 01       		.byte	1
  52 0021 000000   		.space	3
  53 0024 00000000 		.word	USBUART_1_DEVICE0_CONFIGURATION0_DESCR
  54 0028 03       		.byte	3
  55 0029 000000   		.space	3
  56 002c 00000000 		.word	USBUART_1_DEVICE0_CONFIGURATION0_EP_SETTINGS_TABLE
  57 0030 00       		.byte	0
ARM GAS  C:\Users\kopusov.FT\AppData\Local\Temp\ccPrc7Mj.s 			page 2


  58 0031 000000   		.space	3
  59 0034 00000000 		.word	0
  60 0038 00       		.byte	0
  61 0039 000000   		.space	3
  62 003c 00000000 		.word	0
  63 0040 00       		.byte	0
  64 0041 000000   		.space	3
  65 0044 00000000 		.word	USBUART_1_DEVICE0_CONFIGURATION0_INTERFACE_CLASS
  66              		.type	USBUART_1_DEVICE0_CONFIGURATION0_INTERFACE_CLASS, %object
  67              		.size	USBUART_1_DEVICE0_CONFIGURATION0_INTERFACE_CLASS, 2
  68              	USBUART_1_DEVICE0_CONFIGURATION0_INTERFACE_CLASS:
  69 0048 02       		.byte	2
  70 0049 0A       		.byte	10
  71 004a 0000     		.space	2
  72              		.type	USBUART_1_DEVICE0_CONFIGURATION0_EP_SETTINGS_TABLE, %object
  73              		.size	USBUART_1_DEVICE0_CONFIGURATION0_EP_SETTINGS_TABLE, 24
  74              	USBUART_1_DEVICE0_CONFIGURATION0_EP_SETTINGS_TABLE:
  75 004c 00       		.byte	0
  76 004d 00       		.byte	0
  77 004e 81       		.byte	-127
  78 004f 03       		.byte	3
  79 0050 0800     		.short	8
  80 0052 02       		.byte	2
  81 0053 00       		.space	1
  82 0054 01       		.byte	1
  83 0055 00       		.byte	0
  84 0056 82       		.byte	-126
  85 0057 02       		.byte	2
  86 0058 4000     		.short	64
  87 005a 0A       		.byte	10
  88 005b 00       		.space	1
  89 005c 01       		.byte	1
  90 005d 00       		.byte	0
  91 005e 03       		.byte	3
  92 005f 02       		.byte	2
  93 0060 4000     		.short	64
  94 0062 0A       		.byte	10
  95 0063 00       		.space	1
  96              		.type	USBUART_1_SN_STRING_DESCRIPTOR, %object
  97              		.size	USBUART_1_SN_STRING_DESCRIPTOR, 2
  98              	USBUART_1_SN_STRING_DESCRIPTOR:
  99 0064 02       		.byte	2
 100 0065 03       		.byte	3
 101 0066 0000     		.space	2
 102              		.type	USBUART_1_STRING_DESCRIPTORS, %object
 103              		.size	USBUART_1_STRING_DESCRIPTORS, 141
 104              	USBUART_1_STRING_DESCRIPTORS:
 105 0068 04       		.byte	4
 106 0069 03       		.byte	3
 107 006a 09       		.byte	9
 108 006b 04       		.byte	4
 109 006c 16       		.byte	22
 110 006d 03       		.byte	3
 111 006e 46       		.byte	70
 112 006f 00       		.byte	0
 113 0070 69       		.byte	105
 114 0071 00       		.byte	0
ARM GAS  C:\Users\kopusov.FT\AppData\Local\Temp\ccPrc7Mj.s 			page 3


 115 0072 62       		.byte	98
 116 0073 00       		.byte	0
 117 0074 65       		.byte	101
 118 0075 00       		.byte	0
 119 0076 72       		.byte	114
 120 0077 00       		.byte	0
 121 0078 54       		.byte	84
 122 0079 00       		.byte	0
 123 007a 72       		.byte	114
 124 007b 00       		.byte	0
 125 007c 65       		.byte	101
 126 007d 00       		.byte	0
 127 007e 69       		.byte	105
 128 007f 00       		.byte	0
 129 0080 64       		.byte	100
 130 0081 00       		.byte	0
 131 0082 14       		.byte	20
 132 0083 03       		.byte	3
 133 0084 43       		.byte	67
 134 0085 00       		.byte	0
 135 0086 46       		.byte	70
 136 0087 00       		.byte	0
 137 0088 50       		.byte	80
 138 0089 00       		.byte	0
 139 008a 52       		.byte	82
 140 008b 00       		.byte	0
 141 008c 45       		.byte	69
 142 008d 00       		.byte	0
 143 008e 41       		.byte	65
 144 008f 00       		.byte	0
 145 0090 44       		.byte	68
 146 0091 00       		.byte	0
 147 0092 45       		.byte	69
 148 0093 00       		.byte	0
 149 0094 52       		.byte	82
 150 0095 00       		.byte	0
 151 0096 38       		.byte	56
 152 0097 03       		.byte	3
 153 0098 43       		.byte	67
 154 0099 00       		.byte	0
 155 009a 44       		.byte	68
 156 009b 00       		.byte	0
 157 009c 43       		.byte	67
 158 009d 00       		.byte	0
 159 009e 20       		.byte	32
 160 009f 00       		.byte	0
 161 00a0 43       		.byte	67
 162 00a1 00       		.byte	0
 163 00a2 6F       		.byte	111
 164 00a3 00       		.byte	0
 165 00a4 6D       		.byte	109
 166 00a5 00       		.byte	0
 167 00a6 6D       		.byte	109
 168 00a7 00       		.byte	0
 169 00a8 75       		.byte	117
 170 00a9 00       		.byte	0
 171 00aa 6E       		.byte	110
ARM GAS  C:\Users\kopusov.FT\AppData\Local\Temp\ccPrc7Mj.s 			page 4


 172 00ab 00       		.byte	0
 173 00ac 69       		.byte	105
 174 00ad 00       		.byte	0
 175 00ae 63       		.byte	99
 176 00af 00       		.byte	0
 177 00b0 61       		.byte	97
 178 00b1 00       		.byte	0
 179 00b2 74       		.byte	116
 180 00b3 00       		.byte	0
 181 00b4 69       		.byte	105
 182 00b5 00       		.byte	0
 183 00b6 6F       		.byte	111
 184 00b7 00       		.byte	0
 185 00b8 6E       		.byte	110
 186 00b9 00       		.byte	0
 187 00ba 20       		.byte	32
 188 00bb 00       		.byte	0
 189 00bc 49       		.byte	73
 190 00bd 00       		.byte	0
 191 00be 6E       		.byte	110
 192 00bf 00       		.byte	0
 193 00c0 74       		.byte	116
 194 00c1 00       		.byte	0
 195 00c2 65       		.byte	101
 196 00c3 00       		.byte	0
 197 00c4 72       		.byte	114
 198 00c5 00       		.byte	0
 199 00c6 66       		.byte	102
 200 00c7 00       		.byte	0
 201 00c8 61       		.byte	97
 202 00c9 00       		.byte	0
 203 00ca 63       		.byte	99
 204 00cb 00       		.byte	0
 205 00cc 65       		.byte	101
 206 00cd 00       		.byte	0
 207 00ce 26       		.byte	38
 208 00cf 03       		.byte	3
 209 00d0 43       		.byte	67
 210 00d1 00       		.byte	0
 211 00d2 44       		.byte	68
 212 00d3 00       		.byte	0
 213 00d4 43       		.byte	67
 214 00d5 00       		.byte	0
 215 00d6 20       		.byte	32
 216 00d7 00       		.byte	0
 217 00d8 44       		.byte	68
 218 00d9 00       		.byte	0
 219 00da 61       		.byte	97
 220 00db 00       		.byte	0
 221 00dc 74       		.byte	116
 222 00dd 00       		.byte	0
 223 00de 61       		.byte	97
 224 00df 00       		.byte	0
 225 00e0 20       		.byte	32
 226 00e1 00       		.byte	0
 227 00e2 49       		.byte	73
 228 00e3 00       		.byte	0
ARM GAS  C:\Users\kopusov.FT\AppData\Local\Temp\ccPrc7Mj.s 			page 5


 229 00e4 6E       		.byte	110
 230 00e5 00       		.byte	0
 231 00e6 74       		.byte	116
 232 00e7 00       		.byte	0
 233 00e8 65       		.byte	101
 234 00e9 00       		.byte	0
 235 00ea 72       		.byte	114
 236 00eb 00       		.byte	0
 237 00ec 66       		.byte	102
 238 00ed 00       		.byte	0
 239 00ee 61       		.byte	97
 240 00ef 00       		.byte	0
 241 00f0 63       		.byte	99
 242 00f1 00       		.byte	0
 243 00f2 65       		.byte	101
 244 00f3 00       		.byte	0
 245 00f4 00       		.byte	0
 246 00f5 000000   		.space	3
 247              		.type	USBUART_1_DEVICE0_CONFIGURATION0_DESCR, %object
 248              		.size	USBUART_1_DEVICE0_CONFIGURATION0_DESCR, 67
 249              	USBUART_1_DEVICE0_CONFIGURATION0_DESCR:
 250 00f8 09       		.byte	9
 251 00f9 02       		.byte	2
 252 00fa 43       		.byte	67
 253 00fb 00       		.byte	0
 254 00fc 02       		.byte	2
 255 00fd 01       		.byte	1
 256 00fe 01       		.byte	1
 257 00ff 80       		.byte	-128
 258 0100 32       		.byte	50
 259 0101 09       		.byte	9
 260 0102 04       		.byte	4
 261 0103 00       		.byte	0
 262 0104 00       		.byte	0
 263 0105 01       		.byte	1
 264 0106 02       		.byte	2
 265 0107 02       		.byte	2
 266 0108 01       		.byte	1
 267 0109 03       		.byte	3
 268 010a 05       		.byte	5
 269 010b 24       		.byte	36
 270 010c 00       		.byte	0
 271 010d 10       		.byte	16
 272 010e 01       		.byte	1
 273 010f 04       		.byte	4
 274 0110 24       		.byte	36
 275 0111 02       		.byte	2
 276 0112 02       		.byte	2
 277 0113 05       		.byte	5
 278 0114 24       		.byte	36
 279 0115 06       		.byte	6
 280 0116 00       		.byte	0
 281 0117 01       		.byte	1
 282 0118 05       		.byte	5
 283 0119 24       		.byte	36
 284 011a 01       		.byte	1
 285 011b 00       		.byte	0
ARM GAS  C:\Users\kopusov.FT\AppData\Local\Temp\ccPrc7Mj.s 			page 6


 286 011c 01       		.byte	1
 287 011d 07       		.byte	7
 288 011e 05       		.byte	5
 289 011f 81       		.byte	-127
 290 0120 03       		.byte	3
 291 0121 08       		.byte	8
 292 0122 00       		.byte	0
 293 0123 0A       		.byte	10
 294 0124 09       		.byte	9
 295 0125 04       		.byte	4
 296 0126 01       		.byte	1
 297 0127 00       		.byte	0
 298 0128 02       		.byte	2
 299 0129 0A       		.byte	10
 300 012a 00       		.byte	0
 301 012b 00       		.byte	0
 302 012c 04       		.byte	4
 303 012d 07       		.byte	7
 304 012e 05       		.byte	5
 305 012f 82       		.byte	-126
 306 0130 02       		.byte	2
 307 0131 40       		.byte	64
 308 0132 00       		.byte	0
 309 0133 00       		.byte	0
 310 0134 07       		.byte	7
 311 0135 05       		.byte	5
 312 0136 03       		.byte	3
 313 0137 02       		.byte	2
 314 0138 40       		.byte	64
 315 0139 00       		.byte	0
 316 013a 00       		.byte	0
 317 013b 00       		.space	1
 318              		.type	USBUART_1_DEVICE0_DESCR, %object
 319              		.size	USBUART_1_DEVICE0_DESCR, 18
 320              	USBUART_1_DEVICE0_DESCR:
 321 013c 12       		.byte	18
 322 013d 01       		.byte	1
 323 013e 00       		.byte	0
 324 013f 02       		.byte	2
 325 0140 02       		.byte	2
 326 0141 00       		.byte	0
 327 0142 00       		.byte	0
 328 0143 08       		.byte	8
 329 0144 B4       		.byte	-76
 330 0145 04       		.byte	4
 331 0146 32       		.byte	50
 332 0147 F2       		.byte	-14
 333 0148 01       		.byte	1
 334 0149 00       		.byte	0
 335 014a 01       		.byte	1
 336 014b 02       		.byte	2
 337 014c 80       		.byte	-128
 338 014d 01       		.byte	1
 339 014e 0000     		.text
 340              	.Letext0:
 341              		.file 1 "Generated_Source\\PSoC5\\cytypes.h"
 342              		.file 2 "Generated_Source\\PSoC5\\USBUART_1.h"
ARM GAS  C:\Users\kopusov.FT\AppData\Local\Temp\ccPrc7Mj.s 			page 7


 343              		.file 3 "Generated_Source\\PSoC5\\USBUART_1_descr.c"
 344              		.section	.debug_info,"",%progbits
 345              	.Ldebug_info0:
 346 0000 89020000 		.4byte	0x289
 347 0004 0400     		.2byte	0x4
 348 0006 00000000 		.4byte	.Ldebug_abbrev0
 349 000a 04       		.byte	0x4
 350 000b 01       		.uleb128 0x1
 351 000c B6010000 		.4byte	.LASF34
 352 0010 01       		.byte	0x1
 353 0011 4D030000 		.4byte	.LASF35
 354 0015 B4000000 		.4byte	.LASF36
 355 0019 00000000 		.4byte	.Ldebug_line0
 356 001d 02       		.uleb128 0x2
 357 001e 01       		.byte	0x1
 358 001f 06       		.byte	0x6
 359 0020 41030000 		.4byte	.LASF0
 360 0024 02       		.uleb128 0x2
 361 0025 01       		.byte	0x1
 362 0026 08       		.byte	0x8
 363 0027 3D010000 		.4byte	.LASF1
 364 002b 02       		.uleb128 0x2
 365 002c 02       		.byte	0x2
 366 002d 05       		.byte	0x5
 367 002e A5010000 		.4byte	.LASF2
 368 0032 02       		.uleb128 0x2
 369 0033 02       		.byte	0x2
 370 0034 07       		.byte	0x7
 371 0035 73000000 		.4byte	.LASF3
 372 0039 02       		.uleb128 0x2
 373 003a 04       		.byte	0x4
 374 003b 05       		.byte	0x5
 375 003c 38030000 		.4byte	.LASF4
 376 0040 02       		.uleb128 0x2
 377 0041 04       		.byte	0x4
 378 0042 07       		.byte	0x7
 379 0043 56010000 		.4byte	.LASF5
 380 0047 02       		.uleb128 0x2
 381 0048 08       		.byte	0x8
 382 0049 05       		.byte	0x5
 383 004a 90020000 		.4byte	.LASF6
 384 004e 02       		.uleb128 0x2
 385 004f 08       		.byte	0x8
 386 0050 07       		.byte	0x7
 387 0051 51020000 		.4byte	.LASF7
 388 0055 03       		.uleb128 0x3
 389 0056 04       		.byte	0x4
 390 0057 05       		.byte	0x5
 391 0058 696E7400 		.ascii	"int\000"
 392 005c 02       		.uleb128 0x2
 393 005d 04       		.byte	0x4
 394 005e 07       		.byte	0x7
 395 005f 44020000 		.4byte	.LASF8
 396 0063 04       		.uleb128 0x4
 397 0064 F5020000 		.4byte	.LASF9
 398 0068 01       		.byte	0x1
 399 0069 9201     		.2byte	0x192
ARM GAS  C:\Users\kopusov.FT\AppData\Local\Temp\ccPrc7Mj.s 			page 8


 400 006b 24000000 		.4byte	0x24
 401 006f 04       		.uleb128 0x4
 402 0070 AF010000 		.4byte	.LASF10
 403 0074 01       		.byte	0x1
 404 0075 9301     		.2byte	0x193
 405 0077 32000000 		.4byte	0x32
 406 007b 02       		.uleb128 0x2
 407 007c 04       		.byte	0x4
 408 007d 04       		.byte	0x4
 409 007e 05010000 		.4byte	.LASF11
 410 0082 02       		.uleb128 0x2
 411 0083 08       		.byte	0x8
 412 0084 04       		.byte	0x4
 413 0085 9E010000 		.4byte	.LASF12
 414 0089 02       		.uleb128 0x2
 415 008a 01       		.byte	0x1
 416 008b 08       		.byte	0x8
 417 008c 9E020000 		.4byte	.LASF13
 418 0090 02       		.uleb128 0x2
 419 0091 04       		.byte	0x4
 420 0092 07       		.byte	0x7
 421 0093 87020000 		.4byte	.LASF14
 422 0097 05       		.uleb128 0x5
 423 0098 08       		.byte	0x8
 424 0099 02       		.byte	0x2
 425 009a 9A       		.byte	0x9a
 426 009b E8000000 		.4byte	0xe8
 427 009f 06       		.uleb128 0x6
 428 00a0 FB020000 		.4byte	.LASF15
 429 00a4 02       		.byte	0x2
 430 00a5 9C       		.byte	0x9c
 431 00a6 63000000 		.4byte	0x63
 432 00aa 00       		.byte	0
 433 00ab 06       		.uleb128 0x6
 434 00ac 32010000 		.4byte	.LASF16
 435 00b0 02       		.byte	0x2
 436 00b1 9D       		.byte	0x9d
 437 00b2 63000000 		.4byte	0x63
 438 00b6 01       		.byte	0x1
 439 00b7 06       		.uleb128 0x6
 440 00b8 68010000 		.4byte	.LASF17
 441 00bc 02       		.byte	0x2
 442 00bd 9E       		.byte	0x9e
 443 00be 63000000 		.4byte	0x63
 444 00c2 02       		.byte	0x2
 445 00c3 06       		.uleb128 0x6
 446 00c4 4B010000 		.4byte	.LASF18
 447 00c8 02       		.byte	0x2
 448 00c9 9F       		.byte	0x9f
 449 00ca 63000000 		.4byte	0x63
 450 00ce 03       		.byte	0x3
 451 00cf 06       		.uleb128 0x6
 452 00d0 A9020000 		.4byte	.LASF19
 453 00d4 02       		.byte	0x2
 454 00d5 A0       		.byte	0xa0
 455 00d6 6F000000 		.4byte	0x6f
 456 00da 04       		.byte	0x4
ARM GAS  C:\Users\kopusov.FT\AppData\Local\Temp\ccPrc7Mj.s 			page 9


 457 00db 06       		.uleb128 0x6
 458 00dc A3020000 		.4byte	.LASF20
 459 00e0 02       		.byte	0x2
 460 00e1 A1       		.byte	0xa1
 461 00e2 63000000 		.4byte	0x63
 462 00e6 06       		.byte	0x6
 463 00e7 00       		.byte	0
 464 00e8 07       		.uleb128 0x7
 465 00e9 96000000 		.4byte	.LASF21
 466 00ed 02       		.byte	0x2
 467 00ee A2       		.byte	0xa2
 468 00ef 97000000 		.4byte	0x97
 469 00f3 05       		.uleb128 0x5
 470 00f4 08       		.byte	0x8
 471 00f5 02       		.byte	0x2
 472 00f6 B1       		.byte	0xb1
 473 00f7 12010000 		.4byte	0x112
 474 00fb 08       		.uleb128 0x8
 475 00fc 6300     		.ascii	"c\000"
 476 00fe 02       		.byte	0x2
 477 00ff B3       		.byte	0xb3
 478 0100 63000000 		.4byte	0x63
 479 0104 00       		.byte	0
 480 0105 06       		.uleb128 0x6
 481 0106 80020000 		.4byte	.LASF22
 482 010a 02       		.byte	0x2
 483 010b B4       		.byte	0xb4
 484 010c 12010000 		.4byte	0x112
 485 0110 04       		.byte	0x4
 486 0111 00       		.byte	0
 487 0112 09       		.uleb128 0x9
 488 0113 04       		.byte	0x4
 489 0114 18010000 		.4byte	0x118
 490 0118 0A       		.uleb128 0xa
 491 0119 07       		.uleb128 0x7
 492 011a 86000000 		.4byte	.LASF23
 493 011e 02       		.byte	0x2
 494 011f B5       		.byte	0xb5
 495 0120 F3000000 		.4byte	0xf3
 496 0124 0B       		.uleb128 0xb
 497 0125 63000000 		.4byte	0x63
 498 0129 34010000 		.4byte	0x134
 499 012d 0C       		.uleb128 0xc
 500 012e 90000000 		.4byte	0x90
 501 0132 11       		.byte	0x11
 502 0133 00       		.byte	0
 503 0134 0D       		.uleb128 0xd
 504 0135 DD020000 		.4byte	.LASF24
 505 0139 03       		.byte	0x3
 506 013a 24       		.byte	0x24
 507 013b 45010000 		.4byte	0x145
 508 013f 05       		.uleb128 0x5
 509 0140 03       		.byte	0x3
 510 0141 00000000 		.4byte	USBUART_1_DEVICE0_DESCR
 511 0145 0E       		.uleb128 0xe
 512 0146 24010000 		.4byte	0x124
 513 014a 0B       		.uleb128 0xb
ARM GAS  C:\Users\kopusov.FT\AppData\Local\Temp\ccPrc7Mj.s 			page 10


 514 014b 63000000 		.4byte	0x63
 515 014f 5A010000 		.4byte	0x15a
 516 0153 0C       		.uleb128 0xc
 517 0154 90000000 		.4byte	0x90
 518 0158 42       		.byte	0x42
 519 0159 00       		.byte	0
 520 015a 0D       		.uleb128 0xd
 521 015b 0B010000 		.4byte	.LASF25
 522 015f 03       		.byte	0x3
 523 0160 37       		.byte	0x37
 524 0161 6B010000 		.4byte	0x16b
 525 0165 05       		.uleb128 0x5
 526 0166 03       		.byte	0x3
 527 0167 00000000 		.4byte	USBUART_1_DEVICE0_CONFIGURATION0_DESCR
 528 016b 0E       		.uleb128 0xe
 529 016c 4A010000 		.4byte	0x14a
 530 0170 0B       		.uleb128 0xb
 531 0171 E8000000 		.4byte	0xe8
 532 0175 80010000 		.4byte	0x180
 533 0179 0C       		.uleb128 0xc
 534 017a 90000000 		.4byte	0x90
 535 017e 02       		.byte	0x2
 536 017f 00       		.byte	0
 537 0180 0D       		.uleb128 0xd
 538 0181 05030000 		.4byte	.LASF26
 539 0185 03       		.byte	0x3
 540 0186 D5       		.byte	0xd5
 541 0187 91010000 		.4byte	0x191
 542 018b 05       		.uleb128 0x5
 543 018c 03       		.byte	0x3
 544 018d 00000000 		.4byte	USBUART_1_DEVICE0_CONFIGURATION0_EP_SETTINGS_TABLE
 545 0191 0E       		.uleb128 0xe
 546 0192 70010000 		.4byte	0x170
 547 0196 0B       		.uleb128 0xb
 548 0197 63000000 		.4byte	0x63
 549 019b A6010000 		.4byte	0x1a6
 550 019f 0C       		.uleb128 0xc
 551 01a0 90000000 		.4byte	0x90
 552 01a4 01       		.byte	0x1
 553 01a5 00       		.byte	0
 554 01a6 0D       		.uleb128 0xd
 555 01a7 6D010000 		.4byte	.LASF27
 556 01ab 03       		.byte	0x3
 557 01ac DB       		.byte	0xdb
 558 01ad B7010000 		.4byte	0x1b7
 559 01b1 05       		.uleb128 0x5
 560 01b2 03       		.byte	0x3
 561 01b3 00000000 		.4byte	USBUART_1_DEVICE0_CONFIGURATION0_INTERFACE_CLASS
 562 01b7 0E       		.uleb128 0xe
 563 01b8 96010000 		.4byte	0x196
 564 01bc 0B       		.uleb128 0xb
 565 01bd 19010000 		.4byte	0x119
 566 01c1 CC010000 		.4byte	0x1cc
 567 01c5 0C       		.uleb128 0xc
 568 01c6 90000000 		.4byte	0x90
 569 01ca 04       		.byte	0x4
 570 01cb 00       		.byte	0
ARM GAS  C:\Users\kopusov.FT\AppData\Local\Temp\ccPrc7Mj.s 			page 11


 571 01cc 0D       		.uleb128 0xd
 572 01cd 4C000000 		.4byte	.LASF28
 573 01d1 03       		.byte	0x3
 574 01d2 E3       		.byte	0xe3
 575 01d3 DD010000 		.4byte	0x1dd
 576 01d7 05       		.uleb128 0x5
 577 01d8 03       		.byte	0x3
 578 01d9 00000000 		.4byte	USBUART_1_DEVICE0_CONFIGURATION0_TABLE
 579 01dd 0E       		.uleb128 0xe
 580 01de BC010000 		.4byte	0x1bc
 581 01e2 0B       		.uleb128 0xb
 582 01e3 19010000 		.4byte	0x119
 583 01e7 F2010000 		.4byte	0x1f2
 584 01eb 0C       		.uleb128 0xc
 585 01ec 90000000 		.4byte	0x90
 586 01f0 02       		.byte	0x2
 587 01f1 00       		.byte	0
 588 01f2 0D       		.uleb128 0xd
 589 01f3 68020000 		.4byte	.LASF29
 590 01f7 03       		.byte	0x3
 591 01f8 EE       		.byte	0xee
 592 01f9 03020000 		.4byte	0x203
 593 01fd 05       		.uleb128 0x5
 594 01fe 03       		.byte	0x3
 595 01ff 00000000 		.4byte	USBUART_1_DEVICE0_TABLE
 596 0203 0E       		.uleb128 0xe
 597 0204 E2010000 		.4byte	0x1e2
 598 0208 0B       		.uleb128 0xb
 599 0209 19010000 		.4byte	0x119
 600 020d 18020000 		.4byte	0x218
 601 0211 0C       		.uleb128 0xc
 602 0212 90000000 		.4byte	0x90
 603 0216 00       		.byte	0
 604 0217 00       		.byte	0
 605 0218 0D       		.uleb128 0xd
 606 0219 3C000000 		.4byte	.LASF30
 607 021d 03       		.byte	0x3
 608 021e F6       		.byte	0xf6
 609 021f 29020000 		.4byte	0x229
 610 0223 05       		.uleb128 0x5
 611 0224 03       		.byte	0x3
 612 0225 00000000 		.4byte	USBUART_1_TABLE
 613 0229 0E       		.uleb128 0xe
 614 022a 08020000 		.4byte	0x208
 615 022e 0D       		.uleb128 0xd
 616 022f 00000000 		.4byte	.LASF31
 617 0233 03       		.byte	0x3
 618 0234 C6       		.byte	0xc6
 619 0235 3F020000 		.4byte	0x23f
 620 0239 05       		.uleb128 0x5
 621 023a 03       		.byte	0x3
 622 023b 00000000 		.4byte	USBUART_1_SN_STRING_DESCRIPTOR
 623 023f 0E       		.uleb128 0xe
 624 0240 96010000 		.4byte	0x196
 625 0244 0B       		.uleb128 0xb
 626 0245 63000000 		.4byte	0x63
 627 0249 54020000 		.4byte	0x254
ARM GAS  C:\Users\kopusov.FT\AppData\Local\Temp\ccPrc7Mj.s 			page 12


 628 024d 0C       		.uleb128 0xc
 629 024e 90000000 		.4byte	0x90
 630 0252 8C       		.byte	0x8c
 631 0253 00       		.byte	0
 632 0254 0D       		.uleb128 0xd
 633 0255 1F000000 		.4byte	.LASF32
 634 0259 03       		.byte	0x3
 635 025a 96       		.byte	0x96
 636 025b 65020000 		.4byte	0x265
 637 025f 05       		.uleb128 0x5
 638 0260 03       		.byte	0x3
 639 0261 00000000 		.4byte	USBUART_1_STRING_DESCRIPTORS
 640 0265 0E       		.uleb128 0xe
 641 0266 44020000 		.4byte	0x244
 642 026a 0B       		.uleb128 0xb
 643 026b 63000000 		.4byte	0x63
 644 026f 7A020000 		.4byte	0x27a
 645 0273 0C       		.uleb128 0xc
 646 0274 90000000 		.4byte	0x90
 647 0278 21       		.byte	0x21
 648 0279 00       		.byte	0
 649 027a 0F       		.uleb128 0xf
 650 027b B4020000 		.4byte	.LASF33
 651 027f 03       		.byte	0x3
 652 0280 2401     		.2byte	0x124
 653 0282 6A020000 		.4byte	0x26a
 654 0286 05       		.uleb128 0x5
 655 0287 03       		.byte	0x3
 656 0288 00000000 		.4byte	USBUART_1_idSerialNumberStringDescriptor
 657 028c 00       		.byte	0
 658              		.section	.debug_abbrev,"",%progbits
 659              	.Ldebug_abbrev0:
 660 0000 01       		.uleb128 0x1
 661 0001 11       		.uleb128 0x11
 662 0002 01       		.byte	0x1
 663 0003 25       		.uleb128 0x25
 664 0004 0E       		.uleb128 0xe
 665 0005 13       		.uleb128 0x13
 666 0006 0B       		.uleb128 0xb
 667 0007 03       		.uleb128 0x3
 668 0008 0E       		.uleb128 0xe
 669 0009 1B       		.uleb128 0x1b
 670 000a 0E       		.uleb128 0xe
 671 000b 10       		.uleb128 0x10
 672 000c 17       		.uleb128 0x17
 673 000d 00       		.byte	0
 674 000e 00       		.byte	0
 675 000f 02       		.uleb128 0x2
 676 0010 24       		.uleb128 0x24
 677 0011 00       		.byte	0
 678 0012 0B       		.uleb128 0xb
 679 0013 0B       		.uleb128 0xb
 680 0014 3E       		.uleb128 0x3e
 681 0015 0B       		.uleb128 0xb
 682 0016 03       		.uleb128 0x3
 683 0017 0E       		.uleb128 0xe
 684 0018 00       		.byte	0
ARM GAS  C:\Users\kopusov.FT\AppData\Local\Temp\ccPrc7Mj.s 			page 13


 685 0019 00       		.byte	0
 686 001a 03       		.uleb128 0x3
 687 001b 24       		.uleb128 0x24
 688 001c 00       		.byte	0
 689 001d 0B       		.uleb128 0xb
 690 001e 0B       		.uleb128 0xb
 691 001f 3E       		.uleb128 0x3e
 692 0020 0B       		.uleb128 0xb
 693 0021 03       		.uleb128 0x3
 694 0022 08       		.uleb128 0x8
 695 0023 00       		.byte	0
 696 0024 00       		.byte	0
 697 0025 04       		.uleb128 0x4
 698 0026 16       		.uleb128 0x16
 699 0027 00       		.byte	0
 700 0028 03       		.uleb128 0x3
 701 0029 0E       		.uleb128 0xe
 702 002a 3A       		.uleb128 0x3a
 703 002b 0B       		.uleb128 0xb
 704 002c 3B       		.uleb128 0x3b
 705 002d 05       		.uleb128 0x5
 706 002e 49       		.uleb128 0x49
 707 002f 13       		.uleb128 0x13
 708 0030 00       		.byte	0
 709 0031 00       		.byte	0
 710 0032 05       		.uleb128 0x5
 711 0033 13       		.uleb128 0x13
 712 0034 01       		.byte	0x1
 713 0035 0B       		.uleb128 0xb
 714 0036 0B       		.uleb128 0xb
 715 0037 3A       		.uleb128 0x3a
 716 0038 0B       		.uleb128 0xb
 717 0039 3B       		.uleb128 0x3b
 718 003a 0B       		.uleb128 0xb
 719 003b 01       		.uleb128 0x1
 720 003c 13       		.uleb128 0x13
 721 003d 00       		.byte	0
 722 003e 00       		.byte	0
 723 003f 06       		.uleb128 0x6
 724 0040 0D       		.uleb128 0xd
 725 0041 00       		.byte	0
 726 0042 03       		.uleb128 0x3
 727 0043 0E       		.uleb128 0xe
 728 0044 3A       		.uleb128 0x3a
 729 0045 0B       		.uleb128 0xb
 730 0046 3B       		.uleb128 0x3b
 731 0047 0B       		.uleb128 0xb
 732 0048 49       		.uleb128 0x49
 733 0049 13       		.uleb128 0x13
 734 004a 38       		.uleb128 0x38
 735 004b 0B       		.uleb128 0xb
 736 004c 00       		.byte	0
 737 004d 00       		.byte	0
 738 004e 07       		.uleb128 0x7
 739 004f 16       		.uleb128 0x16
 740 0050 00       		.byte	0
 741 0051 03       		.uleb128 0x3
ARM GAS  C:\Users\kopusov.FT\AppData\Local\Temp\ccPrc7Mj.s 			page 14


 742 0052 0E       		.uleb128 0xe
 743 0053 3A       		.uleb128 0x3a
 744 0054 0B       		.uleb128 0xb
 745 0055 3B       		.uleb128 0x3b
 746 0056 0B       		.uleb128 0xb
 747 0057 49       		.uleb128 0x49
 748 0058 13       		.uleb128 0x13
 749 0059 00       		.byte	0
 750 005a 00       		.byte	0
 751 005b 08       		.uleb128 0x8
 752 005c 0D       		.uleb128 0xd
 753 005d 00       		.byte	0
 754 005e 03       		.uleb128 0x3
 755 005f 08       		.uleb128 0x8
 756 0060 3A       		.uleb128 0x3a
 757 0061 0B       		.uleb128 0xb
 758 0062 3B       		.uleb128 0x3b
 759 0063 0B       		.uleb128 0xb
 760 0064 49       		.uleb128 0x49
 761 0065 13       		.uleb128 0x13
 762 0066 38       		.uleb128 0x38
 763 0067 0B       		.uleb128 0xb
 764 0068 00       		.byte	0
 765 0069 00       		.byte	0
 766 006a 09       		.uleb128 0x9
 767 006b 0F       		.uleb128 0xf
 768 006c 00       		.byte	0
 769 006d 0B       		.uleb128 0xb
 770 006e 0B       		.uleb128 0xb
 771 006f 49       		.uleb128 0x49
 772 0070 13       		.uleb128 0x13
 773 0071 00       		.byte	0
 774 0072 00       		.byte	0
 775 0073 0A       		.uleb128 0xa
 776 0074 26       		.uleb128 0x26
 777 0075 00       		.byte	0
 778 0076 00       		.byte	0
 779 0077 00       		.byte	0
 780 0078 0B       		.uleb128 0xb
 781 0079 01       		.uleb128 0x1
 782 007a 01       		.byte	0x1
 783 007b 49       		.uleb128 0x49
 784 007c 13       		.uleb128 0x13
 785 007d 01       		.uleb128 0x1
 786 007e 13       		.uleb128 0x13
 787 007f 00       		.byte	0
 788 0080 00       		.byte	0
 789 0081 0C       		.uleb128 0xc
 790 0082 21       		.uleb128 0x21
 791 0083 00       		.byte	0
 792 0084 49       		.uleb128 0x49
 793 0085 13       		.uleb128 0x13
 794 0086 2F       		.uleb128 0x2f
 795 0087 0B       		.uleb128 0xb
 796 0088 00       		.byte	0
 797 0089 00       		.byte	0
 798 008a 0D       		.uleb128 0xd
ARM GAS  C:\Users\kopusov.FT\AppData\Local\Temp\ccPrc7Mj.s 			page 15


 799 008b 34       		.uleb128 0x34
 800 008c 00       		.byte	0
 801 008d 03       		.uleb128 0x3
 802 008e 0E       		.uleb128 0xe
 803 008f 3A       		.uleb128 0x3a
 804 0090 0B       		.uleb128 0xb
 805 0091 3B       		.uleb128 0x3b
 806 0092 0B       		.uleb128 0xb
 807 0093 49       		.uleb128 0x49
 808 0094 13       		.uleb128 0x13
 809 0095 3F       		.uleb128 0x3f
 810 0096 19       		.uleb128 0x19
 811 0097 02       		.uleb128 0x2
 812 0098 18       		.uleb128 0x18
 813 0099 00       		.byte	0
 814 009a 00       		.byte	0
 815 009b 0E       		.uleb128 0xe
 816 009c 26       		.uleb128 0x26
 817 009d 00       		.byte	0
 818 009e 49       		.uleb128 0x49
 819 009f 13       		.uleb128 0x13
 820 00a0 00       		.byte	0
 821 00a1 00       		.byte	0
 822 00a2 0F       		.uleb128 0xf
 823 00a3 34       		.uleb128 0x34
 824 00a4 00       		.byte	0
 825 00a5 03       		.uleb128 0x3
 826 00a6 0E       		.uleb128 0xe
 827 00a7 3A       		.uleb128 0x3a
 828 00a8 0B       		.uleb128 0xb
 829 00a9 3B       		.uleb128 0x3b
 830 00aa 05       		.uleb128 0x5
 831 00ab 49       		.uleb128 0x49
 832 00ac 13       		.uleb128 0x13
 833 00ad 3F       		.uleb128 0x3f
 834 00ae 19       		.uleb128 0x19
 835 00af 02       		.uleb128 0x2
 836 00b0 18       		.uleb128 0x18
 837 00b1 00       		.byte	0
 838 00b2 00       		.byte	0
 839 00b3 00       		.byte	0
 840              		.section	.debug_aranges,"",%progbits
 841 0000 14000000 		.4byte	0x14
 842 0004 0200     		.2byte	0x2
 843 0006 00000000 		.4byte	.Ldebug_info0
 844 000a 04       		.byte	0x4
 845 000b 00       		.byte	0
 846 000c 0000     		.2byte	0
 847 000e 0000     		.2byte	0
 848 0010 00000000 		.4byte	0
 849 0014 00000000 		.4byte	0
 850              		.section	.debug_line,"",%progbits
 851              	.Ldebug_line0:
 852 0000 61000000 		.section	.debug_str,"MS",%progbits,1
 852      02005B00 
 852      00000201 
 852      FB0E0D00 
ARM GAS  C:\Users\kopusov.FT\AppData\Local\Temp\ccPrc7Mj.s 			page 16


 852      01010101 
 853              	.LASF31:
 854 0000 55534255 		.ascii	"USBUART_1_SN_STRING_DESCRIPTOR\000"
 854      4152545F 
 854      315F534E 
 854      5F535452 
 854      494E475F 
 855              	.LASF32:
 856 001f 55534255 		.ascii	"USBUART_1_STRING_DESCRIPTORS\000"
 856      4152545F 
 856      315F5354 
 856      52494E47 
 856      5F444553 
 857              	.LASF30:
 858 003c 55534255 		.ascii	"USBUART_1_TABLE\000"
 858      4152545F 
 858      315F5441 
 858      424C4500 
 859              	.LASF28:
 860 004c 55534255 		.ascii	"USBUART_1_DEVICE0_CONFIGURATION0_TABLE\000"
 860      4152545F 
 860      315F4445 
 860      56494345 
 860      305F434F 
 861              	.LASF3:
 862 0073 73686F72 		.ascii	"short unsigned int\000"
 862      7420756E 
 862      7369676E 
 862      65642069 
 862      6E7400
 863              	.LASF23:
 864 0086 545F5553 		.ascii	"T_USBUART_1_LUT\000"
 864      42554152 
 864      545F315F 
 864      4C555400 
 865              	.LASF21:
 866 0096 545F5553 		.ascii	"T_USBUART_1_EP_SETTINGS_BLOCK\000"
 866      42554152 
 866      545F315F 
 866      45505F53 
 866      45545449 
 867              	.LASF36:
 868 00b4 443A5C50 		.ascii	"D:\\PROJECT\\pgm\\Adaptor_CFP_CFP2_Cypress\\cfp_rea"
 868      524F4A45 
 868      43545C70 
 868      676D5C41 
 868      64617074 
 869 00e3 6465725C 		.ascii	"der\\W_cfp_reader\\cfp_reader.cydsn\000"
 869      575F6366 
 869      705F7265 
 869      61646572 
 869      5C636670 
 870              	.LASF11:
 871 0105 666C6F61 		.ascii	"float\000"
 871      7400
 872              	.LASF25:
 873 010b 55534255 		.ascii	"USBUART_1_DEVICE0_CONFIGURATION0_DESCR\000"
ARM GAS  C:\Users\kopusov.FT\AppData\Local\Temp\ccPrc7Mj.s 			page 17


 873      4152545F 
 873      315F4445 
 873      56494345 
 873      305F434F 
 874              	.LASF16:
 875 0132 616C7453 		.ascii	"altSetting\000"
 875      65747469 
 875      6E6700
 876              	.LASF1:
 877 013d 756E7369 		.ascii	"unsigned char\000"
 877      676E6564 
 877      20636861 
 877      7200
 878              	.LASF18:
 879 014b 61747472 		.ascii	"attributes\000"
 879      69627574 
 879      657300
 880              	.LASF5:
 881 0156 6C6F6E67 		.ascii	"long unsigned int\000"
 881      20756E73 
 881      69676E65 
 881      6420696E 
 881      7400
 882              	.LASF17:
 883 0168 61646472 		.ascii	"addr\000"
 883      00
 884              	.LASF27:
 885 016d 55534255 		.ascii	"USBUART_1_DEVICE0_CONFIGURATION0_INTERFACE_CLASS\000"
 885      4152545F 
 885      315F4445 
 885      56494345 
 885      305F434F 
 886              	.LASF12:
 887 019e 646F7562 		.ascii	"double\000"
 887      6C6500
 888              	.LASF2:
 889 01a5 73686F72 		.ascii	"short int\000"
 889      7420696E 
 889      7400
 890              	.LASF10:
 891 01af 75696E74 		.ascii	"uint16\000"
 891      313600
 892              	.LASF34:
 893 01b6 474E5520 		.ascii	"GNU C 4.9.3 20150303 (release) [ARM/embedded-4_9-br"
 893      4320342E 
 893      392E3320 
 893      32303135 
 893      30333033 
 894 01e9 616E6368 		.ascii	"anch revision 221220] -mcpu=cortex-m3 -mthumb -g -O"
 894      20726576 
 894      6973696F 
 894      6E203232 
 894      31323230 
 895 021c 67202D66 		.ascii	"g -ffunction-sections -ffat-lto-objects\000"
 895      66756E63 
 895      74696F6E 
 895      2D736563 
ARM GAS  C:\Users\kopusov.FT\AppData\Local\Temp\ccPrc7Mj.s 			page 18


 895      74696F6E 
 896              	.LASF8:
 897 0244 756E7369 		.ascii	"unsigned int\000"
 897      676E6564 
 897      20696E74 
 897      00
 898              	.LASF7:
 899 0251 6C6F6E67 		.ascii	"long long unsigned int\000"
 899      206C6F6E 
 899      6720756E 
 899      7369676E 
 899      65642069 
 900              	.LASF29:
 901 0268 55534255 		.ascii	"USBUART_1_DEVICE0_TABLE\000"
 901      4152545F 
 901      315F4445 
 901      56494345 
 901      305F5441 
 902              	.LASF22:
 903 0280 705F6C69 		.ascii	"p_list\000"
 903      737400
 904              	.LASF14:
 905 0287 73697A65 		.ascii	"sizetype\000"
 905      74797065 
 905      00
 906              	.LASF6:
 907 0290 6C6F6E67 		.ascii	"long long int\000"
 907      206C6F6E 
 907      6720696E 
 907      7400
 908              	.LASF13:
 909 029e 63686172 		.ascii	"char\000"
 909      00
 910              	.LASF20:
 911 02a3 624D6973 		.ascii	"bMisc\000"
 911      6300
 912              	.LASF19:
 913 02a9 62756666 		.ascii	"bufferSize\000"
 913      65725369 
 913      7A6500
 914              	.LASF33:
 915 02b4 55534255 		.ascii	"USBUART_1_idSerialNumberStringDescriptor\000"
 915      4152545F 
 915      315F6964 
 915      53657269 
 915      616C4E75 
 916              	.LASF24:
 917 02dd 55534255 		.ascii	"USBUART_1_DEVICE0_DESCR\000"
 917      4152545F 
 917      315F4445 
 917      56494345 
 917      305F4445 
 918              	.LASF9:
 919 02f5 75696E74 		.ascii	"uint8\000"
 919      3800
 920              	.LASF15:
 921 02fb 696E7465 		.ascii	"interface\000"
ARM GAS  C:\Users\kopusov.FT\AppData\Local\Temp\ccPrc7Mj.s 			page 19


 921      72666163 
 921      6500
 922              	.LASF26:
 923 0305 55534255 		.ascii	"USBUART_1_DEVICE0_CONFIGURATION0_EP_SETTINGS_TABLE\000"
 923      4152545F 
 923      315F4445 
 923      56494345 
 923      305F434F 
 924              	.LASF4:
 925 0338 6C6F6E67 		.ascii	"long int\000"
 925      20696E74 
 925      00
 926              	.LASF0:
 927 0341 7369676E 		.ascii	"signed char\000"
 927      65642063 
 927      68617200 
 928              	.LASF35:
 929 034d 47656E65 		.ascii	"Generated_Source\\PSoC5\\USBUART_1_descr.c\000"
 929      72617465 
 929      645F536F 
 929      75726365 
 929      5C50536F 
 930              		.ident	"GCC: (GNU Tools for ARM Embedded Processors) 4.9.3 20150303 (release) [ARM/embedded-4_9-br
